<?xml version="1.0" encoding="UTF-8"?>
<coverage generated="1653074292042" clover="3.2.0">
  <project timestamp="1653074292042" name="All files">
    <metrics statements="840" coveredstatements="757" conditionals="361" coveredconditionals="311" methods="150" coveredmethods="120" elements="1351" coveredelements="1188" complexity="0" loc="840" ncloc="840" packages="19" files="41" classes="41"/>
    <package name="src.api">
      <metrics statements="2" coveredstatements="2" conditionals="0" coveredconditionals="0" methods="0" coveredmethods="0"/>
      <file name="index.ts" path="/Users/christopherstokes/Documents/Code/symbl-web-sdk/src/api/index.ts">
        <metrics statements="2" coveredstatements="2" conditionals="0" coveredconditionals="0" methods="0" coveredmethods="0"/>
        <line num="1" count="39" type="stmt"/>
        <line num="2" count="39" type="stmt"/>
      </file>
    </package>
    <package name="src.api.streaming">
      <metrics statements="224" coveredstatements="220" conditionals="140" coveredconditionals="135" methods="27" coveredmethods="26"/>
      <file name="StreamingAPIConnection.ts" path="/Users/christopherstokes/Documents/Code/symbl-web-sdk/src/api/streaming/StreamingAPIConnection.ts">
        <metrics statements="223" coveredstatements="219" conditionals="140" coveredconditionals="135" methods="27" coveredmethods="26"/>
        <line num="1" count="39" type="stmt"/>
        <line num="2" count="39" type="stmt"/>
        <line num="12" count="39" type="stmt"/>
        <line num="18" count="39" type="stmt"/>
        <line num="19" count="39" type="stmt"/>
        <line num="20" count="39" type="stmt"/>
        <line num="28" count="39" type="stmt"/>
        <line num="30" count="22" type="cond" truecount="1" falsecount="0"/>
        <line num="32" count="1" type="stmt"/>
        <line num="36" count="21" type="stmt"/>
        <line num="38" count="43" type="cond" truecount="1" falsecount="0"/>
        <line num="40" count="1" type="stmt"/>
        <line num="46" count="20" type="stmt"/>
        <line num="55" count="39" type="stmt"/>
        <line num="57" count="35" type="cond" truecount="3" falsecount="0"/>
        <line num="59" count="1" type="stmt"/>
        <line num="63" count="34" type="stmt"/>
        <line num="72" count="39" type="stmt"/>
        <line num="74" count="24" type="stmt"/>
        <line num="77" count="24" type="cond" truecount="3" falsecount="0"/>
        <line num="79" count="1" type="stmt"/>
        <line num="83" count="23" type="stmt"/>
        <line num="92" count="39" type="stmt"/>
        <line num="94" count="25" type="stmt"/>
        <line num="97" count="25" type="cond" truecount="3" falsecount="0"/>
        <line num="99" count="1" type="stmt"/>
        <line num="103" count="24" type="stmt"/>
        <line num="112" count="39" type="stmt"/>
        <line num="114" count="23" type="stmt"/>
        <line num="116" count="23" type="cond" truecount="3" falsecount="0"/>
        <line num="118" count="1" type="stmt"/>
        <line num="122" count="22" type="cond" truecount="1" falsecount="0"/>
        <line num="124" count="21" type="cond" truecount="1" falsecount="0"/>
        <line num="126" count="1" type="stmt"/>
        <line num="129" count="20" type="cond" truecount="1" falsecount="0"/>
        <line num="131" count="1" type="stmt"/>
        <line num="136" count="20" type="cond" truecount="1" falsecount="0"/>
        <line num="138" count="14" type="cond" truecount="7" falsecount="1"/>
        <line num="140" count="1" type="stmt"/>
        <line num="143" count="13" type="cond" truecount="7" falsecount="0"/>
        <line num="145" count="1" type="stmt"/>
        <line num="151" count="18" type="stmt"/>
        <line num="160" count="39" type="stmt"/>
        <line num="166" count="22" type="stmt"/>
        <line num="168" count="22" type="cond" truecount="3" falsecount="0"/>
        <line num="170" count="1" type="stmt"/>
        <line num="174" count="21" type="cond" truecount="3" falsecount="0"/>
        <line num="176" count="6" type="cond" truecount="4" falsecount="0"/>
        <line num="179" count="2" type="stmt"/>
        <line num="185" count="19" type="cond" truecount="1" falsecount="0"/>
        <line num="187" count="4" type="cond" truecount="4" falsecount="0"/>
        <line num="190" count="2" type="stmt"/>
        <line num="196" count="17" type="stmt"/>
        <line num="205" count="39" type="stmt"/>
        <line num="207" count="25" type="stmt"/>
        <line num="209" count="24" type="stmt"/>
        <line num="211" count="23" type="stmt"/>
        <line num="212" count="18" type="stmt"/>
        <line num="221" count="39" type="stmt"/>
        <line num="223" count="14" type="stmt"/>
        <line num="224" count="14" type="cond" truecount="3" falsecount="0"/>
        <line num="226" count="1" type="stmt"/>
        <line num="229" count="13" type="cond" truecount="3" falsecount="0"/>
        <line num="231" count="1" type="stmt"/>
        <line num="235" count="12" type="stmt"/>
        <line num="248" count="39" type="stmt"/>
        <line num="263" count="30" type="stmt"/>
        <line num="268" count="30" type="stmt"/>
        <line num="273" count="30" type="stmt"/>
        <line num="278" count="30" type="stmt"/>
        <line num="283" count="30" type="stmt"/>
        <line num="298" count="30" type="stmt"/>
        <line num="307" count="30" type="stmt"/>
        <line num="308" count="30" type="stmt"/>
        <line num="314" count="30" type="stmt"/>
        <line num="316" count="30" type="stmt"/>
        <line num="317" count="30" type="stmt"/>
        <line num="318" count="30" type="stmt"/>
        <line num="319" count="30" type="stmt"/>
        <line num="320" count="30" type="stmt"/>
        <line num="321" count="30" type="stmt"/>
        <line num="341" count="35" type="cond" truecount="0" falsecount="1"/>
        <line num="349" count="0" type="stmt"/>
        <line num="359" count="35" type="stmt"/>
        <line num="361" count="35" type="stmt"/>
        <line num="363" count="34" type="cond" truecount="1" falsecount="0"/>
        <line num="365" count="22" type="stmt"/>
        <line num="369" count="32" type="cond" truecount="1" falsecount="0"/>
        <line num="371" count="25" type="stmt"/>
        <line num="375" count="25" type="cond" truecount="1" falsecount="0"/>
        <line num="377" count="14" type="stmt"/>
        <line num="381" count="23" type="cond" truecount="3" falsecount="0"/>
        <line num="383" count="1" type="stmt"/>
        <line num="387" count="22" type="stmt"/>
        <line num="389" count="17" type="stmt"/>
        <line num="400" count="3" type="cond" truecount="2" falsecount="0"/>
        <line num="402" count="1" type="stmt"/>
        <line num="406" count="2" type="stmt"/>
        <line num="409" count="2" type="stmt"/>
        <line num="410" count="2" type="stmt"/>
        <line num="411" count="2" type="stmt"/>
        <line num="412" count="2" type="stmt"/>
        <line num="413" count="2" type="stmt"/>
        <line num="414" count="1" type="stmt"/>
        <line num="416" count="1" type="stmt"/>
        <line num="418" count="1" type="stmt"/>
        <line num="419" count="1" type="stmt"/>
        <line num="422" count="0" type="stmt"/>
        <line num="431" count="1" type="stmt"/>
        <line num="432" count="1" type="stmt"/>
        <line num="452" count="4" type="cond" truecount="2" falsecount="0"/>
        <line num="454" count="1" type="stmt"/>
        <line num="457" count="3" type="cond" truecount="2" falsecount="0"/>
        <line num="459" count="1" type="stmt"/>
        <line num="463" count="2" type="stmt"/>
        <line num="466" count="2" type="stmt"/>
        <line num="467" count="2" type="stmt"/>
        <line num="469" count="1" type="stmt"/>
        <line num="471" count="1" type="stmt"/>
        <line num="472" count="1" type="stmt"/>
        <line num="477" count="1" type="stmt"/>
        <line num="478" count="1" type="stmt"/>
        <line num="479" count="1" type="stmt"/>
        <line num="495" count="13" type="cond" truecount="1" falsecount="0"/>
        <line num="497" count="1" type="stmt"/>
        <line num="502" count="12" type="cond" truecount="4" falsecount="0"/>
        <line num="505" count="3" type="stmt"/>
        <line num="511" count="9" type="cond" truecount="1" falsecount="0"/>
        <line num="513" count="1" type="stmt"/>
        <line num="517" count="9" type="stmt"/>
        <line num="522" count="9" type="stmt"/>
        <line num="525" count="8" type="cond" truecount="1" falsecount="0"/>
        <line num="527" count="5" type="stmt"/>
        <line num="531" count="8" type="cond" truecount="1" falsecount="0"/>
        <line num="533" count="7" type="cond" truecount="2" falsecount="0"/>
        <line num="539" count="8" type="stmt"/>
        <line num="544" count="9" type="stmt"/>
        <line num="545" count="9" type="cond" truecount="2" falsecount="0"/>
        <line num="547" count="7" type="stmt"/>
        <line num="549" count="7" type="cond" truecount="4" falsecount="0"/>
        <line num="553" count="1" type="stmt"/>
        <line num="557" count="6" type="stmt"/>
        <line num="564" count="2" type="cond" truecount="4" falsecount="0"/>
        <line num="566" count="1" type="stmt"/>
        <line num="567" count="1" type="stmt"/>
        <line num="571" count="1" type="stmt"/>
        <line num="575" count="2" type="stmt"/>
        <line num="577" count="2" type="cond" truecount="1" falsecount="0"/>
        <line num="579" count="2" type="stmt"/>
        <line num="585" count="8" type="stmt"/>
        <line num="587" count="8" type="cond" truecount="1" falsecount="0"/>
        <line num="590" count="8" type="cond" truecount="0" falsecount="1"/>
        <line num="592" count="0" type="stmt"/>
        <line num="593" count="0" type="stmt"/>
        <line num="597" count="8" type="stmt"/>
        <line num="604" count="8" type="stmt"/>
        <line num="606" count="8" type="cond" truecount="3" falsecount="0"/>
        <line num="608" count="8" type="stmt"/>
        <line num="612" count="8" type="stmt"/>
        <line num="614" count="8" type="stmt"/>
        <line num="617" count="7" type="stmt"/>
        <line num="618" count="7" type="stmt"/>
        <line num="619" count="7" type="stmt"/>
        <line num="620" count="7" type="stmt"/>
        <line num="621" count="7" type="stmt"/>
        <line num="623" count="5" type="stmt"/>
        <line num="625" count="5" type="stmt"/>
        <line num="630" count="8" type="stmt"/>
        <line num="641" count="14" type="cond" truecount="1" falsecount="0"/>
        <line num="643" count="1" type="stmt"/>
        <line num="648" count="13" type="cond" truecount="4" falsecount="0"/>
        <line num="651" count="2" type="stmt"/>
        <line num="657" count="11" type="stmt"/>
        <line num="659" count="11" type="cond" truecount="1" falsecount="0"/>
        <line num="661" count="9" type="cond" truecount="2" falsecount="0"/>
        <line num="663" count="1" type="stmt"/>
        <line num="665" count="8" type="cond" truecount="2" falsecount="0"/>
        <line num="667" count="6" type="stmt"/>
        <line num="671" count="2" type="stmt"/>
        <line num="677" count="11" type="stmt"/>
        <line num="680" count="9" type="stmt"/>
        <line num="683" count="9" type="stmt"/>
        <line num="686" count="9" type="cond" truecount="1" falsecount="0"/>
        <line num="688" count="1" type="stmt"/>
        <line num="689" count="1" type="stmt"/>
        <line num="690" count="1" type="stmt"/>
        <line num="698" count="11" type="stmt"/>
        <line num="708" count="6" type="cond" truecount="3" falsecount="0"/>
        <line num="710" count="1" type="stmt"/>
        <line num="714" count="5" type="cond" truecount="1" falsecount="0"/>
        <line num="716" count="1" type="stmt"/>
        <line num="720" count="4" type="stmt"/>
        <line num="722" count="4" type="cond" truecount="7" falsecount="1"/>
        <line num="724" count="1" type="stmt"/>
        <line num="727" count="3" type="cond" truecount="6" falsecount="1"/>
        <line num="729" count="1" type="stmt"/>
        <line num="733" count="2" type="cond" truecount="1" falsecount="0"/>
        <line num="735" count="1" type="stmt"/>
        <line num="739" count="1" type="stmt"/>
        <line num="746" count="1" type="stmt"/>
        <line num="761" count="3" type="cond" truecount="2" falsecount="0"/>
        <line num="763" count="2" type="cond" truecount="4" falsecount="0"/>
        <line num="765" count="1" type="stmt"/>
        <line num="766" count="1" type="stmt"/>
        <line num="767" count="1" type="stmt"/>
        <line num="769" count="1" type="cond" truecount="4" falsecount="0"/>
        <line num="771" count="1" type="stmt"/>
        <line num="772" count="1" type="stmt"/>
        <line num="778" count="1" type="stmt"/>
        <line num="790" count="9" type="stmt"/>
        <line num="800" count="6" type="stmt"/>
        <line num="810" count="3" type="stmt"/>
        <line num="820" count="1" type="stmt"/>
        <line num="831" count="1" type="stmt"/>
        <line num="840" count="13" type="cond" truecount="1" falsecount="0"/>
        <line num="842" count="12" type="stmt"/>
        <line num="854" count="11" type="stmt"/>
        <line num="874" count="11" type="stmt"/>
        <line num="879" count="11" type="stmt"/>
        <line num="890" count="3" type="cond" truecount="1" falsecount="0"/>
        <line num="893" count="3" type="stmt"/>
        <line num="897" count="3" type="stmt"/>
        <line num="907" count="1" type="stmt"/>
      </file>
      <file name="index.ts" path="/Users/christopherstokes/Documents/Code/symbl-web-sdk/src/api/streaming/index.ts">
        <metrics statements="1" coveredstatements="1" conditionals="0" coveredconditionals="0" methods="0" coveredmethods="0"/>
        <line num="1" count="39" type="stmt"/>
      </file>
    </package>
    <package name="src.api.subscribe">
      <metrics statements="35" coveredstatements="34" conditionals="6" coveredconditionals="6" methods="6" coveredmethods="5"/>
      <file name="SubscribeAPIConnection.ts" path="/Users/christopherstokes/Documents/Code/symbl-web-sdk/src/api/subscribe/SubscribeAPIConnection.ts">
        <metrics statements="34" coveredstatements="33" conditionals="6" coveredconditionals="6" methods="6" coveredmethods="5"/>
        <line num="1" count="39" type="stmt"/>
        <line num="7" count="39" type="stmt"/>
        <line num="8" count="39" type="stmt"/>
        <line num="10" count="39" type="stmt"/>
        <line num="27" count="5" type="stmt"/>
        <line num="32" count="5" type="stmt"/>
        <line num="37" count="5" type="stmt"/>
        <line num="41" count="5" type="stmt"/>
        <line num="44" count="5" type="stmt"/>
        <line num="54" count="3" type="cond" truecount="2" falsecount="0"/>
        <line num="56" count="1" type="stmt"/>
        <line num="62" count="2" type="stmt"/>
        <line num="64" count="2" type="stmt"/>
        <line num="65" count="2" type="stmt"/>
        <line num="66" count="1" type="stmt"/>
        <line num="71" count="1" type="stmt"/>
        <line num="76" count="1" type="stmt"/>
        <line num="79" count="1" type="stmt"/>
        <line num="80" count="1" type="stmt"/>
        <line num="83" count="0" type="stmt"/>
        <line num="92" count="1" type="stmt"/>
        <line num="93" count="1" type="stmt"/>
        <line num="94" count="1" type="stmt"/>
        <line num="114" count="5" type="cond" truecount="2" falsecount="0"/>
        <line num="116" count="1" type="stmt"/>
        <line num="120" count="4" type="cond" truecount="2" falsecount="0"/>
        <line num="122" count="1" type="stmt"/>
        <line num="128" count="3" type="stmt"/>
        <line num="129" count="3" type="stmt"/>
        <line num="132" count="2" type="stmt"/>
        <line num="136" count="2" type="stmt"/>
        <line num="137" count="2" type="stmt"/>
        <line num="149" count="1" type="stmt"/>
        <line num="160" count="3" type="stmt"/>
      </file>
      <file name="index.ts" path="/Users/christopherstokes/Documents/Code/symbl-web-sdk/src/api/subscribe/index.ts">
        <metrics statements="1" coveredstatements="1" conditionals="0" coveredconditionals="0" methods="0" coveredmethods="0"/>
        <line num="1" count="39" type="stmt"/>
      </file>
    </package>
    <package name="src.audio">
      <metrics statements="1" coveredstatements="1" conditionals="0" coveredconditionals="0" methods="0" coveredmethods="0"/>
      <file name="index.ts" path="/Users/christopherstokes/Documents/Code/symbl-web-sdk/src/audio/index.ts">
        <metrics statements="1" coveredstatements="1" conditionals="0" coveredconditionals="0" methods="0" coveredmethods="0"/>
        <line num="1" count="41" type="stmt"/>
      </file>
    </package>
    <package name="src.audio.stream">
      <metrics statements="282" coveredstatements="208" conditionals="113" coveredconditionals="75" methods="65" coveredmethods="40"/>
      <file name="AudioStream.ts" path="/Users/christopherstokes/Documents/Code/symbl-web-sdk/src/audio/stream/AudioStream.ts">
        <metrics statements="147" coveredstatements="123" conditionals="90" coveredconditionals="56" methods="31" coveredmethods="22"/>
        <line num="1" count="48" type="stmt"/>
        <line num="2" count="48" type="stmt"/>
        <line num="3" count="48" type="stmt"/>
        <line num="6" count="48" type="cond" truecount="1" falsecount="1"/>
        <line num="7" count="48" type="stmt"/>
        <line num="12" count="70" type="stmt"/>
        <line num="49" count="70" type="stmt"/>
        <line num="54" count="70" type="stmt"/>
        <line num="67" count="70" type="stmt"/>
        <line num="68" count="70" type="cond" truecount="1" falsecount="0"/>
        <line num="70" count="24" type="stmt"/>
        <line num="71" count="24" type="cond" truecount="11" falsecount="0"/>
        <line num="73" count="13" type="stmt"/>
        <line num="76" count="24" type="stmt"/>
        <line num="80" count="70" type="stmt"/>
        <line num="81" count="70" type="stmt"/>
        <line num="82" count="70" type="stmt"/>
        <line num="83" count="70" type="stmt"/>
        <line num="84" count="70" type="stmt"/>
        <line num="85" count="70" type="stmt"/>
        <line num="86" count="70" type="stmt"/>
        <line num="87" count="70" type="stmt"/>
        <line num="88" count="70" type="stmt"/>
        <line num="89" count="70" type="stmt"/>
        <line num="103" count="13" type="cond" truecount="2" falsecount="0"/>
        <line num="105" count="9" type="stmt"/>
        <line num="106" count="9" type="stmt"/>
        <line num="109" count="9" type="stmt"/>
        <line num="113" count="4" type="stmt"/>
        <line num="116" count="13" type="stmt"/>
        <line num="127" count="18" type="cond" truecount="1" falsecount="0"/>
        <line num="129" count="2" type="stmt"/>
        <line num="133" count="16" type="stmt"/>
        <line num="139" count="16" type="stmt"/>
        <line num="140" count="16" type="stmt"/>
        <line num="141" count="16" type="cond" truecount="1" falsecount="0"/>
        <line num="143" count="1" type="stmt"/>
        <line num="147" count="15" type="stmt"/>
        <line num="150" count="15" type="cond" truecount="1" falsecount="0"/>
        <line num="153" count="1" type="stmt"/>
        <line num="155" count="1" type="stmt"/>
        <line num="164" count="15" type="stmt"/>
        <line num="174" count="9" type="stmt"/>
        <line num="183" count="13" type="cond" truecount="4" falsecount="0"/>
        <line num="185" count="1" type="stmt"/>
        <line num="189" count="12" type="stmt"/>
        <line num="200" count="22" type="cond" truecount="3" falsecount="0"/>
        <line num="202" count="3" type="stmt"/>
        <line num="210" count="2" type="cond" truecount="1" falsecount="1"/>
        <line num="212" count="2" type="cond" truecount="1" falsecount="1"/>
        <line num="216" count="2" type="cond" truecount="1" falsecount="0"/>
        <line num="218" count="2" type="stmt"/>
        <line num="222" count="2" type="cond" truecount="3" falsecount="1"/>
        <line num="224" count="0" type="stmt"/>
        <line num="228" count="2" type="cond" truecount="1" falsecount="0"/>
        <line num="230" count="2" type="cond" truecount="1" falsecount="0"/>
        <line num="235" count="2" type="stmt"/>
        <line num="236" count="2" type="stmt"/>
        <line num="237" count="2" type="stmt"/>
        <line num="241" count="2" type="stmt"/>
        <line num="247" count="2" type="stmt"/>
        <line num="248" count="2" type="stmt"/>
        <line num="253" count="2" type="stmt"/>
        <line num="254" count="2" type="stmt"/>
        <line num="255" count="2" type="stmt"/>
        <line num="257" count="2" type="stmt"/>
        <line num="269" count="2" type="stmt"/>
        <line num="271" count="2" type="cond" truecount="0" falsecount="1"/>
        <line num="273" count="0" type="stmt"/>
        <line num="277" count="2" type="cond" truecount="2" falsecount="2"/>
        <line num="279" count="0" type="stmt"/>
        <line num="283" count="2" type="cond" truecount="0" falsecount="1"/>
        <line num="288" count="0" type="stmt"/>
        <line num="292" count="2" type="cond" truecount="1" falsecount="3"/>
        <line num="294" count="0" type="stmt"/>
        <line num="297" count="2" type="cond" truecount="1" falsecount="2"/>
        <line num="299" count="0" type="stmt"/>
        <line num="303" count="2" type="cond" truecount="1" falsecount="0"/>
        <line num="305" count="2" type="stmt"/>
        <line num="306" count="2" type="cond" truecount="2" falsecount="2"/>
        <line num="308" count="0" type="stmt"/>
        <line num="310" count="2" type="cond" truecount="1" falsecount="2"/>
        <line num="313" count="0" type="stmt"/>
        <line num="322" count="2" type="stmt"/>
        <line num="324" count="2" type="cond" truecount="0" falsecount="1"/>
        <line num="326" count="0" type="stmt"/>
        <line num="330" count="2" type="stmt"/>
        <line num="332" count="2" type="stmt"/>
        <line num="352" count="5" type="stmt"/>
        <line num="362" count="0" type="stmt"/>
        <line num="371" count="9" type="cond" truecount="1" falsecount="0"/>
        <line num="373" count="6" type="stmt"/>
        <line num="374" count="6" type="stmt"/>
        <line num="377" count="9" type="cond" truecount="1" falsecount="0"/>
        <line num="379" count="3" type="stmt"/>
        <line num="380" count="3" type="stmt"/>
        <line num="384" count="9" type="stmt"/>
        <line num="387" count="0" type="stmt"/>
        <line num="401" count="1" type="stmt"/>
        <line num="411" count="0" type="stmt"/>
        <line num="423" count="2" type="stmt"/>
        <line num="424" count="2" type="stmt"/>
        <line num="428" count="2" type="stmt"/>
        <line num="438" count="0" type="stmt"/>
        <line num="448" count="0" type="stmt"/>
        <line num="459" count="17" type="stmt"/>
        <line num="461" count="17" type="cond" truecount="1" falsecount="0"/>
        <line num="463" count="6" type="stmt"/>
        <line num="468" count="17" type="cond" truecount="2" falsecount="0"/>
        <line num="470" count="4" type="stmt"/>
        <line num="476" count="13" type="stmt"/>
        <line num="480" count="15" type="cond" truecount="4" falsecount="0"/>
        <line num="482" count="9" type="stmt"/>
        <line num="488" count="15" type="stmt"/>
        <line num="489" count="15" type="stmt"/>
        <line num="494" count="15" type="stmt"/>
        <line num="495" count="15" type="stmt"/>
        <line num="496" count="15" type="stmt"/>
        <line num="498" count="15" type="stmt"/>
        <line num="500" count="0" type="cond" truecount="0" falsecount="1"/>
        <line num="502" count="0" type="stmt"/>
        <line num="503" count="0" type="cond" truecount="0" falsecount="4"/>
        <line num="504" count="0" type="cond" truecount="0" falsecount="5"/>
        <line num="506" count="0" type="cond" truecount="0" falsecount="3"/>
        <line num="507" count="0" type="cond" truecount="0" falsecount="3"/>
        <line num="509" count="0" type="stmt"/>
        <line num="510" count="0" type="stmt"/>
        <line num="511" count="0" type="stmt"/>
        <line num="514" count="0" type="stmt"/>
        <line num="537" count="14" type="cond" truecount="1" falsecount="0"/>
        <line num="539" count="10" type="stmt"/>
        <line num="540" count="10" type="stmt"/>
        <line num="543" count="14" type="cond" truecount="1" falsecount="0"/>
        <line num="545" count="3" type="stmt"/>
        <line num="546" count="3" type="stmt"/>
        <line num="549" count="14" type="cond" truecount="1" falsecount="0"/>
        <line num="551" count="1" type="stmt"/>
        <line num="552" count="1" type="stmt"/>
        <line num="556" count="14" type="stmt"/>
        <line num="559" count="1" type="stmt"/>
        <line num="575" count="4" type="stmt"/>
        <line num="578" count="4" type="stmt"/>
        <line num="591" count="14" type="stmt"/>
        <line num="600" count="1" type="stmt"/>
        <line num="611" count="1" type="stmt"/>
        <line num="621" count="2" type="cond" truecount="1" falsecount="0"/>
        <line num="623" count="2" type="stmt"/>
      </file>
      <file name="AudioStreamFactory.ts" path="/Users/christopherstokes/Documents/Code/symbl-web-sdk/src/audio/stream/AudioStreamFactory.ts">
        <metrics statements="11" coveredstatements="11" conditionals="3" coveredconditionals="3" methods="1" coveredmethods="1"/>
        <line num="1" count="48" type="stmt"/>
        <line num="6" count="48" type="stmt"/>
        <line num="9" count="48" type="stmt"/>
        <line num="14" count="48" type="stmt"/>
        <line num="24" count="5" type="cond" truecount="3" falsecount="0"/>
        <line num="27" count="1" type="stmt"/>
        <line num="28" count="1" type="stmt"/>
        <line num="30" count="3" type="stmt"/>
        <line num="31" count="3" type="stmt"/>
        <line num="34" count="1" type="stmt"/>
        <line num="38" count="4" type="stmt"/>
      </file>
      <file name="LINEAR16AudioStream.ts" path="/Users/christopherstokes/Documents/Code/symbl-web-sdk/src/audio/stream/LINEAR16AudioStream.ts">
        <metrics statements="56" coveredstatements="25" conditionals="5" coveredconditionals="3" methods="15" coveredmethods="8"/>
        <line num="1" count="48" type="stmt"/>
        <line num="2" count="48" type="stmt"/>
        <line num="3" count="48" type="stmt"/>
        <line num="5" count="48" type="stmt"/>
        <line num="7" count="48" type="stmt"/>
        <line num="20" count="0" type="stmt"/>
        <line num="21" count="0" type="stmt"/>
        <line num="22" count="0" type="stmt"/>
        <line num="24" count="0" type="stmt"/>
        <line num="32" count="0" type="stmt"/>
        <line num="34" count="0" type="cond" truecount="0" falsecount="1"/>
        <line num="36" count="0" type="stmt"/>
        <line num="37" count="0" type="stmt"/>
        <line num="40" count="0" type="stmt"/>
        <line num="42" count="0" type="stmt"/>
        <line num="43" count="0" type="stmt"/>
        <line num="46" count="0" type="stmt"/>
        <line num="49" count="0" type="stmt"/>
        <line num="64" count="15" type="cond" truecount="2" falsecount="0"/>
        <line num="66" count="5" type="stmt"/>
        <line num="67" count="4" type="stmt"/>
        <line num="68" count="4" type="cond" truecount="1" falsecount="1"/>
        <line num="70" count="4" type="stmt"/>
        <line num="71" count="4" type="stmt"/>
        <line num="72" count="4" type="stmt"/>
        <line num="76" count="0" type="stmt"/>
        <line num="82" count="4" type="stmt"/>
        <line num="83" count="4" type="stmt"/>
        <line num="87" count="10" type="stmt"/>
        <line num="99" count="0" type="stmt"/>
        <line num="103" count="0" type="stmt"/>
        <line num="104" count="0" type="stmt"/>
        <line num="108" count="0" type="stmt"/>
        <line num="111" count="0" type="stmt"/>
        <line num="116" count="0" type="stmt"/>
        <line num="125" count="3" type="stmt"/>
        <line num="135" count="1" type="stmt"/>
        <line num="139" count="1" type="stmt"/>
        <line num="140" count="0" type="stmt"/>
        <line num="150" count="0" type="stmt"/>
        <line num="154" count="0" type="stmt"/>
        <line num="155" count="0" type="stmt"/>
        <line num="159" count="0" type="stmt"/>
        <line num="162" count="0" type="stmt"/>
        <line num="167" count="0" type="stmt"/>
        <line num="176" count="0" type="stmt"/>
        <line num="186" count="0" type="stmt"/>
        <line num="190" count="0" type="stmt"/>
        <line num="191" count="0" type="stmt"/>
        <line num="202" count="13" type="stmt"/>
        <line num="206" count="12" type="stmt"/>
        <line num="207" count="12" type="stmt"/>
        <line num="212" count="12" type="stmt"/>
        <line num="215" count="5" type="stmt"/>
        <line num="228" count="12" type="stmt"/>
        <line num="239" count="2" type="stmt"/>
      </file>
      <file name="OpusAudioStream.ts" path="/Users/christopherstokes/Documents/Code/symbl-web-sdk/src/audio/stream/OpusAudioStream.ts">
        <metrics statements="64" coveredstatements="45" conditionals="15" coveredconditionals="13" methods="18" coveredmethods="9"/>
        <line num="1" count="48" type="stmt"/>
        <line num="2" count="48" type="stmt"/>
        <line num="3" count="48" type="stmt"/>
        <line num="4" count="48" type="stmt"/>
        <line num="6" count="48" type="stmt"/>
        <line num="8" count="15" type="stmt"/>
        <line num="18" count="15" type="stmt"/>
        <line num="35" count="15" type="stmt"/>
        <line num="37" count="15" type="cond" truecount="1" falsecount="0"/>
        <line num="39" count="7" type="stmt"/>
        <line num="45" count="15" type="stmt"/>
        <line num="46" count="15" type="stmt"/>
        <line num="47" count="15" type="stmt"/>
        <line num="48" count="15" type="stmt"/>
        <line num="49" count="15" type="stmt"/>
        <line num="59" count="0" type="stmt"/>
        <line num="69" count="6" type="cond" truecount="3" falsecount="0"/>
        <line num="71" count="2" type="stmt"/>
        <line num="75" count="6" type="cond" truecount="1" falsecount="0"/>
        <line num="77" count="6" type="cond" truecount="2" falsecount="0"/>
        <line num="82" count="6" type="cond" truecount="2" falsecount="0"/>
        <line num="84" count="5" type="stmt"/>
        <line num="86" count="1" type="cond" truecount="1" falsecount="2"/>
        <line num="88" count="0" type="stmt"/>
        <line num="92" count="6" type="cond" truecount="2" falsecount="0"/>
        <line num="94" count="1" type="stmt"/>
        <line num="98" count="5" type="stmt"/>
        <line num="102" count="6" type="stmt"/>
        <line num="106" count="6" type="stmt"/>
        <line num="108" count="5" type="stmt"/>
        <line num="118" count="0" type="stmt"/>
        <line num="122" count="0" type="stmt"/>
        <line num="124" count="0" type="stmt"/>
        <line num="129" count="0" type="stmt"/>
        <line num="132" count="0" type="stmt"/>
        <line num="138" count="0" type="stmt"/>
        <line num="147" count="2" type="stmt"/>
        <line num="158" count="1" type="stmt"/>
        <line num="162" count="1" type="stmt"/>
        <line num="163" count="1" type="stmt"/>
        <line num="173" count="0" type="stmt"/>
        <line num="177" count="0" type="stmt"/>
        <line num="179" count="0" type="stmt"/>
        <line num="184" count="0" type="stmt"/>
        <line num="187" count="0" type="stmt"/>
        <line num="193" count="0" type="stmt"/>
        <line num="202" count="0" type="stmt"/>
        <line num="213" count="0" type="stmt"/>
        <line num="217" count="0" type="stmt"/>
        <line num="218" count="0" type="stmt"/>
        <line num="229" count="4" type="stmt"/>
        <line num="233" count="3" type="stmt"/>
        <line num="235" count="3" type="stmt"/>
        <line num="240" count="3" type="stmt"/>
        <line num="243" count="0" type="stmt"/>
        <line num="256" count="2" type="stmt"/>
        <line num="257" count="2" type="stmt"/>
        <line num="269" count="2" type="stmt"/>
        <line num="282" count="1" type="stmt"/>
        <line num="291" count="4" type="cond" truecount="1" falsecount="0"/>
        <line num="293" count="3" type="stmt"/>
        <line num="295" count="3" type="stmt"/>
        <line num="296" count="3" type="stmt"/>
        <line num="297" count="3" type="stmt"/>
      </file>
      <file name="index.ts" path="/Users/christopherstokes/Documents/Code/symbl-web-sdk/src/audio/stream/index.ts">
        <metrics statements="4" coveredstatements="4" conditionals="0" coveredconditionals="0" methods="0" coveredmethods="0"/>
        <line num="1" count="48" type="stmt"/>
        <line num="2" count="48" type="stmt"/>
        <line num="3" count="48" type="stmt"/>
        <line num="4" count="48" type="stmt"/>
      </file>
    </package>
    <package name="src.connection">
      <metrics statements="59" coveredstatements="59" conditionals="19" coveredconditionals="18" methods="16" coveredmethods="16"/>
      <file name="BaseConnection.ts" path="/Users/christopherstokes/Documents/Code/symbl-web-sdk/src/connection/BaseConnection.ts">
        <metrics statements="43" coveredstatements="43" conditionals="14" coveredconditionals="13" methods="15" coveredmethods="15"/>
        <line num="1" count="39" type="stmt"/>
        <line num="12" count="39" type="stmt"/>
        <line num="13" count="39" type="stmt"/>
        <line num="14" count="39" type="stmt"/>
        <line num="17" count="39" type="stmt"/>
        <line num="27" count="37" type="stmt"/>
        <line num="32" count="37" type="stmt"/>
        <line num="36" count="37" type="stmt"/>
        <line num="38" count="37" type="stmt"/>
        <line num="41" count="37" type="stmt"/>
        <line num="42" count="37" type="stmt"/>
        <line num="43" count="37" type="stmt"/>
        <line num="44" count="37" type="stmt"/>
        <line num="45" count="37" type="stmt"/>
        <line num="46" count="37" type="stmt"/>
        <line num="56" count="7" type="cond" truecount="1" falsecount="0"/>
        <line num="58" count="2" type="stmt"/>
        <line num="62" count="5" type="stmt"/>
        <line num="64" count="5" type="stmt"/>
        <line num="69" count="5" type="stmt"/>
        <line num="93" count="5" type="cond" truecount="2" falsecount="0"/>
        <line num="94" count="5" type="cond" truecount="1" falsecount="0"/>
        <line num="96" count="2" type="stmt"/>
        <line num="99" count="5" type="stmt"/>
        <line num="102" count="5" type="stmt"/>
        <line num="104" count="5" type="cond" truecount="2" falsecount="0"/>
        <line num="106" count="2" type="stmt"/>
        <line num="113" count="3" type="cond" truecount="4" falsecount="0"/>
        <line num="115" count="1" type="stmt"/>
        <line num="117" count="1" type="stmt"/>
        <line num="126" count="2" type="stmt"/>
        <line num="147" count="1" type="stmt"/>
        <line num="156" count="1" type="stmt"/>
        <line num="166" count="1" type="stmt"/>
        <line num="176" count="1" type="stmt"/>
        <line num="186" count="1" type="stmt"/>
        <line num="196" count="1" type="stmt"/>
        <line num="206" count="1" type="stmt"/>
        <line num="216" count="1" type="stmt"/>
        <line num="226" count="1" type="stmt"/>
        <line num="236" count="1" type="stmt"/>
        <line num="246" count="1" type="stmt"/>
        <line num="256" count="1" type="stmt"/>
      </file>
      <file name="ConnectionFactory.ts" path="/Users/christopherstokes/Documents/Code/symbl-web-sdk/src/connection/ConnectionFactory.ts">
        <metrics statements="14" coveredstatements="14" conditionals="5" coveredconditionals="5" methods="1" coveredmethods="1"/>
        <line num="1" count="39" type="stmt"/>
        <line num="11" count="39" type="stmt"/>
        <line num="14" count="39" type="stmt"/>
        <line num="19" count="39" type="stmt"/>
        <line num="30" count="7" type="cond" truecount="1" falsecount="0"/>
        <line num="32" count="2" type="stmt"/>
        <line num="38" count="5" type="cond" truecount="3" falsecount="0"/>
        <line num="41" count="2" type="stmt"/>
        <line num="47" count="2" type="stmt"/>
        <line num="50" count="2" type="cond" truecount="1" falsecount="0"/>
        <line num="52" count="1" type="stmt"/>
        <line num="56" count="1" type="stmt"/>
        <line num="59" count="1" type="stmt"/>
        <line num="63" count="1" type="stmt"/>
      </file>
      <file name="index.ts" path="/Users/christopherstokes/Documents/Code/symbl-web-sdk/src/connection/index.ts">
        <metrics statements="2" coveredstatements="2" conditionals="0" coveredconditionals="0" methods="0" coveredmethods="0"/>
        <line num="1" count="39" type="stmt"/>
        <line num="2" count="39" type="stmt"/>
      </file>
    </package>
    <package name="src.constants">
      <metrics statements="1" coveredstatements="1" conditionals="0" coveredconditionals="0" methods="0" coveredmethods="0"/>
      <file name="index.ts" path="/Users/christopherstokes/Documents/Code/symbl-web-sdk/src/constants/index.ts">
        <metrics statements="1" coveredstatements="1" conditionals="0" coveredconditionals="0" methods="0" coveredmethods="0"/>
        <line num="3" count="43" type="stmt"/>
      </file>
    </package>
    <package name="src.error">
      <metrics statements="4" coveredstatements="4" conditionals="0" coveredconditionals="0" methods="0" coveredmethods="0"/>
      <file name="index.ts" path="/Users/christopherstokes/Documents/Code/symbl-web-sdk/src/error/index.ts">
        <metrics statements="4" coveredstatements="4" conditionals="0" coveredconditionals="0" methods="0" coveredmethods="0"/>
        <line num="1" count="49" type="stmt"/>
        <line num="2" count="49" type="stmt"/>
        <line num="3" count="49" type="stmt"/>
        <line num="4" count="49" type="stmt"/>
      </file>
    </package>
    <package name="src.error.audio">
      <metrics statements="12" coveredstatements="12" conditionals="0" coveredconditionals="0" methods="3" coveredmethods="3"/>
      <file name="InvalidAudioElementError.ts" path="/Users/christopherstokes/Documents/Code/symbl-web-sdk/src/error/audio/InvalidAudioElementError.ts">
        <metrics statements="3" coveredstatements="3" conditionals="0" coveredconditionals="0" methods="1" coveredmethods="1"/>
        <line num="1" count="49" type="stmt"/>
        <line num="3" count="49" type="stmt"/>
        <line num="7" count="2" type="stmt"/>
      </file>
      <file name="InvalidAudioInputDeviceError.ts" path="/Users/christopherstokes/Documents/Code/symbl-web-sdk/src/error/audio/InvalidAudioInputDeviceError.ts">
        <metrics statements="3" coveredstatements="3" conditionals="0" coveredconditionals="0" methods="1" coveredmethods="1"/>
        <line num="1" count="49" type="stmt"/>
        <line num="3" count="49" type="stmt"/>
        <line num="7" count="4" type="stmt"/>
      </file>
      <file name="NoAudioInputDeviceDetectedError.ts" path="/Users/christopherstokes/Documents/Code/symbl-web-sdk/src/error/audio/NoAudioInputDeviceDetectedError.ts">
        <metrics statements="3" coveredstatements="3" conditionals="0" coveredconditionals="0" methods="1" coveredmethods="1"/>
        <line num="1" count="49" type="stmt"/>
        <line num="3" count="49" type="stmt"/>
        <line num="7" count="2" type="stmt"/>
      </file>
      <file name="index.ts" path="/Users/christopherstokes/Documents/Code/symbl-web-sdk/src/error/audio/index.ts">
        <metrics statements="3" coveredstatements="3" conditionals="0" coveredconditionals="0" methods="0" coveredmethods="0"/>
        <line num="1" count="49" type="stmt"/>
        <line num="2" count="49" type="stmt"/>
        <line num="3" count="49" type="stmt"/>
      </file>
    </package>
    <package name="src.error.config">
      <metrics statements="20" coveredstatements="20" conditionals="0" coveredconditionals="0" methods="5" coveredmethods="5"/>
      <file name="InvalidValueError.ts" path="/Users/christopherstokes/Documents/Code/symbl-web-sdk/src/error/config/InvalidValueError.ts">
        <metrics statements="3" coveredstatements="3" conditionals="0" coveredconditionals="0" methods="1" coveredmethods="1"/>
        <line num="1" count="49" type="stmt"/>
        <line num="3" count="49" type="stmt"/>
        <line num="7" count="56" type="stmt"/>
      </file>
      <file name="NotSupportedAudioEncodingError.ts" path="/Users/christopherstokes/Documents/Code/symbl-web-sdk/src/error/config/NotSupportedAudioEncodingError.ts">
        <metrics statements="3" coveredstatements="3" conditionals="0" coveredconditionals="0" methods="1" coveredmethods="1"/>
        <line num="1" count="49" type="stmt"/>
        <line num="3" count="49" type="stmt"/>
        <line num="7" count="2" type="stmt"/>
      </file>
      <file name="NotSupportedSampleRateError.ts" path="/Users/christopherstokes/Documents/Code/symbl-web-sdk/src/error/config/NotSupportedSampleRateError.ts">
        <metrics statements="3" coveredstatements="3" conditionals="0" coveredconditionals="0" methods="1" coveredmethods="1"/>
        <line num="1" count="49" type="stmt"/>
        <line num="3" count="49" type="stmt"/>
        <line num="7" count="8" type="stmt"/>
      </file>
      <file name="RequiredParameterAbsentError.ts" path="/Users/christopherstokes/Documents/Code/symbl-web-sdk/src/error/config/RequiredParameterAbsentError.ts">
        <metrics statements="3" coveredstatements="3" conditionals="0" coveredconditionals="0" methods="1" coveredmethods="1"/>
        <line num="1" count="49" type="stmt"/>
        <line num="3" count="49" type="stmt"/>
        <line num="7" count="2" type="stmt"/>
      </file>
      <file name="SessionIDNotUniqueError.ts" path="/Users/christopherstokes/Documents/Code/symbl-web-sdk/src/error/config/SessionIDNotUniqueError.ts">
        <metrics statements="3" coveredstatements="3" conditionals="0" coveredconditionals="0" methods="1" coveredmethods="1"/>
        <line num="1" count="49" type="stmt"/>
        <line num="3" count="49" type="stmt"/>
        <line num="7" count="2" type="stmt"/>
      </file>
      <file name="index.ts" path="/Users/christopherstokes/Documents/Code/symbl-web-sdk/src/error/config/index.ts">
        <metrics statements="5" coveredstatements="5" conditionals="0" coveredconditionals="0" methods="0" coveredmethods="0"/>
        <line num="1" count="49" type="stmt"/>
        <line num="2" count="49" type="stmt"/>
        <line num="3" count="49" type="stmt"/>
        <line num="4" count="49" type="stmt"/>
        <line num="5" count="49" type="stmt"/>
      </file>
    </package>
    <package name="src.error.network">
      <metrics statements="5" coveredstatements="5" conditionals="0" coveredconditionals="0" methods="1" coveredmethods="1"/>
      <file name="NoConnectionError.ts" path="/Users/christopherstokes/Documents/Code/symbl-web-sdk/src/error/network/NoConnectionError.ts">
        <metrics statements="3" coveredstatements="3" conditionals="0" coveredconditionals="0" methods="1" coveredmethods="1"/>
        <line num="1" count="49" type="stmt"/>
        <line num="3" count="49" type="stmt"/>
        <line num="7" count="4" type="stmt"/>
      </file>
      <file name="index.ts" path="/Users/christopherstokes/Documents/Code/symbl-web-sdk/src/error/network/index.ts">
        <metrics statements="2" coveredstatements="2" conditionals="0" coveredconditionals="0" methods="0" coveredmethods="0"/>
        <line num="1" count="49" type="stmt"/>
        <line num="2" count="49" type="stmt"/>
      </file>
    </package>
    <package name="src.error.symbl">
      <metrics statements="22" coveredstatements="22" conditionals="0" coveredconditionals="0" methods="3" coveredmethods="3"/>
      <file name="AccessTokenExpiredError.ts" path="/Users/christopherstokes/Documents/Code/symbl-web-sdk/src/error/symbl/AccessTokenExpiredError.ts">
        <metrics statements="3" coveredstatements="3" conditionals="0" coveredconditionals="0" methods="1" coveredmethods="1"/>
        <line num="1" count="49" type="stmt"/>
        <line num="3" count="49" type="stmt"/>
        <line num="7" count="4" type="stmt"/>
      </file>
      <file name="InvalidCredentialsError.ts" path="/Users/christopherstokes/Documents/Code/symbl-web-sdk/src/error/symbl/InvalidCredentialsError.ts">
        <metrics statements="3" coveredstatements="3" conditionals="0" coveredconditionals="0" methods="1" coveredmethods="1"/>
        <line num="1" count="49" type="stmt"/>
        <line num="3" count="49" type="stmt"/>
        <line num="7" count="41" type="stmt"/>
      </file>
      <file name="SymblError.ts" path="/Users/christopherstokes/Documents/Code/symbl-web-sdk/src/error/symbl/SymblError.ts">
        <metrics statements="10" coveredstatements="10" conditionals="0" coveredconditionals="0" methods="1" coveredmethods="1"/>
        <line num="1" count="49" type="stmt"/>
        <line num="2" count="49" type="stmt"/>
        <line num="5" count="49" type="stmt"/>
        <line num="7" count="127" type="stmt"/>
        <line num="11" count="127" type="stmt"/>
        <line num="12" count="127" type="stmt"/>
        <line num="13" count="127" type="stmt"/>
        <line num="14" count="127" type="stmt"/>
        <line num="15" count="127" type="stmt"/>
        <line num="16" count="127" type="stmt"/>
      </file>
      <file name="index.ts" path="/Users/christopherstokes/Documents/Code/symbl-web-sdk/src/error/symbl/index.ts">
        <metrics statements="6" coveredstatements="6" conditionals="0" coveredconditionals="0" methods="0" coveredmethods="0"/>
        <line num="1" count="49" type="stmt"/>
        <line num="2" count="49" type="stmt"/>
        <line num="3" count="49" type="stmt"/>
        <line num="8" count="49" type="stmt"/>
        <line num="9" count="49" type="stmt"/>
        <line num="10" count="49" type="stmt"/>
      </file>
    </package>
    <package name="src.events">
      <metrics statements="14" coveredstatements="12" conditionals="4" coveredconditionals="0" methods="9" coveredmethods="7"/>
      <file name="SymblEvent.ts" path="/Users/christopherstokes/Documents/Code/symbl-web-sdk/src/events/SymblEvent.ts">
        <metrics statements="13" coveredstatements="11" conditionals="4" coveredconditionals="0" methods="9" coveredmethods="7"/>
        <line num="7" count="50" type="stmt"/>
        <line num="17" count="155" type="stmt"/>
        <line num="21" count="155" type="stmt"/>
        <line num="30" count="50" type="stmt"/>
        <line num="32" count="148" type="stmt"/>
        <line num="41" count="12" type="stmt"/>
        <line num="55" count="12" type="stmt"/>
        <line num="69" count="1" type="stmt"/>
        <line num="83" count="12" type="stmt"/>
        <line num="85" count="0" type="cond" truecount="0" falsecount="2"/>
        <line num="99" count="1" type="stmt"/>
        <line num="101" count="0" type="cond" truecount="0" falsecount="2"/>
        <line num="110" count="50" type="stmt"/>
      </file>
      <file name="index.ts" path="/Users/christopherstokes/Documents/Code/symbl-web-sdk/src/events/index.ts">
        <metrics statements="1" coveredstatements="1" conditionals="0" coveredconditionals="0" methods="0" coveredmethods="0"/>
        <line num="1" count="50" type="stmt"/>
      </file>
    </package>
    <package name="src.symbl">
      <metrics statements="117" coveredstatements="115" conditionals="69" coveredconditionals="67" methods="10" coveredmethods="9"/>
      <file name="index.ts" path="/Users/christopherstokes/Documents/Code/symbl-web-sdk/src/symbl/index.ts">
        <metrics statements="117" coveredstatements="115" conditionals="69" coveredconditionals="67" methods="10" coveredmethods="9"/>
        <line num="1" count="40" type="stmt"/>
        <line num="10" count="40" type="stmt"/>
        <line num="18" count="40" type="stmt"/>
        <line num="19" count="40" type="stmt"/>
        <line num="20" count="40" type="stmt"/>
        <line num="21" count="40" type="stmt"/>
        <line num="22" count="40" type="stmt"/>
        <line num="23" count="40" type="stmt"/>
        <line num="24" count="40" type="stmt"/>
        <line num="27" count="40" type="stmt"/>
        <line num="32" count="95" type="stmt"/>
        <line num="50" count="95" type="stmt"/>
        <line num="51" count="95" type="cond" truecount="1" falsecount="0"/>
        <line num="53" count="70" type="stmt"/>
        <line num="57" count="88" type="stmt"/>
        <line num="59" count="88" type="stmt"/>
        <line num="60" count="88" type="stmt"/>
        <line num="61" count="88" type="stmt"/>
        <line num="62" count="88" type="stmt"/>
        <line num="63" count="88" type="stmt"/>
        <line num="64" count="88" type="stmt"/>
        <line num="66" count="88" type="cond" truecount="1" falsecount="0"/>
        <line num="68" count="63" type="stmt"/>
        <line num="69" count="63" type="cond" truecount="4" falsecount="0"/>
        <line num="71" count="62" type="stmt"/>
        <line num="72" count="62" type="stmt"/>
        <line num="74" count="1" type="cond" truecount="1" falsecount="0"/>
        <line num="76" count="1" type="stmt"/>
        <line num="79" count="63" type="cond" truecount="1" falsecount="0"/>
        <line num="81" count="2" type="stmt"/>
        <line num="82" count="2" type="stmt"/>
        <line num="86" count="63" type="stmt"/>
        <line num="98" count="70" type="cond" truecount="1" falsecount="0"/>
        <line num="100" count="70" type="stmt"/>
        <line num="102" count="70" type="cond" truecount="2" falsecount="0"/>
        <line num="104" count="1" type="stmt"/>
        <line num="105" count="1" type="stmt"/>
        <line num="109" count="69" type="stmt"/>
        <line num="110" count="69" type="stmt"/>
        <line num="114" count="69" type="cond" truecount="1" falsecount="0"/>
        <line num="116" count="2" type="stmt"/>
        <line num="132" count="97" type="cond" truecount="1" falsecount="0"/>
        <line num="134" count="3" type="stmt"/>
        <line num="138" count="94" type="stmt"/>
        <line num="140" count="94" type="cond" truecount="3" falsecount="0"/>
        <line num="142" count="1" type="stmt"/>
        <line num="146" count="93" type="cond" truecount="3" falsecount="0"/>
        <line num="148" count="1" type="stmt"/>
        <line num="152" count="92" type="cond" truecount="4" falsecount="0"/>
        <line num="154" count="2" type="stmt"/>
        <line num="158" count="90" type="cond" truecount="4" falsecount="0"/>
        <line num="160" count="2" type="stmt"/>
        <line num="164" count="88" type="cond" truecount="3" falsecount="0"/>
        <line num="166" count="4" type="stmt"/>
        <line num="170" count="84" type="cond" truecount="4" falsecount="0"/>
        <line num="174" count="3" type="stmt"/>
        <line num="178" count="81" type="cond" truecount="4" falsecount="0"/>
        <line num="180" count="4" type="stmt"/>
        <line num="184" count="77" type="cond" truecount="4" falsecount="0"/>
        <line num="188" count="2" type="stmt"/>
        <line num="192" count="75" type="cond" truecount="1" falsecount="0"/>
        <line num="194" count="6" type="stmt"/>
        <line num="195" count="6" type="stmt"/>
        <line num="196" count="6" type="cond" truecount="1" falsecount="0"/>
        <line num="198" count="2" type="stmt"/>
        <line num="204" count="73" type="stmt"/>
        <line num="214" count="16" type="cond" truecount="3" falsecount="0"/>
        <line num="216" count="1" type="stmt"/>
        <line num="219" count="16" type="stmt"/>
        <line num="220" count="7" type="stmt"/>
        <line num="222" count="6" type="stmt"/>
        <line num="224" count="6" type="stmt"/>
        <line num="226" count="6" type="cond" truecount="2" falsecount="0"/>
        <line num="228" count="1" type="stmt"/>
        <line num="232" count="5" type="stmt"/>
        <line num="233" count="5" type="stmt"/>
        <line num="237" count="6" type="cond" truecount="2" falsecount="0"/>
        <line num="240" count="6" type="stmt"/>
        <line num="244" count="0" type="stmt"/>
        <line num="258" count="11" type="cond" truecount="2" falsecount="0"/>
        <line num="260" count="7" type="cond" truecount="1" falsecount="0"/>
        <line num="262" count="1" type="stmt"/>
        <line num="267" count="6" type="stmt"/>
        <line num="271" count="6" type="stmt"/>
        <line num="273" count="6" type="cond" truecount="1" falsecount="0"/>
        <line num="275" count="1" type="stmt"/>
        <line num="281" count="4" type="stmt"/>
        <line num="285" count="9" type="stmt"/>
        <line num="292" count="9" type="stmt"/>
        <line num="293" count="9" type="stmt"/>
        <line num="305" count="6" type="cond" truecount="1" falsecount="0"/>
        <line num="307" count="1" type="stmt"/>
        <line num="311" count="6" type="cond" truecount="3" falsecount="0"/>
        <line num="313" count="1" type="stmt"/>
        <line num="318" count="5" type="stmt"/>
        <line num="326" count="5" type="stmt"/>
        <line num="329" count="5" type="stmt"/>
        <line num="342" count="2" type="cond" truecount="1" falsecount="0"/>
        <line num="344" count="1" type="stmt"/>
        <line num="349" count="1" type="stmt"/>
        <line num="355" count="1" type="stmt"/>
        <line num="358" count="1" type="stmt"/>
        <line num="370" count="6" type="cond" truecount="1" falsecount="0"/>
        <line num="372" count="1" type="stmt"/>
        <line num="379" count="5" type="cond" truecount="4" falsecount="0"/>
        <line num="383" count="1" type="stmt"/>
        <line num="384" count="1" type="stmt"/>
        <line num="386" count="1" type="stmt"/>
        <line num="387" count="1" type="stmt"/>
        <line num="389" count="2" type="stmt"/>
        <line num="390" count="2" type="stmt"/>
        <line num="392" count="1" type="stmt"/>
        <line num="397" count="4" type="cond" truecount="1" falsecount="0"/>
        <line num="400" count="1" type="stmt"/>
        <line num="403" count="3" type="stmt"/>
        <line num="406" count="3" type="stmt"/>
        <line num="409" count="0" type="stmt"/>
      </file>
    </package>
    <package name="src.types">
      <metrics statements="8" coveredstatements="8" conditionals="0" coveredconditionals="0" methods="0" coveredmethods="0"/>
      <file name="index.ts" path="/Users/christopherstokes/Documents/Code/symbl-web-sdk/src/types/index.ts">
        <metrics statements="8" coveredstatements="8" conditionals="0" coveredconditionals="0" methods="0" coveredmethods="0"/>
        <line num="1" count="49" type="stmt"/>
        <line num="2" count="49" type="stmt"/>
        <line num="3" count="49" type="stmt"/>
        <line num="4" count="49" type="stmt"/>
        <line num="5" count="49" type="stmt"/>
        <line num="6" count="49" type="stmt"/>
        <line num="7" count="49" type="stmt"/>
        <line num="8" count="49" type="stmt"/>
      </file>
    </package>
    <package name="src.types.connection">
      <metrics statements="21" coveredstatements="21" conditionals="8" coveredconditionals="8" methods="4" coveredmethods="4"/>
      <file name="index.ts" path="/Users/christopherstokes/Documents/Code/symbl-web-sdk/src/types/connection/index.ts">
        <metrics statements="21" coveredstatements="21" conditionals="8" coveredconditionals="8" methods="4" coveredmethods="4"/>
        <line num="9" count="49" type="cond" truecount="2" falsecount="0"/>
        <line num="10" count="49" type="stmt"/>
        <line num="11" count="49" type="stmt"/>
        <line num="14" count="49" type="cond" truecount="2" falsecount="0"/>
        <line num="15" count="49" type="stmt"/>
        <line num="16" count="49" type="stmt"/>
        <line num="19" count="49" type="cond" truecount="2" falsecount="0"/>
        <line num="20" count="49" type="stmt"/>
        <line num="21" count="49" type="stmt"/>
        <line num="22" count="49" type="stmt"/>
        <line num="23" count="49" type="stmt"/>
        <line num="24" count="49" type="stmt"/>
        <line num="27" count="49" type="cond" truecount="2" falsecount="0"/>
        <line num="28" count="49" type="stmt"/>
        <line num="29" count="49" type="stmt"/>
        <line num="30" count="49" type="stmt"/>
        <line num="31" count="49" type="stmt"/>
        <line num="116" count="49" type="stmt"/>
        <line num="117" count="49" type="stmt"/>
        <line num="118" count="49" type="stmt"/>
        <line num="119" count="49" type="stmt"/>
      </file>
    </package>
    <package name="src.types.general">
      <metrics statements="5" coveredstatements="5" conditionals="2" coveredconditionals="2" methods="1" coveredmethods="1"/>
      <file name="TimeUnit.ts" path="/Users/christopherstokes/Documents/Code/symbl-web-sdk/src/types/general/TimeUnit.ts">
        <metrics statements="5" coveredstatements="5" conditionals="2" coveredconditionals="2" methods="1" coveredmethods="1"/>
        <line num="1" count="49" type="cond" truecount="2" falsecount="0"/>
        <line num="2" count="49" type="stmt"/>
        <line num="3" count="49" type="stmt"/>
        <line num="4" count="49" type="stmt"/>
        <line num="8" count="49" type="stmt"/>
      </file>
    </package>
    <package name="src.utils">
      <metrics statements="3" coveredstatements="3" conditionals="0" coveredconditionals="0" methods="0" coveredmethods="0"/>
      <file name="configs.ts" path="/Users/christopherstokes/Documents/Code/symbl-web-sdk/src/utils/configs.ts">
        <metrics statements="1" coveredstatements="1" conditionals="0" coveredconditionals="0" methods="0" coveredmethods="0"/>
        <line num="1" count="40" type="stmt"/>
      </file>
      <file name="index.ts" path="/Users/christopherstokes/Documents/Code/symbl-web-sdk/src/utils/index.ts">
        <metrics statements="2" coveredstatements="2" conditionals="0" coveredconditionals="0" methods="0" coveredmethods="0"/>
        <line num="1" count="40" type="stmt"/>
        <line num="2" count="40" type="stmt"/>
      </file>
    </package>
    <package name="tests">
      <metrics statements="5" coveredstatements="5" conditionals="0" coveredconditionals="0" methods="0" coveredmethods="0"/>
      <file name="constants.ts" path="/Users/christopherstokes/Documents/Code/symbl-web-sdk/tests/constants.ts">
        <metrics statements="5" coveredstatements="5" conditionals="0" coveredconditionals="0" methods="0" coveredmethods="0"/>
        <line num="1" count="39" type="stmt"/>
        <line num="3" count="39" type="stmt"/>
        <line num="4" count="39" type="stmt"/>
        <line num="5" count="39" type="stmt"/>
        <line num="6" count="39" type="stmt"/>
      </file>
    </package>
  </project>
</coverage>
