{"/Users/christopherstokes/Documents/Code/symbl-web-sdk/src/api/index.ts": {"path":"/Users/christopherstokes/Documents/Code/symbl-web-sdk/src/api/index.ts","statementMap":{"0":{"start":{"line":1,"column":0},"end":{"line":1,"column":28}},"1":{"start":{"line":2,"column":0},"end":{"line":2,"column":28}}},"fnMap":{},"branchMap":{},"s":{"0":39,"1":39},"f":{},"b":{}}
,"/Users/christopherstokes/Documents/Code/symbl-web-sdk/src/api/streaming/StreamingAPIConnection.ts": {"path":"/Users/christopherstokes/Documents/Code/symbl-web-sdk/src/api/streaming/StreamingAPIConnection.ts","statementMap":{"0":{"start":{"line":1,"column":0},"end":{"line":1,"column":60}},"1":{"start":{"line":2,"column":0},"end":{"line":2,"column":null}},"2":{"start":{"line":12,"column":0},"end":{"line":12,"column":null}},"3":{"start":{"line":18,"column":0},"end":{"line":18,"column":48}},"4":{"start":{"line":19,"column":0},"end":{"line":19,"column":47}},"5":{"start":{"line":20,"column":0},"end":{"line":20,"column":40}},"6":{"start":{"line":28,"column":29},"end":{"line":48,"column":1}},"7":{"start":{"line":30,"column":4},"end":{"line":34,"column":null}},"8":{"start":{"line":32,"column":8},"end":{"line":32,"column":172}},"9":{"start":{"line":36,"column":4},"end":{"line":44,"column":null}},"10":{"start":{"line":38,"column":8},"end":{"line":42,"column":null}},"11":{"start":{"line":40,"column":12},"end":{"line":40,"column":176}},"12":{"start":{"line":46,"column":4},"end":{"line":46,"column":16}},"13":{"start":{"line":55,"column":19},"end":{"line":65,"column":1}},"14":{"start":{"line":57,"column":4},"end":{"line":61,"column":null}},"15":{"start":{"line":59,"column":8},"end":{"line":59,"column":113}},"16":{"start":{"line":63,"column":4},"end":{"line":63,"column":16}},"17":{"start":{"line":72,"column":29},"end":{"line":85,"column":1}},"18":{"start":{"line":74,"column":27},"end":{"line":74,"column":36}},"19":{"start":{"line":77,"column":4},"end":{"line":81,"column":null}},"20":{"start":{"line":79,"column":8},"end":{"line":79,"column":122}},"21":{"start":{"line":83,"column":4},"end":{"line":83,"column":16}},"22":{"start":{"line":92,"column":36},"end":{"line":105,"column":1}},"23":{"start":{"line":94,"column":34},"end":{"line":94,"column":43}},"24":{"start":{"line":97,"column":4},"end":{"line":101,"column":null}},"25":{"start":{"line":99,"column":8},"end":{"line":99,"column":129}},"26":{"start":{"line":103,"column":4},"end":{"line":103,"column":16}},"27":{"start":{"line":112,"column":25},"end":{"line":153,"column":1}},"28":{"start":{"line":114,"column":40},"end":{"line":114,"column":49}},"29":{"start":{"line":116,"column":4},"end":{"line":120,"column":null}},"30":{"start":{"line":118,"column":8},"end":{"line":118,"column":125}},"31":{"start":{"line":122,"column":4},"end":{"line":135,"column":null}},"32":{"start":{"line":124,"column":8},"end":{"line":128,"column":null}},"33":{"start":{"line":126,"column":12},"end":{"line":126,"column":122}},"34":{"start":{"line":129,"column":8},"end":{"line":133,"column":null}},"35":{"start":{"line":131,"column":12},"end":{"line":131,"column":174}},"36":{"start":{"line":136,"column":4},"end":{"line":149,"column":null}},"37":{"start":{"line":138,"column":8},"end":{"line":142,"column":null}},"38":{"start":{"line":140,"column":12},"end":{"line":140,"column":179}},"39":{"start":{"line":143,"column":8},"end":{"line":147,"column":null}},"40":{"start":{"line":145,"column":12},"end":{"line":145,"column":171}},"41":{"start":{"line":151,"column":4},"end":{"line":151,"column":16}},"42":{"start":{"line":160,"column":36},"end":{"line":198,"column":1}},"43":{"start":{"line":166,"column":8},"end":{"line":166,"column":14}},"44":{"start":{"line":168,"column":4},"end":{"line":172,"column":null}},"45":{"start":{"line":170,"column":8},"end":{"line":170,"column":127}},"46":{"start":{"line":174,"column":4},"end":{"line":183,"column":null}},"47":{"start":{"line":176,"column":8},"end":{"line":181,"column":null}},"48":{"start":{"line":179,"column":12},"end":{"line":179,"column":246}},"49":{"start":{"line":185,"column":4},"end":{"line":194,"column":null}},"50":{"start":{"line":187,"column":8},"end":{"line":192,"column":null}},"51":{"start":{"line":190,"column":12},"end":{"line":190,"column":241}},"52":{"start":{"line":196,"column":4},"end":{"line":196,"column":16}},"53":{"start":{"line":205,"column":26},"end":{"line":214,"column":1}},"54":{"start":{"line":207,"column":4},"end":{"line":207,"column":43}},"55":{"start":{"line":209,"column":4},"end":{"line":209,"column":36}},"56":{"start":{"line":211,"column":4},"end":{"line":211,"column":32}},"57":{"start":{"line":212,"column":4},"end":{"line":212,"column":16}},"58":{"start":{"line":221,"column":24},"end":{"line":237,"column":1}},"59":{"start":{"line":223,"column":27},"end":{"line":223,"column":34}},"60":{"start":{"line":224,"column":4},"end":{"line":228,"column":null}},"61":{"start":{"line":226,"column":8},"end":{"line":226,"column":117}},"62":{"start":{"line":229,"column":4},"end":{"line":233,"column":null}},"63":{"start":{"line":231,"column":8},"end":{"line":231,"column":115}},"64":{"start":{"line":235,"column":4},"end":{"line":235,"column":16}},"65":{"start":{"line":307,"column":8},"end":{"line":307,"column":25}},"66":{"start":{"line":263,"column":12},"end":{"line":263,"column":59}},"67":{"start":{"line":268,"column":12},"end":{"line":268,"column":71}},"68":{"start":{"line":273,"column":12},"end":{"line":273,"column":34}},"69":{"start":{"line":278,"column":12},"end":{"line":278,"column":33}},"70":{"start":{"line":283,"column":12},"end":{"line":283,"column":38}},"71":{"start":{"line":298,"column":11},"end":{"line":298,"column":58}},"72":{"start":{"line":308,"column":8},"end":{"line":313,"column":10}},"73":{"start":{"line":314,"column":8},"end":{"line":314,"column":39}},"74":{"start":{"line":316,"column":8},"end":{"line":316,"column":61}},"75":{"start":{"line":317,"column":8},"end":{"line":317,"column":51}},"76":{"start":{"line":318,"column":8},"end":{"line":318,"column":67}},"77":{"start":{"line":319,"column":8},"end":{"line":319,"column":73}},"78":{"start":{"line":320,"column":8},"end":{"line":320,"column":37}},"79":{"start":{"line":321,"column":8},"end":{"line":321,"column":67}},"80":{"start":{"line":341,"column":8},"end":{"line":351,"column":null}},"81":{"start":{"line":349,"column":12},"end":{"line":349,"column":96}},"82":{"start":{"line":359,"column":12},"end":{"line":359,"column":18}},"83":{"start":{"line":361,"column":8},"end":{"line":361,"column":23}},"84":{"start":{"line":363,"column":8},"end":{"line":367,"column":null}},"85":{"start":{"line":365,"column":12},"end":{"line":365,"column":47}},"86":{"start":{"line":369,"column":8},"end":{"line":373,"column":null}},"87":{"start":{"line":371,"column":12},"end":{"line":371,"column":41}},"88":{"start":{"line":375,"column":8},"end":{"line":379,"column":null}},"89":{"start":{"line":377,"column":12},"end":{"line":377,"column":37}},"90":{"start":{"line":381,"column":8},"end":{"line":385,"column":null}},"91":{"start":{"line":383,"column":12},"end":{"line":383,"column":124}},"92":{"start":{"line":387,"column":8},"end":{"line":387,"column":44}},"93":{"start":{"line":389,"column":8},"end":{"line":389,"column":22}},"94":{"start":{"line":400,"column":8},"end":{"line":436,"column":null}},"95":{"start":{"line":402,"column":12},"end":{"line":402,"column":98}},"96":{"start":{"line":406,"column":12},"end":{"line":434,"column":null}},"97":{"start":{"line":409,"column":16},"end":{"line":409,"column":66}},"98":{"start":{"line":410,"column":39},"end":{"line":410,"column":59}},"99":{"start":{"line":411,"column":37},"end":{"line":411,"column":76}},"100":{"start":{"line":412,"column":16},"end":{"line":412,"column":55}},"101":{"start":{"line":413,"column":16},"end":{"line":413,"column":45}},"102":{"start":{"line":414,"column":16},"end":{"line":414,"column":72}},"103":{"start":{"line":416,"column":16},"end":{"line":416,"column":65}},"104":{"start":{"line":418,"column":16},"end":{"line":418,"column":41}},"105":{"start":{"line":419,"column":16},"end":{"line":426,"column":18}},"106":{"start":{"line":422,"column":24},"end":{"line":422,"column":72}},"107":{"start":{"line":431,"column":16},"end":{"line":431,"column":66}},"108":{"start":{"line":432,"column":16},"end":{"line":432,"column":42}},"109":{"start":{"line":452,"column":8},"end":{"line":483,"column":null}},"110":{"start":{"line":454,"column":12},"end":{"line":454,"column":108}},"111":{"start":{"line":457,"column":15},"end":{"line":483,"column":null}},"112":{"start":{"line":459,"column":12},"end":{"line":459,"column":112}},"113":{"start":{"line":463,"column":12},"end":{"line":481,"column":null}},"114":{"start":{"line":466,"column":16},"end":{"line":466,"column":69}},"115":{"start":{"line":467,"column":16},"end":{"line":467,"column":36}},"116":{"start":{"line":469,"column":16},"end":{"line":469,"column":68}},"117":{"start":{"line":471,"column":16},"end":{"line":471,"column":42}},"118":{"start":{"line":472,"column":16},"end":{"line":472,"column":67}},"119":{"start":{"line":477,"column":16},"end":{"line":477,"column":66}},"120":{"start":{"line":478,"column":16},"end":{"line":478,"column":42}},"121":{"start":{"line":479,"column":16},"end":{"line":479,"column":25}},"122":{"start":{"line":495,"column":8},"end":{"line":499,"column":null}},"123":{"start":{"line":497,"column":12},"end":{"line":497,"column":131}},"124":{"start":{"line":502,"column":8},"end":{"line":627,"column":null}},"125":{"start":{"line":505,"column":12},"end":{"line":505,"column":141}},"126":{"start":{"line":511,"column":12},"end":{"line":515,"column":null}},"127":{"start":{"line":513,"column":16},"end":{"line":513,"column":29}},"128":{"start":{"line":517,"column":12},"end":{"line":520,"column":14}},"129":{"start":{"line":522,"column":39},"end":{"line":541,"column":13}},"130":{"start":{"line":525,"column":16},"end":{"line":529,"column":null}},"131":{"start":{"line":527,"column":20},"end":{"line":527,"column":50}},"132":{"start":{"line":531,"column":16},"end":{"line":537,"column":null}},"133":{"start":{"line":533,"column":20},"end":{"line":535,"column":56}},"134":{"start":{"line":539,"column":16},"end":{"line":539,"column":41}},"135":{"start":{"line":544,"column":32},"end":{"line":544,"column":36}},"136":{"start":{"line":545,"column":12},"end":{"line":583,"column":null}},"137":{"start":{"line":547,"column":16},"end":{"line":547,"column":44}},"138":{"start":{"line":549,"column":16},"end":{"line":555,"column":null}},"139":{"start":{"line":553,"column":20},"end":{"line":553,"column":144}},"140":{"start":{"line":557,"column":16},"end":{"line":560,"column":18}},"141":{"start":{"line":564,"column":16},"end":{"line":573,"column":null}},"142":{"start":{"line":566,"column":20},"end":{"line":566,"column":92}},"143":{"start":{"line":567,"column":20},"end":{"line":567,"column":54}},"144":{"start":{"line":571,"column":20},"end":{"line":571,"column":61}},"145":{"start":{"line":575,"column":16},"end":{"line":575,"column":62}},"146":{"start":{"line":577,"column":16},"end":{"line":581,"column":null}},"147":{"start":{"line":579,"column":20},"end":{"line":579,"column":125}},"148":{"start":{"line":585,"column":12},"end":{"line":585,"column":48}},"149":{"start":{"line":587,"column":12},"end":{"line":602,"column":null}},"150":{"start":{"line":590,"column":16},"end":{"line":595,"column":null}},"151":{"start":{"line":592,"column":20},"end":{"line":592,"column":97}},"152":{"start":{"line":593,"column":20},"end":{"line":593,"column":84}},"153":{"start":{"line":597,"column":16},"end":{"line":600,"column":18}},"154":{"start":{"line":604,"column":12},"end":{"line":604,"column":72}},"155":{"start":{"line":606,"column":12},"end":{"line":610,"column":null}},"156":{"start":{"line":608,"column":16},"end":{"line":608,"column":86}},"157":{"start":{"line":612,"column":12},"end":{"line":612,"column":84}},"158":{"start":{"line":614,"column":12},"end":{"line":614,"column":63}},"159":{"start":{"line":617,"column":35},"end":{"line":617,"column":55}},"160":{"start":{"line":618,"column":33},"end":{"line":618,"column":72}},"161":{"start":{"line":619,"column":12},"end":{"line":619,"column":51}},"162":{"start":{"line":620,"column":12},"end":{"line":620,"column":56}},"163":{"start":{"line":621,"column":12},"end":{"line":621,"column":50}},"164":{"start":{"line":623,"column":12},"end":{"line":623,"column":72}},"165":{"start":{"line":625,"column":12},"end":{"line":625,"column":38}},"166":{"start":{"line":630,"column":8},"end":{"line":630,"column":20}},"167":{"start":{"line":641,"column":8},"end":{"line":645,"column":null}},"168":{"start":{"line":643,"column":12},"end":{"line":643,"column":98}},"169":{"start":{"line":648,"column":8},"end":{"line":694,"column":null}},"170":{"start":{"line":651,"column":12},"end":{"line":651,"column":145}},"171":{"start":{"line":657,"column":12},"end":{"line":657,"column":70}},"172":{"start":{"line":659,"column":12},"end":{"line":675,"column":null}},"173":{"start":{"line":661,"column":16},"end":{"line":673,"column":null}},"174":{"start":{"line":663,"column":20},"end":{"line":663,"column":65}},"175":{"start":{"line":665,"column":23},"end":{"line":673,"column":null}},"176":{"start":{"line":667,"column":20},"end":{"line":667,"column":57}},"177":{"start":{"line":671,"column":20},"end":{"line":671,"column":64}},"178":{"start":{"line":677,"column":12},"end":{"line":677,"column":31}},"179":{"start":{"line":680,"column":12},"end":{"line":680,"column":76}},"180":{"start":{"line":683,"column":12},"end":{"line":683,"column":39}},"181":{"start":{"line":686,"column":12},"end":{"line":692,"column":null}},"182":{"start":{"line":688,"column":16},"end":{"line":688,"column":56}},"183":{"start":{"line":689,"column":16},"end":{"line":689,"column":72}},"184":{"start":{"line":690,"column":16},"end":{"line":690,"column":47}},"185":{"start":{"line":698,"column":8},"end":{"line":698,"column":20}},"186":{"start":{"line":708,"column":8},"end":{"line":712,"column":null}},"187":{"start":{"line":710,"column":12},"end":{"line":710,"column":82}},"188":{"start":{"line":714,"column":8},"end":{"line":718,"column":null}},"189":{"start":{"line":716,"column":12},"end":{"line":716,"column":97}},"190":{"start":{"line":720,"column":25},"end":{"line":720,"column":46}},"191":{"start":{"line":722,"column":8},"end":{"line":726,"column":null}},"192":{"start":{"line":724,"column":12},"end":{"line":724,"column":179}},"193":{"start":{"line":727,"column":8},"end":{"line":731,"column":null}},"194":{"start":{"line":729,"column":12},"end":{"line":729,"column":171}},"195":{"start":{"line":733,"column":8},"end":{"line":737,"column":null}},"196":{"start":{"line":735,"column":12},"end":{"line":735,"column":98}},"197":{"start":{"line":739,"column":8},"end":{"line":744,"column":11}},"198":{"start":{"line":746,"column":8},"end":{"line":751,"column":11}},"199":{"start":{"line":761,"column":8},"end":{"line":780,"column":null}},"200":{"start":{"line":763,"column":12},"end":{"line":774,"column":null}},"201":{"start":{"line":765,"column":16},"end":{"line":765,"column":46}},"202":{"start":{"line":766,"column":16},"end":{"line":766,"column":53}},"203":{"start":{"line":767,"column":16},"end":{"line":767,"column":44}},"204":{"start":{"line":769,"column":19},"end":{"line":774,"column":null}},"205":{"start":{"line":771,"column":16},"end":{"line":771,"column":47}},"206":{"start":{"line":772,"column":16},"end":{"line":772,"column":56}},"207":{"start":{"line":778,"column":12},"end":{"line":778,"column":43}},"208":{"start":{"line":790,"column":8},"end":{"line":790,"column":77}},"209":{"start":{"line":800,"column":8},"end":{"line":800,"column":66}},"210":{"start":{"line":810,"column":8},"end":{"line":810,"column":31}},"211":{"start":{"line":820,"column":8},"end":{"line":820,"column":41}},"212":{"start":{"line":831,"column":8},"end":{"line":831,"column":52}},"213":{"start":{"line":840,"column":8},"end":{"line":844,"column":null}},"214":{"start":{"line":842,"column":12},"end":{"line":842,"column":65}},"215":{"start":{"line":854,"column":8},"end":{"line":854,"column":39}},"216":{"start":{"line":874,"column":8},"end":{"line":877,"column":10}},"217":{"start":{"line":879,"column":8},"end":{"line":879,"column":43}},"218":{"start":{"line":890,"column":8},"end":{"line":895,"column":null}},"219":{"start":{"line":893,"column":12},"end":{"line":893,"column":40}},"220":{"start":{"line":897,"column":8},"end":{"line":897,"column":44}},"221":{"start":{"line":907,"column":8},"end":{"line":907,"column":35}},"222":{"start":{"line":248,"column":0},"end":{"line":248,"column":13}}},"fnMap":{"0":{"name":"(anonymous_7)","decl":{"start":{"line":28,"column":29},"end":{"line":28,"column":30}},"loc":{"start":{"line":28,"column":70},"end":{"line":48,"column":1}}},"1":{"name":"(anonymous_8)","decl":{"start":{"line":55,"column":19},"end":{"line":55,"column":20}},"loc":{"start":{"line":55,"column":43},"end":{"line":65,"column":1}}},"2":{"name":"(anonymous_9)","decl":{"start":{"line":72,"column":29},"end":{"line":72,"column":30}},"loc":{"start":{"line":72,"column":52},"end":{"line":85,"column":1}}},"3":{"name":"(anonymous_10)","decl":{"start":{"line":92,"column":36},"end":{"line":92,"column":37}},"loc":{"start":{"line":92,"column":59},"end":{"line":105,"column":1}}},"4":{"name":"(anonymous_11)","decl":{"start":{"line":112,"column":25},"end":{"line":112,"column":26}},"loc":{"start":{"line":112,"column":48},"end":{"line":153,"column":1}}},"5":{"name":"(anonymous_12)","decl":{"start":{"line":160,"column":36},"end":{"line":160,"column":37}},"loc":{"start":{"line":160,"column":56},"end":{"line":198,"column":1}}},"6":{"name":"(anonymous_13)","decl":{"start":{"line":205,"column":26},"end":{"line":205,"column":27}},"loc":{"start":{"line":205,"column":49},"end":{"line":214,"column":1}}},"7":{"name":"(anonymous_14)","decl":{"start":{"line":221,"column":24},"end":{"line":221,"column":25}},"loc":{"start":{"line":221,"column":54},"end":{"line":237,"column":1}}},"8":{"name":"(anonymous_15)","decl":{"start":{"line":305,"column":4},"end":{"line":305,"column":17}},"loc":{"start":{"line":305,"column":60},"end":{"line":323,"column":5}}},"9":{"name":"(anonymous_16)","decl":{"start":{"line":339,"column":4},"end":{"line":339,"column":10}},"loc":{"start":{"line":339,"column":63},"end":{"line":391,"column":5}}},"10":{"name":"(anonymous_17)","decl":{"start":{"line":397,"column":10},"end":{"line":397,"column":17}},"loc":{"start":{"line":397,"column":17},"end":{"line":444,"column":null}}},"11":{"name":"(anonymous_19)","decl":{"start":{"line":420,"column":20},"end":{"line":420,"column":23}},"loc":{"start":{"line":420,"column":25},"end":{"line":424,"column":21}}},"12":{"name":"(anonymous_20)","decl":{"start":{"line":449,"column":4},"end":{"line":449,"column":14}},"loc":{"start":{"line":449,"column":14},"end":{"line":485,"column":5}}},"13":{"name":"(anonymous_21)","decl":{"start":{"line":492,"column":10},"end":{"line":492,"column":25}},"loc":{"start":{"line":492,"column":72},"end":{"line":632,"column":null}}},"14":{"name":"(anonymous_23)","decl":{"start":{"line":522,"column":39},"end":{"line":522,"column":40}},"loc":{"start":{"line":522,"column":75},"end":{"line":541,"column":13}}},"15":{"name":"(anonymous_24)","decl":{"start":{"line":638,"column":10},"end":{"line":638,"column":24}},"loc":{"start":{"line":638,"column":24},"end":{"line":700,"column":null}}},"16":{"name":"(anonymous_26)","decl":{"start":{"line":706,"column":4},"end":{"line":706,"column":20}},"loc":{"start":{"line":706,"column":45},"end":{"line":753,"column":5}}},"17":{"name":"(anonymous_27)","decl":{"start":{"line":759,"column":18},"end":{"line":759,"column":38}},"loc":{"start":{"line":759,"column":70},"end":{"line":782,"column":null}}},"18":{"name":"(anonymous_29)","decl":{"start":{"line":788,"column":4},"end":{"line":788,"column":16}},"loc":{"start":{"line":788,"column":16},"end":{"line":792,"column":5}}},"19":{"name":"(anonymous_30)","decl":{"start":{"line":798,"column":4},"end":{"line":798,"column":15}},"loc":{"start":{"line":798,"column":15},"end":{"line":802,"column":5}}},"20":{"name":"(anonymous_31)","decl":{"start":{"line":808,"column":4},"end":{"line":808,"column":18}},"loc":{"start":{"line":808,"column":35},"end":{"line":812,"column":5}}},"21":{"name":"(anonymous_32)","decl":{"start":{"line":818,"column":4},"end":{"line":818,"column":13}},"loc":{"start":{"line":818,"column":29},"end":{"line":822,"column":5}}},"22":{"name":"(anonymous_33)","decl":{"start":{"line":828,"column":4},"end":{"line":828,"column":12}},"loc":{"start":{"line":828,"column":23},"end":{"line":833,"column":5}}},"23":{"name":"(anonymous_34)","decl":{"start":{"line":838,"column":12},"end":{"line":838,"column":39}},"loc":{"start":{"line":838,"column":39},"end":{"line":846,"column":5}}},"24":{"name":"(anonymous_35)","decl":{"start":{"line":852,"column":12},"end":{"line":852,"column":29}},"loc":{"start":{"line":852,"column":55},"end":{"line":881,"column":5}}},"25":{"name":"(anonymous_36)","decl":{"start":{"line":887,"column":10},"end":{"line":887,"column":27}},"loc":{"start":{"line":887,"column":53},"end":{"line":899,"column":null}}},"26":{"name":"(anonymous_38)","decl":{"start":{"line":905,"column":4},"end":{"line":905,"column":21}},"loc":{"start":{"line":905,"column":21},"end":{"line":909,"column":5}}}},"branchMap":{"0":{"loc":{"start":{"line":30,"column":4},"end":{"line":34,"column":null}},"type":"if","locations":[{"start":{"line":30,"column":4},"end":{"line":34,"column":null}}]},"1":{"loc":{"start":{"line":38,"column":8},"end":{"line":42,"column":null}},"type":"if","locations":[{"start":{"line":38,"column":8},"end":{"line":42,"column":null}}]},"2":{"loc":{"start":{"line":57,"column":4},"end":{"line":61,"column":null}},"type":"if","locations":[{"start":{"line":57,"column":4},"end":{"line":61,"column":null}}]},"3":{"loc":{"start":{"line":57,"column":8},"end":{"line":57,"column":36}},"type":"binary-expr","locations":[{"start":{"line":57,"column":8},"end":{"line":57,"column":10}},{"start":{"line":57,"column":14},"end":{"line":57,"column":36}}]},"4":{"loc":{"start":{"line":77,"column":4},"end":{"line":81,"column":null}},"type":"if","locations":[{"start":{"line":77,"column":4},"end":{"line":81,"column":null}}]},"5":{"loc":{"start":{"line":77,"column":8},"end":{"line":77,"column":56}},"type":"binary-expr","locations":[{"start":{"line":77,"column":8},"end":{"line":77,"column":20}},{"start":{"line":77,"column":24},"end":{"line":77,"column":56}}]},"6":{"loc":{"start":{"line":97,"column":4},"end":{"line":101,"column":null}},"type":"if","locations":[{"start":{"line":97,"column":4},"end":{"line":101,"column":null}}]},"7":{"loc":{"start":{"line":97,"column":8},"end":{"line":97,"column":70}},"type":"binary-expr","locations":[{"start":{"line":97,"column":8},"end":{"line":97,"column":27}},{"start":{"line":97,"column":31},"end":{"line":97,"column":70}}]},"8":{"loc":{"start":{"line":116,"column":4},"end":{"line":120,"column":null}},"type":"if","locations":[{"start":{"line":116,"column":4},"end":{"line":120,"column":null}}]},"9":{"loc":{"start":{"line":116,"column":8},"end":{"line":116,"column":62}},"type":"binary-expr","locations":[{"start":{"line":116,"column":8},"end":{"line":116,"column":23}},{"start":{"line":116,"column":27},"end":{"line":116,"column":62}}]},"10":{"loc":{"start":{"line":122,"column":4},"end":{"line":135,"column":null}},"type":"if","locations":[{"start":{"line":122,"column":4},"end":{"line":135,"column":null}}]},"11":{"loc":{"start":{"line":124,"column":8},"end":{"line":128,"column":null}},"type":"if","locations":[{"start":{"line":124,"column":8},"end":{"line":128,"column":null}}]},"12":{"loc":{"start":{"line":129,"column":8},"end":{"line":133,"column":null}},"type":"if","locations":[{"start":{"line":129,"column":8},"end":{"line":133,"column":null}}]},"13":{"loc":{"start":{"line":136,"column":4},"end":{"line":149,"column":null}},"type":"if","locations":[{"start":{"line":136,"column":4},"end":{"line":149,"column":null}}]},"14":{"loc":{"start":{"line":138,"column":8},"end":{"line":142,"column":null}},"type":"if","locations":[{"start":{"line":138,"column":8},"end":{"line":142,"column":null}}]},"15":{"loc":{"start":{"line":138,"column":12},"end":{"line":138,"column":156}},"type":"binary-expr","locations":[{"start":{"line":138,"column":13},"end":{"line":138,"column":22}},{"start":{"line":138,"column":26},"end":{"line":138,"column":83}},{"start":{"line":138,"column":88},"end":{"line":138,"column":156}}]},"16":{"loc":{"start":{"line":138,"column":26},"end":{"line":138,"column":49}},"type":"cond-expr","locations":[{"start":{"line":138,"column":34},"end":{"line":138,"column":36}},{"start":{"line":138,"column":26},"end":{"line":138,"column":49}}]},"17":{"loc":{"start":{"line":138,"column":26},"end":{"line":138,"column":36}},"type":"binary-expr","locations":[{"start":{"line":138,"column":26},"end":{"line":138,"column":36}},{"start":{"line":138,"column":26},"end":{"line":138,"column":36}}]},"18":{"loc":{"start":{"line":143,"column":8},"end":{"line":147,"column":null}},"type":"if","locations":[{"start":{"line":143,"column":8},"end":{"line":147,"column":null}}]},"19":{"loc":{"start":{"line":143,"column":12},"end":{"line":143,"column":133}},"type":"binary-expr","locations":[{"start":{"line":143,"column":12},"end":{"line":143,"column":65}},{"start":{"line":143,"column":69},"end":{"line":143,"column":133}}]},"20":{"loc":{"start":{"line":143,"column":12},"end":{"line":143,"column":35}},"type":"cond-expr","locations":[{"start":{"line":143,"column":20},"end":{"line":143,"column":22}},{"start":{"line":143,"column":12},"end":{"line":143,"column":35}}]},"21":{"loc":{"start":{"line":143,"column":12},"end":{"line":143,"column":22}},"type":"binary-expr","locations":[{"start":{"line":143,"column":12},"end":{"line":143,"column":22}},{"start":{"line":143,"column":12},"end":{"line":143,"column":22}}]},"22":{"loc":{"start":{"line":168,"column":4},"end":{"line":172,"column":null}},"type":"if","locations":[{"start":{"line":168,"column":4},"end":{"line":172,"column":null}}]},"23":{"loc":{"start":{"line":168,"column":8},"end":{"line":168,"column":88}},"type":"binary-expr","locations":[{"start":{"line":168,"column":8},"end":{"line":168,"column":40}},{"start":{"line":168,"column":44},"end":{"line":168,"column":88}}]},"24":{"loc":{"start":{"line":174,"column":4},"end":{"line":183,"column":null}},"type":"if","locations":[{"start":{"line":174,"column":4},"end":{"line":183,"column":null}}]},"25":{"loc":{"start":{"line":174,"column":8},"end":{"line":174,"column":75}},"type":"binary-expr","locations":[{"start":{"line":174,"column":8},"end":{"line":174,"column":41}},{"start":{"line":174,"column":45},"end":{"line":174,"column":75}}]},"26":{"loc":{"start":{"line":176,"column":8},"end":{"line":181,"column":null}},"type":"if","locations":[{"start":{"line":176,"column":8},"end":{"line":181,"column":null}}]},"27":{"loc":{"start":{"line":176,"column":12},"end":{"line":177,"column":154}},"type":"binary-expr","locations":[{"start":{"line":176,"column":12},"end":{"line":176,"column":62}},{"start":{"line":177,"column":9},"end":{"line":177,"column":79}},{"start":{"line":177,"column":83},"end":{"line":177,"column":153}}]},"28":{"loc":{"start":{"line":185,"column":4},"end":{"line":194,"column":null}},"type":"if","locations":[{"start":{"line":185,"column":4},"end":{"line":194,"column":null}}]},"29":{"loc":{"start":{"line":187,"column":8},"end":{"line":192,"column":null}},"type":"if","locations":[{"start":{"line":187,"column":8},"end":{"line":192,"column":null}}]},"30":{"loc":{"start":{"line":187,"column":12},"end":{"line":188,"column":138}},"type":"binary-expr","locations":[{"start":{"line":187,"column":12},"end":{"line":187,"column":51}},{"start":{"line":188,"column":9},"end":{"line":188,"column":71}},{"start":{"line":188,"column":75},"end":{"line":188,"column":137}}]},"31":{"loc":{"start":{"line":224,"column":4},"end":{"line":228,"column":null}},"type":"if","locations":[{"start":{"line":224,"column":4},"end":{"line":228,"column":null}}]},"32":{"loc":{"start":{"line":224,"column":8},"end":{"line":224,"column":44}},"type":"binary-expr","locations":[{"start":{"line":224,"column":8},"end":{"line":224,"column":14}},{"start":{"line":224,"column":18},"end":{"line":224,"column":44}}]},"33":{"loc":{"start":{"line":229,"column":4},"end":{"line":233,"column":null}},"type":"if","locations":[{"start":{"line":229,"column":4},"end":{"line":233,"column":null}}]},"34":{"loc":{"start":{"line":229,"column":8},"end":{"line":229,"column":40}},"type":"binary-expr","locations":[{"start":{"line":229,"column":8},"end":{"line":229,"column":12}},{"start":{"line":229,"column":16},"end":{"line":229,"column":40}}]},"35":{"loc":{"start":{"line":341,"column":8},"end":{"line":351,"column":null}},"type":"if","locations":[{"start":{"line":341,"column":8},"end":{"line":351,"column":null}}]},"36":{"loc":{"start":{"line":342,"column":12},"end":{"line":345,"column":null}},"type":"binary-expr","locations":[{"start":{"line":342,"column":13},"end":{"line":342,"column":19}},{"start":{"line":343,"column":16},"end":{"line":343,"column":42}},{"start":{"line":344,"column":16},"end":{"line":344,"column":37}},{"start":{"line":345,"column":16},"end":{"line":345,"column":31}}]},"37":{"loc":{"start":{"line":363,"column":8},"end":{"line":367,"column":null}},"type":"if","locations":[{"start":{"line":363,"column":8},"end":{"line":367,"column":null}}]},"38":{"loc":{"start":{"line":369,"column":8},"end":{"line":373,"column":null}},"type":"if","locations":[{"start":{"line":369,"column":8},"end":{"line":373,"column":null}}]},"39":{"loc":{"start":{"line":375,"column":8},"end":{"line":379,"column":null}},"type":"if","locations":[{"start":{"line":375,"column":8},"end":{"line":379,"column":null}}]},"40":{"loc":{"start":{"line":381,"column":8},"end":{"line":385,"column":null}},"type":"if","locations":[{"start":{"line":381,"column":8},"end":{"line":385,"column":null}}]},"41":{"loc":{"start":{"line":381,"column":12},"end":{"line":381,"column":69}},"type":"binary-expr","locations":[{"start":{"line":381,"column":12},"end":{"line":381,"column":28}},{"start":{"line":381,"column":32},"end":{"line":381,"column":69}}]},"42":{"loc":{"start":{"line":400,"column":8},"end":{"line":436,"column":null}},"type":"if","locations":[{"start":{"line":400,"column":8},"end":{"line":436,"column":null}},{"start":{"line":404,"column":15},"end":{"line":436,"column":null}}]},"43":{"loc":{"start":{"line":452,"column":8},"end":{"line":483,"column":null}},"type":"if","locations":[{"start":{"line":452,"column":8},"end":{"line":483,"column":null}},{"start":{"line":457,"column":15},"end":{"line":483,"column":null}}]},"44":{"loc":{"start":{"line":457,"column":15},"end":{"line":483,"column":null}},"type":"if","locations":[{"start":{"line":457,"column":15},"end":{"line":483,"column":null}},{"start":{"line":461,"column":15},"end":{"line":483,"column":null}}]},"45":{"loc":{"start":{"line":495,"column":8},"end":{"line":499,"column":null}},"type":"if","locations":[{"start":{"line":495,"column":8},"end":{"line":499,"column":null}}]},"46":{"loc":{"start":{"line":502,"column":8},"end":{"line":627,"column":null}},"type":"if","locations":[{"start":{"line":502,"column":8},"end":{"line":627,"column":null}},{"start":{"line":509,"column":15},"end":{"line":627,"column":null}}]},"47":{"loc":{"start":{"line":502,"column":12},"end":{"line":503,"column":73}},"type":"binary-expr","locations":[{"start":{"line":502,"column":12},"end":{"line":502,"column":73}},{"start":{"line":503,"column":12},"end":{"line":503,"column":73}}]},"48":{"loc":{"start":{"line":511,"column":12},"end":{"line":515,"column":null}},"type":"if","locations":[{"start":{"line":511,"column":12},"end":{"line":515,"column":null}}]},"49":{"loc":{"start":{"line":525,"column":16},"end":{"line":529,"column":null}},"type":"if","locations":[{"start":{"line":525,"column":16},"end":{"line":529,"column":null}}]},"50":{"loc":{"start":{"line":531,"column":16},"end":{"line":537,"column":null}},"type":"if","locations":[{"start":{"line":531,"column":16},"end":{"line":537,"column":null}}]},"51":{"loc":{"start":{"line":533,"column":56},"end":{"line":535,"column":55}},"type":"cond-expr","locations":[{"start":{"line":534,"column":26},"end":{"line":534,"column":42}},{"start":{"line":535,"column":26},"end":{"line":535,"column":55}}]},"52":{"loc":{"start":{"line":545,"column":12},"end":{"line":583,"column":null}},"type":"if","locations":[{"start":{"line":545,"column":12},"end":{"line":583,"column":null}},{"start":{"line":562,"column":19},"end":{"line":583,"column":null}}]},"53":{"loc":{"start":{"line":549,"column":16},"end":{"line":555,"column":null}},"type":"if","locations":[{"start":{"line":549,"column":16},"end":{"line":555,"column":null}}]},"54":{"loc":{"start":{"line":549,"column":20},"end":{"line":551,"column":74}},"type":"binary-expr","locations":[{"start":{"line":549,"column":20},"end":{"line":549,"column":38}},{"start":{"line":550,"column":20},"end":{"line":550,"column":47}},{"start":{"line":551,"column":20},"end":{"line":551,"column":74}}]},"55":{"loc":{"start":{"line":564,"column":16},"end":{"line":573,"column":null}},"type":"if","locations":[{"start":{"line":564,"column":16},"end":{"line":573,"column":null}},{"start":{"line":569,"column":23},"end":{"line":573,"column":null}}]},"56":{"loc":{"start":{"line":564,"column":20},"end":{"line":564,"column":69}},"type":"binary-expr","locations":[{"start":{"line":564,"column":20},"end":{"line":564,"column":38}},{"start":{"line":564,"column":42},"end":{"line":564,"column":69}}]},"57":{"loc":{"start":{"line":577,"column":16},"end":{"line":581,"column":null}},"type":"if","locations":[{"start":{"line":577,"column":16},"end":{"line":581,"column":null}}]},"58":{"loc":{"start":{"line":587,"column":12},"end":{"line":602,"column":null}},"type":"if","locations":[{"start":{"line":587,"column":12},"end":{"line":602,"column":null}}]},"59":{"loc":{"start":{"line":590,"column":16},"end":{"line":595,"column":null}},"type":"if","locations":[{"start":{"line":590,"column":16},"end":{"line":595,"column":null}}]},"60":{"loc":{"start":{"line":606,"column":12},"end":{"line":610,"column":null}},"type":"if","locations":[{"start":{"line":606,"column":12},"end":{"line":610,"column":null}}]},"61":{"loc":{"start":{"line":606,"column":16},"end":{"line":606,"column":73}},"type":"binary-expr","locations":[{"start":{"line":606,"column":16},"end":{"line":606,"column":34}},{"start":{"line":606,"column":38},"end":{"line":606,"column":73}}]},"62":{"loc":{"start":{"line":641,"column":8},"end":{"line":645,"column":null}},"type":"if","locations":[{"start":{"line":641,"column":8},"end":{"line":645,"column":null}}]},"63":{"loc":{"start":{"line":648,"column":8},"end":{"line":694,"column":null}},"type":"if","locations":[{"start":{"line":648,"column":8},"end":{"line":694,"column":null}},{"start":{"line":655,"column":15},"end":{"line":694,"column":null}}]},"64":{"loc":{"start":{"line":648,"column":12},"end":{"line":649,"column":71}},"type":"binary-expr","locations":[{"start":{"line":648,"column":12},"end":{"line":648,"column":77}},{"start":{"line":649,"column":12},"end":{"line":649,"column":71}}]},"65":{"loc":{"start":{"line":659,"column":12},"end":{"line":675,"column":null}},"type":"if","locations":[{"start":{"line":659,"column":12},"end":{"line":675,"column":null}}]},"66":{"loc":{"start":{"line":661,"column":16},"end":{"line":673,"column":null}},"type":"if","locations":[{"start":{"line":661,"column":16},"end":{"line":673,"column":null}},{"start":{"line":665,"column":23},"end":{"line":673,"column":null}}]},"67":{"loc":{"start":{"line":665,"column":23},"end":{"line":673,"column":null}},"type":"if","locations":[{"start":{"line":665,"column":23},"end":{"line":673,"column":null}},{"start":{"line":669,"column":23},"end":{"line":673,"column":null}}]},"68":{"loc":{"start":{"line":686,"column":12},"end":{"line":692,"column":null}},"type":"if","locations":[{"start":{"line":686,"column":12},"end":{"line":692,"column":null}}]},"69":{"loc":{"start":{"line":708,"column":8},"end":{"line":712,"column":null}},"type":"if","locations":[{"start":{"line":708,"column":8},"end":{"line":712,"column":null}}]},"70":{"loc":{"start":{"line":708,"column":12},"end":{"line":708,"column":67}},"type":"binary-expr","locations":[{"start":{"line":708,"column":12},"end":{"line":708,"column":28}},{"start":{"line":708,"column":32},"end":{"line":708,"column":67}}]},"71":{"loc":{"start":{"line":714,"column":8},"end":{"line":718,"column":null}},"type":"if","locations":[{"start":{"line":714,"column":8},"end":{"line":718,"column":null}}]},"72":{"loc":{"start":{"line":722,"column":8},"end":{"line":726,"column":null}},"type":"if","locations":[{"start":{"line":722,"column":8},"end":{"line":726,"column":null}}]},"73":{"loc":{"start":{"line":722,"column":12},"end":{"line":722,"column":156}},"type":"binary-expr","locations":[{"start":{"line":722,"column":13},"end":{"line":722,"column":22}},{"start":{"line":722,"column":26},"end":{"line":722,"column":83}},{"start":{"line":722,"column":88},"end":{"line":722,"column":156}}]},"74":{"loc":{"start":{"line":722,"column":26},"end":{"line":722,"column":49}},"type":"cond-expr","locations":[{"start":{"line":722,"column":34},"end":{"line":722,"column":36}},{"start":{"line":722,"column":26},"end":{"line":722,"column":49}}]},"75":{"loc":{"start":{"line":722,"column":26},"end":{"line":722,"column":36}},"type":"binary-expr","locations":[{"start":{"line":722,"column":26},"end":{"line":722,"column":36}},{"start":{"line":722,"column":26},"end":{"line":722,"column":36}}]},"76":{"loc":{"start":{"line":727,"column":8},"end":{"line":731,"column":null}},"type":"if","locations":[{"start":{"line":727,"column":8},"end":{"line":731,"column":null}}]},"77":{"loc":{"start":{"line":727,"column":12},"end":{"line":727,"column":133}},"type":"binary-expr","locations":[{"start":{"line":727,"column":12},"end":{"line":727,"column":65}},{"start":{"line":727,"column":69},"end":{"line":727,"column":133}}]},"78":{"loc":{"start":{"line":727,"column":12},"end":{"line":727,"column":35}},"type":"cond-expr","locations":[{"start":{"line":727,"column":20},"end":{"line":727,"column":22}},{"start":{"line":727,"column":12},"end":{"line":727,"column":35}}]},"79":{"loc":{"start":{"line":727,"column":12},"end":{"line":727,"column":22}},"type":"binary-expr","locations":[{"start":{"line":727,"column":12},"end":{"line":727,"column":22}},{"start":{"line":727,"column":12},"end":{"line":727,"column":22}}]},"80":{"loc":{"start":{"line":733,"column":8},"end":{"line":737,"column":null}},"type":"if","locations":[{"start":{"line":733,"column":8},"end":{"line":737,"column":null}}]},"81":{"loc":{"start":{"line":761,"column":8},"end":{"line":780,"column":null}},"type":"if","locations":[{"start":{"line":761,"column":8},"end":{"line":780,"column":null}},{"start":{"line":776,"column":15},"end":{"line":780,"column":null}}]},"82":{"loc":{"start":{"line":763,"column":12},"end":{"line":774,"column":null}},"type":"if","locations":[{"start":{"line":763,"column":12},"end":{"line":774,"column":null}},{"start":{"line":769,"column":19},"end":{"line":774,"column":null}}]},"83":{"loc":{"start":{"line":763,"column":16},"end":{"line":763,"column":94}},"type":"binary-expr","locations":[{"start":{"line":763,"column":16},"end":{"line":763,"column":35}},{"start":{"line":763,"column":39},"end":{"line":763,"column":94}}]},"84":{"loc":{"start":{"line":769,"column":19},"end":{"line":774,"column":null}},"type":"if","locations":[{"start":{"line":769,"column":19},"end":{"line":774,"column":null}}]},"85":{"loc":{"start":{"line":769,"column":23},"end":{"line":769,"column":130}},"type":"binary-expr","locations":[{"start":{"line":769,"column":23},"end":{"line":769,"column":43}},{"start":{"line":769,"column":47},"end":{"line":769,"column":104}},{"start":{"line":769,"column":108},"end":{"line":769,"column":130}}]},"86":{"loc":{"start":{"line":840,"column":8},"end":{"line":844,"column":null}},"type":"if","locations":[{"start":{"line":840,"column":8},"end":{"line":844,"column":null}}]},"87":{"loc":{"start":{"line":890,"column":8},"end":{"line":895,"column":null}},"type":"if","locations":[{"start":{"line":890,"column":8},"end":{"line":895,"column":null}}]}},"s":{"0":39,"1":39,"2":39,"3":39,"4":39,"5":39,"6":39,"7":22,"8":1,"9":21,"10":43,"11":1,"12":20,"13":39,"14":35,"15":1,"16":34,"17":39,"18":24,"19":24,"20":1,"21":23,"22":39,"23":25,"24":25,"25":1,"26":24,"27":39,"28":23,"29":23,"30":1,"31":22,"32":21,"33":1,"34":20,"35":1,"36":20,"37":14,"38":1,"39":13,"40":1,"41":18,"42":39,"43":22,"44":22,"45":1,"46":21,"47":6,"48":2,"49":19,"50":4,"51":2,"52":17,"53":39,"54":25,"55":24,"56":23,"57":18,"58":39,"59":14,"60":14,"61":1,"62":13,"63":1,"64":12,"65":30,"66":30,"67":30,"68":30,"69":30,"70":30,"71":30,"72":30,"73":30,"74":30,"75":30,"76":30,"77":30,"78":30,"79":30,"80":35,"81":0,"82":35,"83":35,"84":34,"85":22,"86":32,"87":25,"88":25,"89":14,"90":23,"91":1,"92":22,"93":17,"94":3,"95":1,"96":2,"97":2,"98":2,"99":2,"100":2,"101":2,"102":1,"103":1,"104":1,"105":1,"106":0,"107":1,"108":1,"109":4,"110":1,"111":3,"112":1,"113":2,"114":2,"115":2,"116":1,"117":1,"118":1,"119":1,"120":1,"121":1,"122":13,"123":1,"124":12,"125":3,"126":9,"127":1,"128":9,"129":9,"130":8,"131":5,"132":8,"133":7,"134":8,"135":9,"136":9,"137":7,"138":7,"139":1,"140":6,"141":2,"142":1,"143":1,"144":1,"145":2,"146":2,"147":2,"148":8,"149":8,"150":8,"151":0,"152":0,"153":8,"154":8,"155":8,"156":8,"157":8,"158":8,"159":7,"160":7,"161":7,"162":7,"163":7,"164":5,"165":5,"166":8,"167":14,"168":1,"169":13,"170":2,"171":11,"172":11,"173":9,"174":1,"175":8,"176":6,"177":2,"178":11,"179":9,"180":9,"181":9,"182":1,"183":1,"184":1,"185":11,"186":6,"187":1,"188":5,"189":1,"190":4,"191":4,"192":1,"193":3,"194":1,"195":2,"196":1,"197":1,"198":1,"199":3,"200":2,"201":1,"202":1,"203":1,"204":1,"205":1,"206":1,"207":1,"208":9,"209":6,"210":3,"211":1,"212":1,"213":13,"214":12,"215":11,"216":11,"217":11,"218":3,"219":3,"220":3,"221":1,"222":39},"f":{"0":22,"1":35,"2":24,"3":25,"4":23,"5":22,"6":25,"7":14,"8":30,"9":35,"10":3,"11":0,"12":4,"13":13,"14":8,"15":14,"16":6,"17":3,"18":9,"19":6,"20":3,"21":1,"22":1,"23":13,"24":11,"25":3,"26":1},"b":{"0":[1],"1":[1],"2":[1],"3":[35,29],"4":[1],"5":[24,14],"6":[1],"7":[25,15],"8":[1],"9":[23,15],"10":[21],"11":[1],"12":[1],"13":[14],"14":[1],"15":[14,13,11],"16":[0,13],"17":[13,13],"18":[1],"19":[13,3],"20":[1,12],"21":[13,13],"22":[1],"23":[22,1],"24":[6],"25":[21,6],"26":[2],"27":[6,5,5],"28":[4],"29":[2],"30":[4,3,3],"31":[1],"32":[14,13],"33":[1],"34":[13,13],"35":[0],"36":[35,35,35,35],"37":[22],"38":[25],"39":[14],"40":[1],"41":[23,8],"42":[1,2],"43":[1,3],"44":[1,2],"45":[1],"46":[3,9],"47":[12,10],"48":[1],"49":[5],"50":[7],"51":[6,1],"52":[7,2],"53":[1],"54":[7,2,1],"55":[1,1],"56":[2,2],"57":[2],"58":[8],"59":[0],"60":[8],"61":[8,8],"62":[1],"63":[2,11],"64":[13,12],"65":[9],"66":[1,8],"67":[6,2],"68":[1],"69":[1],"70":[6,6],"71":[1],"72":[1],"73":[4,4,2],"74":[0,4],"75":[4,4],"76":[1],"77":[3,2],"78":[0,3],"79":[3,3],"80":[1],"81":[2,1],"82":[1,1],"83":[2,1],"84":[1],"85":[1,1,1],"86":[12],"87":[3]}}
,"/Users/christopherstokes/Documents/Code/symbl-web-sdk/src/api/streaming/index.ts": {"path":"/Users/christopherstokes/Documents/Code/symbl-web-sdk/src/api/streaming/index.ts","statementMap":{"0":{"start":{"line":1,"column":0},"end":{"line":1,"column":41}}},"fnMap":{},"branchMap":{},"s":{"0":39},"f":{},"b":{}}
,"/Users/christopherstokes/Documents/Code/symbl-web-sdk/src/api/subscribe/SubscribeAPIConnection.ts": {"path":"/Users/christopherstokes/Documents/Code/symbl-web-sdk/src/api/subscribe/SubscribeAPIConnection.ts","statementMap":{"0":{"start":{"line":1,"column":0},"end":{"line":1,"column":null}},"1":{"start":{"line":7,"column":0},"end":{"line":7,"column":48}},"2":{"start":{"line":8,"column":0},"end":{"line":8,"column":40}},"3":{"start":{"line":41,"column":8},"end":{"line":41,"column":25}},"4":{"start":{"line":27,"column":12},"end":{"line":27,"column":59}},"5":{"start":{"line":32,"column":12},"end":{"line":32,"column":33}},"6":{"start":{"line":37,"column":11},"end":{"line":37,"column":58}},"7":{"start":{"line":44,"column":8},"end":{"line":44,"column":61}},"8":{"start":{"line":54,"column":8},"end":{"line":98,"column":null}},"9":{"start":{"line":56,"column":12},"end":{"line":56,"column":98}},"10":{"start":{"line":62,"column":12},"end":{"line":96,"column":null}},"11":{"start":{"line":64,"column":16},"end":{"line":64,"column":66}},"12":{"start":{"line":65,"column":16},"end":{"line":65,"column":45}},"13":{"start":{"line":66,"column":45},"end":{"line":70,"column":18}},"14":{"start":{"line":71,"column":16},"end":{"line":74,"column":18}},"15":{"start":{"line":76,"column":16},"end":{"line":76,"column":65}},"16":{"start":{"line":79,"column":16},"end":{"line":79,"column":41}},"17":{"start":{"line":80,"column":16},"end":{"line":87,"column":18}},"18":{"start":{"line":83,"column":24},"end":{"line":83,"column":72}},"19":{"start":{"line":92,"column":16},"end":{"line":92,"column":66}},"20":{"start":{"line":93,"column":16},"end":{"line":93,"column":42}},"21":{"start":{"line":94,"column":16},"end":{"line":94,"column":25}},"22":{"start":{"line":114,"column":8},"end":{"line":139,"column":null}},"23":{"start":{"line":116,"column":12},"end":{"line":116,"column":108}},"24":{"start":{"line":120,"column":15},"end":{"line":139,"column":null}},"25":{"start":{"line":122,"column":12},"end":{"line":122,"column":112}},"26":{"start":{"line":128,"column":12},"end":{"line":128,"column":65}},"27":{"start":{"line":129,"column":12},"end":{"line":129,"column":32}},"28":{"start":{"line":132,"column":12},"end":{"line":132,"column":64}},"29":{"start":{"line":136,"column":12},"end":{"line":136,"column":38}},"30":{"start":{"line":137,"column":12},"end":{"line":137,"column":63}},"31":{"start":{"line":149,"column":8},"end":{"line":149,"column":33}},"32":{"start":{"line":160,"column":8},"end":{"line":160,"column":31}},"33":{"start":{"line":10,"column":0},"end":{"line":10,"column":13}}},"fnMap":{"0":{"name":"(anonymous_7)","decl":{"start":{"line":39,"column":4},"end":{"line":39,"column":17}},"loc":{"start":{"line":39,"column":34},"end":{"line":46,"column":5}}},"1":{"name":"(anonymous_8)","decl":{"start":{"line":51,"column":10},"end":{"line":51,"column":17}},"loc":{"start":{"line":51,"column":17},"end":{"line":106,"column":null}}},"2":{"name":"(anonymous_10)","decl":{"start":{"line":81,"column":20},"end":{"line":81,"column":23}},"loc":{"start":{"line":81,"column":25},"end":{"line":85,"column":21}}},"3":{"name":"(anonymous_11)","decl":{"start":{"line":111,"column":4},"end":{"line":111,"column":14}},"loc":{"start":{"line":111,"column":14},"end":{"line":141,"column":5}}},"4":{"name":"(anonymous_12)","decl":{"start":{"line":147,"column":4},"end":{"line":147,"column":15}},"loc":{"start":{"line":147,"column":15},"end":{"line":151,"column":5}}},"5":{"name":"(anonymous_13)","decl":{"start":{"line":158,"column":4},"end":{"line":158,"column":18}},"loc":{"start":{"line":158,"column":35},"end":{"line":162,"column":5}}}},"branchMap":{"0":{"loc":{"start":{"line":54,"column":8},"end":{"line":98,"column":null}},"type":"if","locations":[{"start":{"line":54,"column":8},"end":{"line":98,"column":null}},{"start":{"line":60,"column":15},"end":{"line":98,"column":null}}]},"1":{"loc":{"start":{"line":114,"column":8},"end":{"line":139,"column":null}},"type":"if","locations":[{"start":{"line":114,"column":8},"end":{"line":139,"column":null}},{"start":{"line":120,"column":15},"end":{"line":139,"column":null}}]},"2":{"loc":{"start":{"line":120,"column":15},"end":{"line":139,"column":null}},"type":"if","locations":[{"start":{"line":120,"column":15},"end":{"line":139,"column":null}},{"start":{"line":126,"column":15},"end":{"line":139,"column":null}}]}},"s":{"0":39,"1":39,"2":39,"3":5,"4":5,"5":5,"6":5,"7":5,"8":3,"9":1,"10":2,"11":2,"12":2,"13":1,"14":1,"15":1,"16":1,"17":1,"18":0,"19":1,"20":1,"21":1,"22":5,"23":1,"24":4,"25":1,"26":3,"27":3,"28":2,"29":2,"30":2,"31":1,"32":3,"33":39},"f":{"0":5,"1":3,"2":0,"3":5,"4":1,"5":3},"b":{"0":[1,2],"1":[1,4],"2":[1,3]}}
,"/Users/christopherstokes/Documents/Code/symbl-web-sdk/src/api/subscribe/index.ts": {"path":"/Users/christopherstokes/Documents/Code/symbl-web-sdk/src/api/subscribe/index.ts","statementMap":{"0":{"start":{"line":1,"column":0},"end":{"line":1,"column":41}}},"fnMap":{},"branchMap":{},"s":{"0":39},"f":{},"b":{}}
,"/Users/christopherstokes/Documents/Code/symbl-web-sdk/src/audio/index.ts": {"path":"/Users/christopherstokes/Documents/Code/symbl-web-sdk/src/audio/index.ts","statementMap":{"0":{"start":{"line":1,"column":0},"end":{"line":1,"column":25}}},"fnMap":{},"branchMap":{},"s":{"0":41},"f":{},"b":{}}
,"/Users/christopherstokes/Documents/Code/symbl-web-sdk/src/audio/stream/AudioStream.ts": {"path":"/Users/christopherstokes/Documents/Code/symbl-web-sdk/src/audio/stream/AudioStream.ts","statementMap":{"0":{"start":{"line":1,"column":0},"end":{"line":1,"column":62}},"1":{"start":{"line":2,"column":0},"end":{"line":2,"column":135}},"2":{"start":{"line":3,"column":0},"end":{"line":3,"column":34}},"3":{"start":{"line":6,"column":21},"end":{"line":6,"column":78}},"4":{"start":{"line":67,"column":8},"end":{"line":67,"column":16}},"5":{"start":{"line":12,"column":14},"end":{"line":12,"column":45}},"6":{"start":{"line":49,"column":12},"end":{"line":49,"column":47}},"7":{"start":{"line":54,"column":11},"end":{"line":54,"column":35}},"8":{"start":{"line":68,"column":8},"end":{"line":78,"column":null}},"9":{"start":{"line":70,"column":12},"end":{"line":70,"column":41}},"10":{"start":{"line":71,"column":12},"end":{"line":75,"column":null}},"11":{"start":{"line":73,"column":16},"end":{"line":73,"column":71}},"12":{"start":{"line":76,"column":12},"end":{"line":76,"column":59}},"13":{"start":{"line":80,"column":8},"end":{"line":80,"column":59}},"14":{"start":{"line":81,"column":8},"end":{"line":81,"column":59}},"15":{"start":{"line":82,"column":8},"end":{"line":82,"column":59}},"16":{"start":{"line":83,"column":8},"end":{"line":83,"column":67}},"17":{"start":{"line":84,"column":8},"end":{"line":84,"column":67}},"18":{"start":{"line":85,"column":8},"end":{"line":85,"column":67}},"19":{"start":{"line":86,"column":8},"end":{"line":86,"column":71}},"20":{"start":{"line":87,"column":8},"end":{"line":87,"column":73}},"21":{"start":{"line":88,"column":8},"end":{"line":88,"column":57}},"22":{"start":{"line":89,"column":8},"end":{"line":89,"column":65}},"23":{"start":{"line":103,"column":8},"end":{"line":115,"column":null}},"24":{"start":{"line":105,"column":33},"end":{"line":105,"column":78}},"25":{"start":{"line":106,"column":40},"end":{"line":108,"column":14}},"26":{"start":{"line":109,"column":12},"end":{"line":109,"column":70}},"27":{"start":{"line":113,"column":12},"end":{"line":113,"column":51}},"28":{"start":{"line":116,"column":8},"end":{"line":116,"column":41}},"29":{"start":{"line":127,"column":8},"end":{"line":131,"column":null}},"30":{"start":{"line":129,"column":12},"end":{"line":129,"column":91}},"31":{"start":{"line":133,"column":21},"end":{"line":138,"column":10}},"32":{"start":{"line":139,"column":24},"end":{"line":139,"column":71}},"33":{"start":{"line":140,"column":29},"end":{"line":140,"column":79}},"34":{"start":{"line":140,"column":53},"end":{"line":140,"column":78}},"35":{"start":{"line":141,"column":8},"end":{"line":145,"column":null}},"36":{"start":{"line":143,"column":12},"end":{"line":143,"column":81}},"37":{"start":{"line":147,"column":26},"end":{"line":147,"column":79}},"38":{"start":{"line":147,"column":53},"end":{"line":147,"column":78}},"39":{"start":{"line":150,"column":8},"end":{"line":162,"column":null}},"40":{"start":{"line":153,"column":12},"end":{"line":153,"column":42}},"41":{"start":{"line":155,"column":12},"end":{"line":160,"column":15}},"42":{"start":{"line":164,"column":8},"end":{"line":164,"column":22}},"43":{"start":{"line":174,"column":8},"end":{"line":174,"column":44}},"44":{"start":{"line":183,"column":8},"end":{"line":191,"column":null}},"45":{"start":{"line":185,"column":12},"end":{"line":185,"column":46}},"46":{"start":{"line":189,"column":12},"end":{"line":189,"column":62}},"47":{"start":{"line":200,"column":8},"end":{"line":204,"column":null}},"48":{"start":{"line":202,"column":12},"end":{"line":202,"column":45}},"49":{"start":{"line":210,"column":33},"end":{"line":210,"column":113}},"50":{"start":{"line":212,"column":30},"end":{"line":214,"column":30}},"51":{"start":{"line":216,"column":8},"end":{"line":220,"column":null}},"52":{"start":{"line":218,"column":12},"end":{"line":218,"column":33}},"53":{"start":{"line":222,"column":8},"end":{"line":226,"column":null}},"54":{"start":{"line":224,"column":12},"end":{"line":224,"column":42}},"55":{"start":{"line":228,"column":8},"end":{"line":245,"column":null}},"56":{"start":{"line":230,"column":12},"end":{"line":243,"column":null}},"57":{"start":{"line":235,"column":28},"end":{"line":235,"column":58}},"58":{"start":{"line":236,"column":29},"end":{"line":236,"column":45}},"59":{"start":{"line":237,"column":29},"end":{"line":239,"column":null}},"60":{"start":{"line":241,"column":16},"end":{"line":241,"column":62}},"61":{"start":{"line":247,"column":27},"end":{"line":247,"column":87}},"62":{"start":{"line":248,"column":30},"end":{"line":251,"column":null}},"63":{"start":{"line":253,"column":8},"end":{"line":253,"column":66}},"64":{"start":{"line":254,"column":8},"end":{"line":254,"column":43}},"65":{"start":{"line":255,"column":8},"end":{"line":255,"column":38}},"66":{"start":{"line":257,"column":8},"end":{"line":257,"column":32}},"67":{"start":{"line":269,"column":8},"end":{"line":269,"column":42}},"68":{"start":{"line":271,"column":8},"end":{"line":275,"column":null}},"69":{"start":{"line":273,"column":12},"end":{"line":273,"column":116}},"70":{"start":{"line":277,"column":8},"end":{"line":281,"column":null}},"71":{"start":{"line":279,"column":12},"end":{"line":279,"column":110}},"72":{"start":{"line":283,"column":8},"end":{"line":290,"column":null}},"73":{"start":{"line":288,"column":12},"end":{"line":288,"column":119}},"74":{"start":{"line":292,"column":8},"end":{"line":296,"column":null}},"75":{"start":{"line":294,"column":12},"end":{"line":294,"column":148}},"76":{"start":{"line":297,"column":8},"end":{"line":301,"column":null}},"77":{"start":{"line":299,"column":12},"end":{"line":299,"column":88}},"78":{"start":{"line":303,"column":8},"end":{"line":320,"column":null}},"79":{"start":{"line":305,"column":27},"end":{"line":305,"column":54}},"80":{"start":{"line":306,"column":12},"end":{"line":318,"column":null}},"81":{"start":{"line":308,"column":16},"end":{"line":308,"column":94}},"82":{"start":{"line":310,"column":19},"end":{"line":318,"column":null}},"83":{"start":{"line":313,"column":16},"end":{"line":316,"column":18}},"84":{"start":{"line":322,"column":34},"end":{"line":322,"column":50}},"85":{"start":{"line":324,"column":8},"end":{"line":328,"column":null}},"86":{"start":{"line":326,"column":12},"end":{"line":326,"column":65}},"87":{"start":{"line":330,"column":24},"end":{"line":330,"column":78}},"88":{"start":{"line":332,"column":8},"end":{"line":332,"column":23}},"89":{"start":{"line":352,"column":8},"end":{"line":352,"column":57}},"90":{"start":{"line":362,"column":8},"end":{"line":362,"column":57}},"91":{"start":{"line":371,"column":8},"end":{"line":376,"column":null}},"92":{"start":{"line":373,"column":12},"end":{"line":373,"column":41}},"93":{"start":{"line":374,"column":12},"end":{"line":374,"column":35}},"94":{"start":{"line":377,"column":8},"end":{"line":382,"column":null}},"95":{"start":{"line":379,"column":12},"end":{"line":379,"column":44}},"96":{"start":{"line":380,"column":12},"end":{"line":380,"column":38}},"97":{"start":{"line":384,"column":8},"end":{"line":391,"column":10}},"98":{"start":{"line":387,"column":16},"end":{"line":387,"column":80}},"99":{"start":{"line":401,"column":8},"end":{"line":401,"column":57}},"100":{"start":{"line":411,"column":8},"end":{"line":411,"column":57}},"101":{"start":{"line":423,"column":8},"end":{"line":423,"column":29}},"102":{"start":{"line":424,"column":27},"end":{"line":426,"column":null}},"103":{"start":{"line":428,"column":8},"end":{"line":428,"column":26}},"104":{"start":{"line":438,"column":8},"end":{"line":438,"column":57}},"105":{"start":{"line":448,"column":8},"end":{"line":448,"column":57}},"106":{"start":{"line":459,"column":8},"end":{"line":459,"column":33}},"107":{"start":{"line":461,"column":8},"end":{"line":465,"column":null}},"108":{"start":{"line":463,"column":12},"end":{"line":463,"column":37}},"109":{"start":{"line":468,"column":8},"end":{"line":478,"column":null}},"110":{"start":{"line":470,"column":12},"end":{"line":470,"column":43}},"111":{"start":{"line":476,"column":12},"end":{"line":476,"column":74}},"112":{"start":{"line":480,"column":8},"end":{"line":484,"column":null}},"113":{"start":{"line":482,"column":12},"end":{"line":482,"column":58}},"114":{"start":{"line":488,"column":8},"end":{"line":488,"column":86}},"115":{"start":{"line":489,"column":8},"end":{"line":493,"column":10}},"116":{"start":{"line":494,"column":8},"end":{"line":494,"column":55}},"117":{"start":{"line":495,"column":8},"end":{"line":495,"column":40}},"118":{"start":{"line":496,"column":8},"end":{"line":496,"column":37}},"119":{"start":{"line":498,"column":8},"end":{"line":526,"column":10}},"120":{"start":{"line":498,"column":59},"end":{"line":526,"column":10}},"121":{"start":{"line":500,"column":12},"end":{"line":524,"column":null}},"122":{"start":{"line":502,"column":32},"end":{"line":502,"column":79}},"123":{"start":{"line":503,"column":31},"end":{"line":503,"column":65}},"124":{"start":{"line":504,"column":16},"end":{"line":522,"column":null}},"125":{"start":{"line":506,"column":40},"end":{"line":506,"column":150}},"126":{"start":{"line":506,"column":62},"end":{"line":506,"column":149}},"127":{"start":{"line":507,"column":20},"end":{"line":520,"column":null}},"128":{"start":{"line":509,"column":24},"end":{"line":509,"column":63}},"129":{"start":{"line":510,"column":24},"end":{"line":510,"column":83}},"130":{"start":{"line":511,"column":24},"end":{"line":518,"column":26}},"131":{"start":{"line":514,"column":32},"end":{"line":514,"column":72}},"132":{"start":{"line":537,"column":8},"end":{"line":542,"column":null}},"133":{"start":{"line":539,"column":12},"end":{"line":539,"column":41}},"134":{"start":{"line":540,"column":12},"end":{"line":540,"column":35}},"135":{"start":{"line":543,"column":8},"end":{"line":548,"column":null}},"136":{"start":{"line":545,"column":12},"end":{"line":545,"column":39}},"137":{"start":{"line":546,"column":12},"end":{"line":546,"column":33}},"138":{"start":{"line":549,"column":8},"end":{"line":554,"column":null}},"139":{"start":{"line":551,"column":12},"end":{"line":551,"column":44}},"140":{"start":{"line":552,"column":12},"end":{"line":552,"column":38}},"141":{"start":{"line":556,"column":8},"end":{"line":563,"column":10}},"142":{"start":{"line":559,"column":16},"end":{"line":559,"column":80}},"143":{"start":{"line":575,"column":8},"end":{"line":575,"column":33}},"144":{"start":{"line":578,"column":8},"end":{"line":581,"column":10}},"145":{"start":{"line":591,"column":8},"end":{"line":591,"column":43}},"146":{"start":{"line":600,"column":8},"end":{"line":600,"column":48}},"147":{"start":{"line":611,"column":8},"end":{"line":611,"column":48}},"148":{"start":{"line":621,"column":8},"end":{"line":625,"column":null}},"149":{"start":{"line":623,"column":12},"end":{"line":623,"column":42}},"150":{"start":{"line":7,"column":0},"end":{"line":7,"column":13}}},"fnMap":{"0":{"name":"(anonymous_8)","decl":{"start":{"line":65,"column":4},"end":{"line":65,"column":17}},"loc":{"start":{"line":65,"column":56},"end":{"line":96,"column":5}}},"1":{"name":"(anonymous_9)","decl":{"start":{"line":101,"column":18},"end":{"line":101,"column":34}},"loc":{"start":{"line":101,"column":61},"end":{"line":118,"column":null}}},"2":{"name":"(anonymous_11)","decl":{"start":{"line":125,"column":4},"end":{"line":125,"column":10}},"loc":{"start":{"line":125,"column":53},"end":{"line":166,"column":null}}},"3":{"name":"(anonymous_13)","decl":{"start":{"line":140,"column":44},"end":{"line":140,"column":45}},"loc":{"start":{"line":140,"column":53},"end":{"line":140,"column":78}}},"4":{"name":"(anonymous_14)","decl":{"start":{"line":147,"column":44},"end":{"line":147,"column":45}},"loc":{"start":{"line":147,"column":53},"end":{"line":147,"column":78}}},"5":{"name":"(anonymous_15)","decl":{"start":{"line":172,"column":4},"end":{"line":172,"column":17}},"loc":{"start":{"line":172,"column":17},"end":{"line":176,"column":5}}},"6":{"name":"(anonymous_16)","decl":{"start":{"line":181,"column":10},"end":{"line":181,"column":29}},"loc":{"start":{"line":181,"column":29},"end":{"line":193,"column":null}}},"7":{"name":"(anonymous_18)","decl":{"start":{"line":198,"column":10},"end":{"line":198,"column":28}},"loc":{"start":{"line":198,"column":28},"end":{"line":206,"column":null}}},"8":{"name":"(anonymous_20)","decl":{"start":{"line":208,"column":18},"end":{"line":208,"column":40}},"loc":{"start":{"line":208,"column":63},"end":{"line":259,"column":null}}},"9":{"name":"(anonymous_22)","decl":{"start":{"line":267,"column":20},"end":{"line":267,"column":33}},"loc":{"start":{"line":267,"column":74},"end":{"line":344,"column":null}}},"10":{"name":"(anonymous_24)","decl":{"start":{"line":350,"column":10},"end":{"line":350,"column":34}},"loc":{"start":{"line":350,"column":62},"end":{"line":354,"column":null}}},"11":{"name":"(anonymous_26)","decl":{"start":{"line":360,"column":10},"end":{"line":360,"column":34}},"loc":{"start":{"line":360,"column":62},"end":{"line":364,"column":null}}},"12":{"name":"(anonymous_28)","decl":{"start":{"line":369,"column":14},"end":{"line":369,"column":27}},"loc":{"start":{"line":369,"column":27},"end":{"line":393,"column":5}}},"13":{"name":"(anonymous_29)","decl":{"start":{"line":385,"column":12},"end":{"line":385,"column":15}},"loc":{"start":{"line":385,"column":17},"end":{"line":389,"column":13}}},"14":{"name":"(anonymous_30)","decl":{"start":{"line":399,"column":4},"end":{"line":399,"column":28}},"loc":{"start":{"line":399,"column":28},"end":{"line":403,"column":5}}},"15":{"name":"(anonymous_31)","decl":{"start":{"line":409,"column":4},"end":{"line":409,"column":28}},"loc":{"start":{"line":409,"column":28},"end":{"line":413,"column":5}}},"16":{"name":"(anonymous_32)","decl":{"start":{"line":421,"column":20},"end":{"line":421,"column":33}},"loc":{"start":{"line":421,"column":74},"end":{"line":430,"column":null}}},"17":{"name":"(anonymous_34)","decl":{"start":{"line":436,"column":10},"end":{"line":436,"column":34}},"loc":{"start":{"line":436,"column":62},"end":{"line":440,"column":null}}},"18":{"name":"(anonymous_36)","decl":{"start":{"line":446,"column":10},"end":{"line":446,"column":34}},"loc":{"start":{"line":446,"column":62},"end":{"line":450,"column":null}}},"19":{"name":"(anonymous_38)","decl":{"start":{"line":457,"column":10},"end":{"line":457,"column":27}},"loc":{"start":{"line":457,"column":76},"end":{"line":529,"column":null}}},"20":{"name":"(anonymous_40)","decl":{"start":{"line":498,"column":48},"end":{"line":498,"column":57}},"loc":{"start":{"line":498,"column":59},"end":{"line":526,"column":10}}},"21":{"name":"(anonymous_41)","decl":{"start":{"line":498,"column":59},"end":{"line":498,"column":null}},"loc":{"start":{"line":498,"column":59},"end":{"line":526,"column":9}}},"22":{"name":"(anonymous_42)","decl":{"start":{"line":506,"column":53},"end":{"line":506,"column":54}},"loc":{"start":{"line":506,"column":62},"end":{"line":506,"column":149}}},"23":{"name":"(anonymous_43)","decl":{"start":{"line":512,"column":28},"end":{"line":512,"column":31}},"loc":{"start":{"line":512,"column":33},"end":{"line":516,"column":29}}},"24":{"name":"(anonymous_44)","decl":{"start":{"line":535,"column":4},"end":{"line":535,"column":21}},"loc":{"start":{"line":535,"column":21},"end":{"line":565,"column":5}}},"25":{"name":"(anonymous_45)","decl":{"start":{"line":557,"column":12},"end":{"line":557,"column":15}},"loc":{"start":{"line":557,"column":17},"end":{"line":561,"column":13}}},"26":{"name":"(anonymous_46)","decl":{"start":{"line":572,"column":10},"end":{"line":572,"column":27}},"loc":{"start":{"line":572,"column":72},"end":{"line":583,"column":null}}},"27":{"name":"(anonymous_48)","decl":{"start":{"line":589,"column":4},"end":{"line":589,"column":23}},"loc":{"start":{"line":589,"column":59},"end":{"line":593,"column":5}}},"28":{"name":"(anonymous_49)","decl":{"start":{"line":598,"column":14},"end":{"line":598,"column":34}},"loc":{"start":{"line":598,"column":34},"end":{"line":602,"column":5}}},"29":{"name":"(anonymous_50)","decl":{"start":{"line":609,"column":14},"end":{"line":609,"column":26}},"loc":{"start":{"line":609,"column":47},"end":{"line":613,"column":5}}},"30":{"name":"(anonymous_51)","decl":{"start":{"line":619,"column":4},"end":{"line":619,"column":20}},"loc":{"start":{"line":619,"column":40},"end":{"line":627,"column":5}}}},"branchMap":{"0":{"loc":{"start":{"line":6,"column":21},"end":{"line":6,"column":78}},"type":"binary-expr","locations":[{"start":{"line":6,"column":21},"end":{"line":6,"column":40}},{"start":{"line":6,"column":45},"end":{"line":6,"column":78}}]},"1":{"loc":{"start":{"line":68,"column":8},"end":{"line":78,"column":null}},"type":"if","locations":[{"start":{"line":68,"column":8},"end":{"line":78,"column":null}}]},"2":{"loc":{"start":{"line":71,"column":12},"end":{"line":75,"column":null}},"type":"if","locations":[{"start":{"line":71,"column":12},"end":{"line":75,"column":null}}]},"3":{"loc":{"start":{"line":71,"column":16},"end":{"line":71,"column":100}},"type":"binary-expr","locations":[{"start":{"line":71,"column":16},"end":{"line":71,"column":55}},{"start":{"line":71,"column":59},"end":{"line":71,"column":100}}]},"4":{"loc":{"start":{"line":71,"column":16},"end":{"line":71,"column":41}},"type":"cond-expr","locations":[{"start":{"line":71,"column":34},"end":{"line":71,"column":36}},{"start":{"line":71,"column":34},"end":{"line":71,"column":41}}]},"5":{"loc":{"start":{"line":71,"column":16},"end":{"line":71,"column":36}},"type":"binary-expr","locations":[{"start":{"line":71,"column":16},"end":{"line":71,"column":36}},{"start":{"line":71,"column":34},"end":{"line":71,"column":36}}]},"6":{"loc":{"start":{"line":71,"column":59},"end":{"line":71,"column":84}},"type":"cond-expr","locations":[{"start":{"line":71,"column":77},"end":{"line":71,"column":79}},{"start":{"line":71,"column":77},"end":{"line":71,"column":84}}]},"7":{"loc":{"start":{"line":71,"column":59},"end":{"line":71,"column":79}},"type":"binary-expr","locations":[{"start":{"line":71,"column":59},"end":{"line":71,"column":79}},{"start":{"line":71,"column":77},"end":{"line":71,"column":79}}]},"8":{"loc":{"start":{"line":103,"column":8},"end":{"line":115,"column":null}},"type":"if","locations":[{"start":{"line":103,"column":8},"end":{"line":115,"column":null}},{"start":{"line":111,"column":15},"end":{"line":115,"column":null}}]},"9":{"loc":{"start":{"line":125,"column":33},"end":{"line":125,"column":53}},"type":"default-arg","locations":[{"start":{"line":125,"column":44},"end":{"line":125,"column":53}}]},"10":{"loc":{"start":{"line":127,"column":8},"end":{"line":131,"column":null}},"type":"if","locations":[{"start":{"line":127,"column":8},"end":{"line":131,"column":null}}]},"11":{"loc":{"start":{"line":141,"column":8},"end":{"line":145,"column":null}},"type":"if","locations":[{"start":{"line":141,"column":8},"end":{"line":145,"column":null}}]},"12":{"loc":{"start":{"line":150,"column":8},"end":{"line":162,"column":null}},"type":"if","locations":[{"start":{"line":150,"column":8},"end":{"line":162,"column":null}}]},"13":{"loc":{"start":{"line":183,"column":8},"end":{"line":191,"column":null}},"type":"if","locations":[{"start":{"line":183,"column":8},"end":{"line":191,"column":null}},{"start":{"line":187,"column":15},"end":{"line":191,"column":null}}]},"14":{"loc":{"start":{"line":183,"column":12},"end":{"line":183,"column":70}},"type":"binary-expr","locations":[{"start":{"line":183,"column":12},"end":{"line":183,"column":29}},{"start":{"line":183,"column":33},"end":{"line":183,"column":70}}]},"15":{"loc":{"start":{"line":200,"column":8},"end":{"line":204,"column":null}},"type":"if","locations":[{"start":{"line":200,"column":8},"end":{"line":204,"column":null}}]},"16":{"loc":{"start":{"line":200,"column":12},"end":{"line":200,"column":72}},"type":"binary-expr","locations":[{"start":{"line":200,"column":12},"end":{"line":200,"column":29}},{"start":{"line":200,"column":33},"end":{"line":200,"column":72}}]},"17":{"loc":{"start":{"line":210,"column":33},"end":{"line":210,"column":113}},"type":"binary-expr","locations":[{"start":{"line":210,"column":33},"end":{"line":210,"column":60}},{"start":{"line":210,"column":64},"end":{"line":210,"column":113}}]},"18":{"loc":{"start":{"line":212,"column":30},"end":{"line":214,"column":30}},"type":"cond-expr","locations":[{"start":{"line":213,"column":14},"end":{"line":213,"column":41}},{"start":{"line":214,"column":14},"end":{"line":214,"column":30}}]},"19":{"loc":{"start":{"line":216,"column":8},"end":{"line":220,"column":null}},"type":"if","locations":[{"start":{"line":216,"column":8},"end":{"line":220,"column":null}}]},"20":{"loc":{"start":{"line":222,"column":8},"end":{"line":226,"column":null}},"type":"if","locations":[{"start":{"line":222,"column":8},"end":{"line":226,"column":null}}]},"21":{"loc":{"start":{"line":222,"column":12},"end":{"line":222,"column":93}},"type":"binary-expr","locations":[{"start":{"line":222,"column":12},"end":{"line":222,"column":30}},{"start":{"line":222,"column":35},"end":{"line":222,"column":52}},{"start":{"line":222,"column":56},"end":{"line":222,"column":92}}]},"22":{"loc":{"start":{"line":228,"column":8},"end":{"line":245,"column":null}},"type":"if","locations":[{"start":{"line":228,"column":8},"end":{"line":245,"column":null}}]},"23":{"loc":{"start":{"line":230,"column":12},"end":{"line":243,"column":null}},"type":"if","locations":[{"start":{"line":230,"column":12},"end":{"line":243,"column":null}}]},"24":{"loc":{"start":{"line":271,"column":8},"end":{"line":275,"column":null}},"type":"if","locations":[{"start":{"line":271,"column":8},"end":{"line":275,"column":null}}]},"25":{"loc":{"start":{"line":277,"column":8},"end":{"line":281,"column":null}},"type":"if","locations":[{"start":{"line":277,"column":8},"end":{"line":281,"column":null}}]},"26":{"loc":{"start":{"line":277,"column":12},"end":{"line":277,"column":71}},"type":"binary-expr","locations":[{"start":{"line":277,"column":12},"end":{"line":277,"column":21}},{"start":{"line":277,"column":26},"end":{"line":277,"column":46}},{"start":{"line":277,"column":50},"end":{"line":277,"column":70}}]},"27":{"loc":{"start":{"line":283,"column":8},"end":{"line":290,"column":null}},"type":"if","locations":[{"start":{"line":283,"column":8},"end":{"line":290,"column":null}}]},"28":{"loc":{"start":{"line":292,"column":8},"end":{"line":296,"column":null}},"type":"if","locations":[{"start":{"line":292,"column":8},"end":{"line":296,"column":null}}]},"29":{"loc":{"start":{"line":292,"column":12},"end":{"line":292,"column":151}},"type":"binary-expr","locations":[{"start":{"line":292,"column":12},"end":{"line":292,"column":50}},{"start":{"line":292,"column":55},"end":{"line":292,"column":85}},{"start":{"line":292,"column":89},"end":{"line":292,"column":150}}]},"30":{"loc":{"start":{"line":297,"column":8},"end":{"line":301,"column":null}},"type":"if","locations":[{"start":{"line":297,"column":8},"end":{"line":301,"column":null}}]},"31":{"loc":{"start":{"line":297,"column":12},"end":{"line":297,"column":75}},"type":"binary-expr","locations":[{"start":{"line":297,"column":12},"end":{"line":297,"column":50}},{"start":{"line":297,"column":54},"end":{"line":297,"column":75}}]},"32":{"loc":{"start":{"line":303,"column":8},"end":{"line":320,"column":null}},"type":"if","locations":[{"start":{"line":303,"column":8},"end":{"line":320,"column":null}}]},"33":{"loc":{"start":{"line":306,"column":12},"end":{"line":318,"column":null}},"type":"if","locations":[{"start":{"line":306,"column":12},"end":{"line":318,"column":null}},{"start":{"line":310,"column":19},"end":{"line":318,"column":null}}]},"34":{"loc":{"start":{"line":306,"column":16},"end":{"line":306,"column":54}},"type":"binary-expr","locations":[{"start":{"line":306,"column":16},"end":{"line":306,"column":22}},{"start":{"line":306,"column":26},"end":{"line":306,"column":54}}]},"35":{"loc":{"start":{"line":310,"column":19},"end":{"line":318,"column":null}},"type":"if","locations":[{"start":{"line":310,"column":19},"end":{"line":318,"column":null}}]},"36":{"loc":{"start":{"line":310,"column":23},"end":{"line":310,"column":61}},"type":"binary-expr","locations":[{"start":{"line":310,"column":23},"end":{"line":310,"column":29}},{"start":{"line":310,"column":33},"end":{"line":310,"column":61}}]},"37":{"loc":{"start":{"line":324,"column":8},"end":{"line":328,"column":null}},"type":"if","locations":[{"start":{"line":324,"column":8},"end":{"line":328,"column":null}}]},"38":{"loc":{"start":{"line":371,"column":8},"end":{"line":376,"column":null}},"type":"if","locations":[{"start":{"line":371,"column":8},"end":{"line":376,"column":null}}]},"39":{"loc":{"start":{"line":377,"column":8},"end":{"line":382,"column":null}},"type":"if","locations":[{"start":{"line":377,"column":8},"end":{"line":382,"column":null}}]},"40":{"loc":{"start":{"line":457,"column":29},"end":{"line":457,"column":49}},"type":"default-arg","locations":[{"start":{"line":457,"column":40},"end":{"line":457,"column":49}}]},"41":{"loc":{"start":{"line":461,"column":8},"end":{"line":465,"column":null}},"type":"if","locations":[{"start":{"line":461,"column":8},"end":{"line":465,"column":null}}]},"42":{"loc":{"start":{"line":468,"column":8},"end":{"line":478,"column":null}},"type":"if","locations":[{"start":{"line":468,"column":8},"end":{"line":478,"column":null}},{"start":{"line":474,"column":15},"end":{"line":478,"column":null}}]},"43":{"loc":{"start":{"line":480,"column":8},"end":{"line":484,"column":null}},"type":"if","locations":[{"start":{"line":480,"column":8},"end":{"line":484,"column":null}}]},"44":{"loc":{"start":{"line":480,"column":12},"end":{"line":480,"column":93}},"type":"binary-expr","locations":[{"start":{"line":480,"column":12},"end":{"line":480,"column":30}},{"start":{"line":480,"column":35},"end":{"line":480,"column":52}},{"start":{"line":480,"column":56},"end":{"line":480,"column":92}}]},"45":{"loc":{"start":{"line":500,"column":12},"end":{"line":524,"column":null}},"type":"if","locations":[{"start":{"line":500,"column":12},"end":{"line":524,"column":null}}]},"46":{"loc":{"start":{"line":503,"column":31},"end":{"line":503,"column":65}},"type":"cond-expr","locations":[{"start":{"line":503,"column":47},"end":{"line":503,"column":49}},{"start":{"line":503,"column":47},"end":{"line":503,"column":65}}]},"47":{"loc":{"start":{"line":503,"column":31},"end":{"line":503,"column":49}},"type":"binary-expr","locations":[{"start":{"line":503,"column":31},"end":{"line":503,"column":49}},{"start":{"line":503,"column":47},"end":{"line":503,"column":49}}]},"48":{"loc":{"start":{"line":504,"column":16},"end":{"line":522,"column":null}},"type":"if","locations":[{"start":{"line":504,"column":16},"end":{"line":522,"column":null}}]},"49":{"loc":{"start":{"line":504,"column":20},"end":{"line":504,"column":34}},"type":"cond-expr","locations":[{"start":{"line":504,"column":26},"end":{"line":504,"column":28}},{"start":{"line":504,"column":20},"end":{"line":504,"column":34}}]},"50":{"loc":{"start":{"line":504,"column":20},"end":{"line":504,"column":28}},"type":"binary-expr","locations":[{"start":{"line":504,"column":20},"end":{"line":504,"column":28}},{"start":{"line":504,"column":20},"end":{"line":504,"column":28}}]},"51":{"loc":{"start":{"line":506,"column":62},"end":{"line":506,"column":149}},"type":"binary-expr","locations":[{"start":{"line":506,"column":62},"end":{"line":506,"column":87}},{"start":{"line":506,"column":91},"end":{"line":506,"column":116}},{"start":{"line":506,"column":120},"end":{"line":506,"column":149}}]},"52":{"loc":{"start":{"line":507,"column":20},"end":{"line":520,"column":null}},"type":"if","locations":[{"start":{"line":507,"column":20},"end":{"line":520,"column":null}}]},"53":{"loc":{"start":{"line":507,"column":24},"end":{"line":507,"column":72}},"type":"binary-expr","locations":[{"start":{"line":507,"column":24},"end":{"line":507,"column":36}},{"start":{"line":507,"column":40},"end":{"line":507,"column":72}}]},"54":{"loc":{"start":{"line":537,"column":8},"end":{"line":542,"column":null}},"type":"if","locations":[{"start":{"line":537,"column":8},"end":{"line":542,"column":null}}]},"55":{"loc":{"start":{"line":543,"column":8},"end":{"line":548,"column":null}},"type":"if","locations":[{"start":{"line":543,"column":8},"end":{"line":548,"column":null}}]},"56":{"loc":{"start":{"line":549,"column":8},"end":{"line":554,"column":null}},"type":"if","locations":[{"start":{"line":549,"column":8},"end":{"line":554,"column":null}}]},"57":{"loc":{"start":{"line":621,"column":8},"end":{"line":625,"column":null}},"type":"if","locations":[{"start":{"line":621,"column":8},"end":{"line":625,"column":null}}]}},"s":{"0":48,"1":48,"2":48,"3":48,"4":70,"5":70,"6":70,"7":70,"8":70,"9":24,"10":24,"11":13,"12":24,"13":70,"14":70,"15":70,"16":70,"17":70,"18":70,"19":70,"20":70,"21":70,"22":70,"23":13,"24":9,"25":9,"26":9,"27":4,"28":13,"29":18,"30":2,"31":16,"32":16,"33":16,"34":15,"35":16,"36":1,"37":15,"38":15,"39":15,"40":1,"41":1,"42":15,"43":9,"44":13,"45":1,"46":12,"47":22,"48":3,"49":2,"50":2,"51":2,"52":2,"53":2,"54":0,"55":2,"56":2,"57":2,"58":2,"59":2,"60":2,"61":2,"62":2,"63":2,"64":2,"65":2,"66":2,"67":2,"68":2,"69":0,"70":2,"71":0,"72":2,"73":0,"74":2,"75":0,"76":2,"77":0,"78":2,"79":2,"80":2,"81":0,"82":2,"83":0,"84":2,"85":2,"86":0,"87":2,"88":2,"89":5,"90":0,"91":9,"92":6,"93":6,"94":9,"95":3,"96":3,"97":9,"98":0,"99":1,"100":0,"101":2,"102":2,"103":2,"104":0,"105":0,"106":17,"107":17,"108":6,"109":17,"110":4,"111":13,"112":15,"113":9,"114":15,"115":15,"116":15,"117":15,"118":15,"119":15,"120":0,"121":0,"122":0,"123":0,"124":0,"125":0,"126":0,"127":0,"128":0,"129":0,"130":0,"131":0,"132":14,"133":10,"134":10,"135":14,"136":3,"137":3,"138":14,"139":1,"140":1,"141":14,"142":1,"143":4,"144":4,"145":14,"146":1,"147":1,"148":2,"149":2,"150":48},"f":{"0":70,"1":13,"2":18,"3":15,"4":15,"5":9,"6":13,"7":22,"8":2,"9":2,"10":5,"11":0,"12":9,"13":0,"14":1,"15":0,"16":2,"17":0,"18":0,"19":17,"20":0,"21":0,"22":0,"23":0,"24":14,"25":1,"26":4,"27":14,"28":1,"29":1,"30":2},"b":{"0":[48,0],"1":[24],"2":[13],"3":[24,23],"4":[11,13],"5":[24,24],"6":[11,12],"7":[23,23],"8":[9,4],"9":[4],"10":[2],"11":[1],"12":[1],"13":[1,12],"14":[13,13],"15":[3],"16":[22,22],"17":[2,0],"18":[0,2],"19":[2],"20":[0],"21":[2,2,2],"22":[2],"23":[2],"24":[0],"25":[0],"26":[2,2,0],"27":[0],"28":[0],"29":[2,0,0],"30":[0],"31":[2,0],"32":[2],"33":[0,2],"34":[2,0],"35":[0],"36":[2,0],"37":[0],"38":[6],"39":[3],"40":[9],"41":[6],"42":[4,13],"43":[9],"44":[15,6,6],"45":[0],"46":[0,0],"47":[0,0],"48":[0],"49":[0,0],"50":[0,0],"51":[0,0,0],"52":[0],"53":[0,0],"54":[10],"55":[3],"56":[1],"57":[2]}}
[...]
2},"end":{"line":384,"column":18}},"106":{"start":{"line":386,"column":12},"end":{"line":386,"column":35}},"107":{"start":{"line":387,"column":12},"end":{"line":387,"column":18}},"108":{"start":{"line":389,"column":12},"end":{"line":389,"column":27}},"109":{"start":{"line":390,"column":12},"end":{"line":390,"column":18}},"110":{"start":{"line":392,"column":12},"end":{"line":392,"column":97}},"111":{"start":{"line":397,"column":8},"end":{"line":402,"column":null}},"112":{"start":{"line":400,"column":12},"end":{"line":400,"column":64}},"113":{"start":{"line":403,"column":8},"end":{"line":415,"column":11}},"114":{"start":{"line":406,"column":12},"end":{"line":413,"column":14}},"115":{"start":{"line":409,"column":20},"end":{"line":409,"column":26}},"116":{"start":{"line":27,"column":0},"end":{"line":27,"column":21}}},"fnMap":{"0":{"name":"(anonymous_8)","decl":{"start":{"line":48,"column":4},"end":{"line":48,"column":17}},"loc":{"start":{"line":48,"column":42},"end":{"line":91,"column":5}}},"1":{"name":"(anonymous_9)","decl":{"start":{"line":96,"column":12},"end":{"line":96,"column":28}},"loc":{"start":{"line":96,"column":54},"end":{"line":123,"column":5}}},"2":{"name":"(anonymous_10)","decl":{"start":{"line":130,"column":4},"end":{"line":130,"column":24}},"loc":{"start":{"line":130,"column":50},"end":{"line":206,"column":5}}},"3":{"name":"(anonymous_11)","decl":{"start":{"line":212,"column":10},"end":{"line":212,"column":14}},"loc":{"start":{"line":212,"column":41},"end":{"line":248,"column":null}}},"4":{"name":"(anonymous_13)","decl":{"start":{"line":256,"column":10},"end":{"line":256,"column":26}},"loc":{"start":{"line":256,"column":87},"end":{"line":295,"column":null}}},"5":{"name":"(anonymous_15)","decl":{"start":{"line":303,"column":10},"end":{"line":303,"column":37}},"loc":{"start":{"line":303,"column":111},"end":{"line":332,"column":null}}},"6":{"name":"(anonymous_17)","decl":{"start":{"line":339,"column":10},"end":{"line":339,"column":31}},"loc":{"start":{"line":339,"column":50},"end":{"line":360,"column":null}}},"7":{"name":"(anonymous_19)","decl":{"start":{"line":368,"column":4},"end":{"line":368,"column":10}},"loc":{"start":{"line":368,"column":57},"end":{"line":417,"column":5}}},"8":{"name":"(anonymous_20)","decl":{"start":{"line":403,"column":27},"end":{"line":403,"column":28}},"loc":{"start":{"line":403,"column":35},"end":{"line":415,"column":9}}},"9":{"name":"(anonymous_21)","decl":{"start":{"line":407,"column":16},"end":{"line":407,"column":19}},"loc":{"start":{"line":407,"column":21},"end":{"line":411,"column":17}}}},"branchMap":{"0":{"loc":{"start":{"line":51,"column":8},"end":{"line":55,"column":null}},"type":"if","locations":[{"start":{"line":51,"column":8},"end":{"line":55,"column":null}}]},"1":{"loc":{"start":{"line":66,"column":8},"end":{"line":88,"column":null}},"type":"if","locations":[{"start":{"line":66,"column":8},"end":{"line":88,"column":null}}]},"2":{"loc":{"start":{"line":69,"column":12},"end":{"line":78,"column":null}},"type":"if","locations":[{"start":{"line":69,"column":12},"end":{"line":78,"column":null}},{"start":{"line":74,"column":19},"end":{"line":78,"column":null}}]},"3":{"loc":{"start":{"line":69,"column":16},"end":{"line":69,"column":34}},"type":"binary-expr","locations":[{"start":{"line":69,"column":16},"end":{"line":69,"column":21}},{"start":{"line":69,"column":25},"end":{"line":69,"column":34}}]},"4":{"loc":{"start":{"line":74,"column":19},"end":{"line":78,"column":null}},"type":"if","locations":[{"start":{"line":74,"column":19},"end":{"line":78,"column":null}}]},"5":{"loc":{"start":{"line":79,"column":12},"end":{"line":84,"column":null}},"type":"if","locations":[{"start":{"line":79,"column":12},"end":{"line":84,"column":null}}]},"6":{"loc":{"start":{"line":98,"column":8},"end":{"line":120,"column":null}},"type":"if","locations":[{"start":{"line":98,"column":8},"end":{"line":120,"column":null}}]},"7":{"loc":{"start":{"line":102,"column":12},"end":{"line":112,"column":null}},"type":"if","locations":[{"start":{"line":102,"column":12},"end":{"line":112,"column":null}},{"start":{"line":107,"column":19},"end":{"line":112,"column":null}}]},"8":{"loc":{"start":{"line":114,"column":12},"end":{"line":118,"column":null}},"type":"if","locations":[{"start":{"line":114,"column":12},"end":{"line":118,"column":null}}]},"9":{"loc":{"start":{"line":132,"column":8},"end":{"line":136,"column":null}},"type":"if","locations":[{"start":{"line":132,"column":8},"end":{"line":136,"column":null}}]},"10":{"loc":{"start":{"line":140,"column":8},"end":{"line":144,"column":null}},"type":"if","locations":[{"start":{"line":140,"column":8},"end":{"line":144,"column":null}}]},"11":{"loc":{"start":{"line":140,"column":12},"end":{"line":140,"column":65}},"type":"binary-expr","locations":[{"start":{"line":140,"column":12},"end":{"line":140,"column":20}},{"start":{"line":140,"column":24},"end":{"line":140,"column":65}}]},"12":{"loc":{"start":{"line":146,"column":8},"end":{"line":150,"column":null}},"type":"if","locations":[{"start":{"line":146,"column":8},"end":{"line":150,"column":null}}]},"13":{"loc":{"start":{"line":146,"column":12},"end":{"line":146,"column":69}},"type":"binary-expr","locations":[{"start":{"line":146,"column":12},"end":{"line":146,"column":28}},{"start":{"line":146,"column":32},"end":{"line":146,"column":69}}]},"14":{"loc":{"start":{"line":152,"column":8},"end":{"line":156,"column":null}},"type":"if","locations":[{"start":{"line":152,"column":8},"end":{"line":156,"column":null}}]},"15":{"loc":{"start":{"line":152,"column":12},"end":{"line":152,"column":48}},"type":"binary-expr","locations":[{"start":{"line":152,"column":12},"end":{"line":152,"column":18}},{"start":{"line":152,"column":22},"end":{"line":152,"column":32}},{"start":{"line":152,"column":36},"end":{"line":152,"column":48}}]},"16":{"loc":{"start":{"line":158,"column":8},"end":{"line":162,"column":null}},"type":"if","locations":[{"start":{"line":158,"column":8},"end":{"line":162,"column":null}}]},"17":{"loc":{"start":{"line":158,"column":12},"end":{"line":158,"column":47}},"type":"binary-expr","locations":[{"start":{"line":158,"column":12},"end":{"line":158,"column":23}},{"start":{"line":158,"column":28},"end":{"line":158,"column":33}},{"start":{"line":158,"column":37},"end":{"line":158,"column":46}}]},"18":{"loc":{"start":{"line":164,"column":8},"end":{"line":168,"column":null}},"type":"if","locations":[{"start":{"line":164,"column":8},"end":{"line":168,"column":null}}]},"19":{"loc":{"start":{"line":164,"column":12},"end":{"line":164,"column":34}},"type":"binary-expr","locations":[{"start":{"line":164,"column":12},"end":{"line":164,"column":18}},{"start":{"line":164,"column":22},"end":{"line":164,"column":34}}]},"20":{"loc":{"start":{"line":170,"column":8},"end":{"line":176,"column":null}},"type":"if","locations":[{"start":{"line":170,"column":8},"end":{"line":176,"column":null}}]},"21":{"loc":{"start":{"line":170,"column":12},"end":{"line":171,"column":76}},"type":"binary-expr","locations":[{"start":{"line":170,"column":12},"end":{"line":170,"column":17}},{"start":{"line":171,"column":13},"end":{"line":171,"column":32}},{"start":{"line":171,"column":36},"end":{"line":171,"column":75}}]},"22":{"loc":{"start":{"line":178,"column":8},"end":{"line":182,"column":null}},"type":"if","locations":[{"start":{"line":178,"column":8},"end":{"line":182,"column":null}}]},"23":{"loc":{"start":{"line":178,"column":12},"end":{"line":178,"column":47}},"type":"binary-expr","locations":[{"start":{"line":178,"column":12},"end":{"line":178,"column":17}},{"start":{"line":178,"column":21},"end":{"line":178,"column":31}},{"start":{"line":178,"column":35},"end":{"line":178,"column":47}}]},"24":{"loc":{"start":{"line":184,"column":8},"end":{"line":190,"column":null}},"type":"if","locations":[{"start":{"line":184,"column":8},"end":{"line":190,"column":null}}]},"25":{"loc":{"start":{"line":184,"column":12},"end":{"line":185,"column":85}},"type":"binary-expr","locations":[{"start":{"line":184,"column":12},"end":{"line":184,"column":21}},{"start":{"line":185,"column":13},"end":{"line":185,"column":37}},{"start":{"line":185,"column":41},"end":{"line":185,"column":84}}]},"26":{"loc":{"start":{"line":192,"column":8},"end":{"line":202,"column":null}},"type":"if","locations":[{"start":{"line":192,"column":8},"end":{"line":202,"column":null}}]},"27":{"loc":{"start":{"line":196,"column":12},"end":{"line":200,"column":null}},"type":"if","locations":[{"start":{"line":196,"column":12},"end":{"line":200,"column":null}}]},"28":{"loc":{"start":{"line":214,"column":8},"end":{"line":218,"column":null}},"type":"if","locations":[{"start":{"line":214,"column":8},"end":{"line":218,"column":null}}]},"29":{"loc":{"start":{"line":214,"column":12},"end":{"line":214,"column":44}},"type":"binary-expr","locations":[{"start":{"line":214,"column":12},"end":{"line":214,"column":24}},{"start":{"line":214,"column":28},"end":{"line":214,"column":44}}]},"30":{"loc":{"start":{"line":226,"column":12},"end":{"line":235,"column":null}},"type":"if","locations":[{"start":{"line":226,"column":12},"end":{"line":235,"column":null}},{"start":{"line":230,"column":19},"end":{"line":235,"column":null}}]},"31":{"loc":{"start":{"line":237,"column":34},"end":{"line":237,"column":88}},"type":"binary-expr","locations":[{"start":{"line":237,"column":34},"end":{"line":237,"column":54}},{"start":{"line":237,"column":58},"end":{"line":237,"column":88}}]},"32":{"loc":{"start":{"line":258,"column":8},"end":{"line":283,"column":null}},"type":"if","locations":[{"start":{"line":258,"column":8},"end":{"line":283,"column":null}},{"start":{"line":279,"column":15},"end":{"line":283,"column":null}}]},"33":{"loc":{"start":{"line":260,"column":12},"end":{"line":264,"column":null}},"type":"if","locations":[{"start":{"line":260,"column":12},"end":{"line":264,"column":null}}]},"34":{"loc":{"start":{"line":273,"column":12},"end":{"line":277,"column":null}},"type":"if","locations":[{"start":{"line":273,"column":12},"end":{"line":277,"column":null}}]},"35":{"loc":{"start":{"line":305,"column":8},"end":{"line":309,"column":null}},"type":"if","locations":[{"start":{"line":305,"column":8},"end":{"line":309,"column":null}}]},"36":{"loc":{"start":{"line":311,"column":8},"end":{"line":315,"column":null}},"type":"if","locations":[{"start":{"line":311,"column":8},"end":{"line":315,"column":null}}]},"37":{"loc":{"start":{"line":311,"column":12},"end":{"line":311,"column":66}},"type":"binary-expr","locations":[{"start":{"line":311,"column":12},"end":{"line":311,"column":39}},{"start":{"line":311,"column":43},"end":{"line":311,"column":66}}]},"38":{"loc":{"start":{"line":319,"column":12},"end":{"line":321,"column":22}},"type":"cond-expr","locations":[{"start":{"line":320,"column":18},"end":{"line":320,"column":28}},{"start":{"line":321,"column":18},"end":{"line":321,"column":22}}]},"39":{"loc":{"start":{"line":342,"column":8},"end":{"line":346,"column":null}},"type":"if","locations":[{"start":{"line":342,"column":8},"end":{"line":346,"column":null}}]},"40":{"loc":{"start":{"line":368,"column":31},"end":{"line":368,"column":57}},"type":"default-arg","locations":[{"start":{"line":368,"column":46},"end":{"line":368,"column":57}}]},"41":{"loc":{"start":{"line":370,"column":8},"end":{"line":374,"column":null}},"type":"if","locations":[{"start":{"line":370,"column":8},"end":{"line":374,"column":null}}]},"42":{"loc":{"start":{"line":379,"column":8},"end":{"line":394,"column":null}},"type":"switch","locations":[{"start":{"line":381,"column":8},"end":{"line":384,"column":18}},{"start":{"line":385,"column":8},"end":{"line":387,"column":18}},{"start":{"line":388,"column":8},"end":{"line":390,"column":18}},{"start":{"line":391,"column":8},"end":{"line":392,"column":97}}]},"43":{"loc":{"start":{"line":397,"column":8},"end":{"line":402,"column":null}},"type":"if","locations":[{"start":{"line":397,"column":8},"end":{"line":402,"column":null}}]}},"s":{"0":40,"1":40,"2":40,"3":40,"4":40,"5":40,"6":40,"7":40,"8":40,"9":95,"10":95,"11":95,"12":70,"13":88,"14":88,"15":88,"16":88,"17":88,"18":88,"19":88,"20":88,"21":63,"22":63,"23":62,"24":62,"25":1,"26":1,"27":63,"28":2,"29":2,"30":63,"31":70,"32":70,"33":70,"34":1,"35":1,"36":69,"37":69,"38":69,"39":2,"40":97,"41":3,"42":94,"43":94,"44":1,"45":93,"46":1,"47":92,"48":2,"49":90,"50":2,"51":88,"52":4,"53":84,"54":3,"55":81,"56":4,"57":77,"58":2,"59":75,"60":6,"61":6,"62":6,"63":2,"64":73,"65":16,"66":1,"67":16,"68":7,"69":6,"70":6,"71":6,"72":1,"73":5,"74":5,"75":6,"76":6,"77":0,"78":11,"79":7,"80":1,"81":6,"82":6,"83":6,"84":1,"85":4,"86":9,"87":9,"88":9,"89":6,"90":1,"91":6,"92":1,"93":5,"94":5,"95":5,"96":2,"97":1,"98":1,"99":1,"100":1,"101":6,"102":1,"103":5,"104":1,"105":1,"106":1,"107":1,"108":2,"109":2,"110":1,"111":4,"112":1,"113":3,"114":3,"115":0,"116":40},"f":{"0":95,"1":70,"2":97,"3":16,"4":11,"5":6,"6":2,"7":6,"8":3,"9":0},"b":{"0":[70],"1":[63],"2":[62,1],"3":[63,62],"4":[1],"5":[2],"6":[70],"7":[1,69],"8":[2],"9":[3],"10":[1],"11":[94,2],"12":[1],"13":[93,3],"14":[2],"15":[92,12,8],"16":[2],"17":[90,8,6],"18":[4],"19":[88,10],"20":[3],"21":[84,78,75],"22":[4],"23":[81,75,4],"24":[2],"25":[77,71,69],"26":[6],"27":[2],"28":[1],"29":[16,3],"30":[1,5],"31":[6,6],"32":[7,4],"33":[1],"34":[1],"35":[1],"36":[1],"37":[6,1],"38":[5,0],"39":[1],"40":[0],"41":[1],"42":[1,1,2,1],"43":[1]}}
,"/Users/christopherstokes/Documents/Code/symbl-web-sdk/src/types/index.ts": {"path":"/Users/christopherstokes/Documents/Code/symbl-web-sdk/src/types/index.ts","statementMap":{"0":{"start":{"line":1,"column":0},"end":{"line":1,"column":24}},"1":{"start":{"line":2,"column":0},"end":{"line":2,"column":29}},"2":{"start":{"line":3,"column":0},"end":{"line":3,"column":30}},"3":{"start":{"line":4,"column":0},"end":{"line":4,"column":35}},"4":{"start":{"line":5,"column":0},"end":{"line":5,"column":37}},"5":{"start":{"line":6,"column":0},"end":{"line":6,"column":28}},"6":{"start":{"line":7,"column":0},"end":{"line":7,"column":28}},"7":{"start":{"line":8,"column":0},"end":{"line":8,"column":24}}},"fnMap":{},"branchMap":{},"s":{"0":49,"1":49,"2":49,"3":49,"4":49,"5":49,"6":49,"7":49},"f":{},"b":{}}
,"/Users/christopherstokes/Documents/Code/symbl-web-sdk/src/types/connection/index.ts": {"path":"/Users/christopherstokes/Documents/Code/symbl-web-sdk/src/types/connection/index.ts","statementMap":{"0":{"start":{"line":9,"column":0},"end":{"line":9,"column":null}},"1":{"start":{"line":10,"column":4},"end":{"line":10,"column":null}},"2":{"start":{"line":11,"column":4},"end":{"line":11,"column":null}},"3":{"start":{"line":116,"column":4},"end":{"line":116,"column":23}},"4":{"start":{"line":14,"column":0},"end":{"line":14,"column":null}},"5":{"start":{"line":15,"column":4},"end":{"line":15,"column":null}},"6":{"start":{"line":16,"column":4},"end":{"line":16,"column":null}},"7":{"start":{"line":117,"column":4},"end":{"line":117,"column":24}},"8":{"start":{"line":19,"column":0},"end":{"line":19,"column":null}},"9":{"start":{"line":20,"column":4},"end":{"line":20,"column":null}},"10":{"start":{"line":21,"column":4},"end":{"line":21,"column":null}},"11":{"start":{"line":22,"column":4},"end":{"line":22,"column":null}},"12":{"start":{"line":23,"column":4},"end":{"line":23,"column":null}},"13":{"start":{"line":24,"column":4},"end":{"line":24,"column":null}},"14":{"start":{"line":118,"column":4},"end":{"line":118,"column":19}},"15":{"start":{"line":27,"column":0},"end":{"line":27,"column":null}},"16":{"start":{"line":28,"column":4},"end":{"line":28,"column":null}},"17":{"start":{"line":29,"column":4},"end":{"line":29,"column":null}},"18":{"start":{"line":30,"column":4},"end":{"line":30,"column":null}},"19":{"start":{"line":31,"column":4},"end":{"line":31,"column":null}},"20":{"start":{"line":119,"column":4},"end":{"line":119,"column":29}}},"fnMap":{"0":{"name":"(anonymous_0)","decl":{"start":{"line":9,"column":0},"end":{"line":9,"column":5}},"loc":{"start":{"line":9,"column":24},"end":{"line":12,"column":1}}},"1":{"name":"(anonymous_1)","decl":{"start":{"line":14,"column":0},"end":{"line":14,"column":5}},"loc":{"start":{"line":14,"column":25},"end":{"line":17,"column":1}}},"2":{"name":"(anonymous_2)","decl":{"start":{"line":19,"column":0},"end":{"line":19,"column":5}},"loc":{"start":{"line":19,"column":20},"end":{"line":25,"column":1}}},"3":{"name":"(anonymous_3)","decl":{"start":{"line":27,"column":0},"end":{"line":27,"column":5}},"loc":{"start":{"line":27,"column":30},"end":{"line":32,"column":1}}}},"branchMap":{"0":{"loc":{"start":{"line":9,"column":5},"end":{"line":9,"column":null}},"type":"binary-expr","locations":[{"start":{"line":9,"column":5},"end":{"line":9,"column":24}},{"start":{"line":9,"column":5},"end":{"line":9,"column":null}}]},"1":{"loc":{"start":{"line":14,"column":5},"end":{"line":14,"column":null}},"type":"binary-expr","locations":[{"start":{"line":14,"column":5},"end":{"line":14,"column":25}},{"start":{"line":14,"column":5},"end":{"line":14,"column":null}}]},"2":{"loc":{"start":{"line":19,"column":5},"end":{"line":19,"column":null}},"type":"binary-expr","locations":[{"start":{"line":19,"column":5},"end":{"line":19,"column":20}},{"start":{"line":19,"column":5},"end":{"line":19,"column":null}}]},"3":{"loc":{"start":{"line":27,"column":5},"end":{"line":27,"column":null}},"type":"binary-expr","locations":[{"start":{"line":27,"column":5},"end":{"line":27,"column":30}},{"start":{"line":27,"column":5},"end":{"line":27,"column":null}}]}},"s":{"0":49,"1":49,"2":49,"3":49,"4":49,"5":49,"6":49,"7":49,"8":49,"9":49,"10":49,"11":49,"12":49,"13":49,"14":49,"15":49,"16":49,"17":49,"18":49,"19":49,"20":49},"f":{"0":49,"1":49,"2":49,"3":49},"b":{"0":[49,49],"1":[49,49],"2":[49,49],"3":[49,49]}}
,"/Users/christopherstokes/Documents/Code/symbl-web-sdk/src/types/general/TimeUnit.ts": {"path":"/Users/christopherstokes/Documents/Code/symbl-web-sdk/src/types/general/TimeUnit.ts","statementMap":{"0":{"start":{"line":1,"column":0},"end":{"line":1,"column":null}},"1":{"start":{"line":2,"column":4},"end":{"line":2,"column":null}},"2":{"start":{"line":3,"column":4},"end":{"line":3,"column":null}},"3":{"start":{"line":4,"column":4},"end":{"line":4,"column":null}},"4":{"start":{"line":8,"column":4},"end":{"line":8,"column":12}}},"fnMap":{"0":{"name":"(anonymous_0)","decl":{"start":{"line":1,"column":0},"end":{"line":1,"column":5}},"loc":{"start":{"line":1,"column":13},"end":{"line":5,"column":1}}}},"branchMap":{"0":{"loc":{"start":{"line":1,"column":5},"end":{"line":1,"column":null}},"type":"binary-expr","locations":[{"start":{"line":1,"column":5},"end":{"line":1,"column":13}},{"start":{"line":1,"column":5},"end":{"line":1,"column":null}}]}},"s":{"0":49,"1":49,"2":49,"3":49,"4":49},"f":{"0":49},"b":{"0":[49,49]}}
,"/Users/christopherstokes/Documents/Code/symbl-web-sdk/src/utils/configs.ts": {"path":"/Users/christopherstokes/Documents/Code/symbl-web-sdk/src/utils/configs.ts","statementMap":{"0":{"start":{"line":1,"column":13},"end":{"line":8,"column":2}}},"fnMap":{},"branchMap":{},"s":{"0":40},"f":{},"b":{}}
,"/Users/christopherstokes/Documents/Code/symbl-web-sdk/src/utils/index.ts": {"path":"/Users/christopherstokes/Documents/Code/symbl-web-sdk/src/utils/index.ts","statementMap":{"0":{"start":{"line":1,"column":0},"end":{"line":1,"column":24}},"1":{"start":{"line":2,"column":13},"end":{"line":2,"column":23}}},"fnMap":{},"branchMap":{},"s":{"0":40,"1":40},"f":{},"b":{}}
,"/Users/christopherstokes/Documents/Code/symbl-web-sdk/tests/constants.ts": {"path":"/Users/christopherstokes/Documents/Code/symbl-web-sdk/tests/constants.ts","statementMap":{"0":{"start":{"line":1,"column":0},"end":{"line":1,"column":null}},"1":{"start":{"line":3,"column":13},"end":{"line":3,"column":null}},"2":{"start":{"line":4,"column":13},"end":{"line":4,"column":null}},"3":{"start":{"line":5,"column":13},"end":{"line":5,"column":null}},"4":{"start":{"line":6,"column":13},"end":{"line":6,"column":null}}},"fnMap":{},"branchMap":{},"s":{"0":39,"1":39,"2":39,"3":39,"4":39},"f":{},"b":{}}
}
