TN:
SF:src/api/index.ts
FNF:0
FNH:0
DA:1,39
DA:2,39
LF:2
LH:2
BRF:0
BRH:0
end_of_record
TN:
SF:src/api/streaming/StreamingAPIConnection.ts
FN:28,(anonymous_7)
FN:55,(anonymous_8)
FN:72,(anonymous_9)
FN:92,(anonymous_10)
FN:112,(anonymous_11)
FN:160,(anonymous_12)
FN:205,(anonymous_13)
FN:221,(anonymous_14)
FN:305,(anonymous_15)
FN:339,(anonymous_16)
FN:397,(anonymous_17)
FN:420,(anonymous_19)
FN:449,(anonymous_20)
FN:492,(anonymous_21)
FN:522,(anonymous_23)
FN:638,(anonymous_24)
FN:706,(anonymous_26)
FN:759,(anonymous_27)
FN:788,(anonymous_29)
FN:798,(anonymous_30)
FN:808,(anonymous_31)
FN:818,(anonymous_32)
FN:828,(anonymous_33)
FN:838,(anonymous_34)
FN:852,(anonymous_35)
FN:887,(anonymous_36)
FN:905,(anonymous_38)
FNF:27
FNH:26
FNDA:22,(anonymous_7)
FNDA:35,(anonymous_8)
FNDA:24,(anonymous_9)
FNDA:25,(anonymous_10)
FNDA:23,(anonymous_11)
FNDA:22,(anonymous_12)
FNDA:25,(anonymous_13)
FNDA:14,(anonymous_14)
FNDA:30,(anonymous_15)
FNDA:35,(anonymous_16)
FNDA:3,(anonymous_17)
FNDA:0,(anonymous_19)
FNDA:4,(anonymous_20)
FNDA:13,(anonymous_21)
FNDA:8,(anonymous_23)
FNDA:14,(anonymous_24)
FNDA:6,(anonymous_26)
FNDA:3,(anonymous_27)
FNDA:9,(anonymous_29)
FNDA:6,(anonymous_30)
FNDA:3,(anonymous_31)
FNDA:1,(anonymous_32)
FNDA:1,(anonymous_33)
FNDA:13,(anonymous_34)
FNDA:11,(anonymous_35)
FNDA:3,(anonymous_36)
FNDA:1,(anonymous_38)
DA:1,39
DA:2,39
DA:12,39
DA:18,39
DA:19,39
DA:20,39
DA:28,39
DA:30,22
DA:32,1
DA:36,21
DA:38,43
DA:40,1
DA:46,20
DA:55,39
DA:57,35
DA:59,1
DA:63,34
DA:72,39
DA:74,24
DA:77,24
DA:79,1
DA:83,23
DA:92,39
DA:94,25
DA:97,25
DA:99,1
DA:103,24
DA:112,39
DA:114,23
DA:116,23
DA:118,1
DA:122,22
DA:124,21
DA:126,1
DA:129,20
DA:131,1
DA:136,20
DA:138,14
DA:140,1
DA:143,13
DA:145,1
DA:151,18
DA:160,39
DA:166,22
DA:168,22
DA:170,1
DA:174,21
DA:176,6
DA:179,2
DA:185,19
DA:187,4
DA:190,2
DA:196,17
DA:205,39
DA:207,25
DA:209,24
DA:211,23
DA:212,18
DA:221,39
DA:223,14
DA:224,14
DA:226,1
DA:229,13
DA:231,1
DA:235,12
DA:248,39
DA:263,30
DA:268,30
DA:273,30
DA:278,30
DA:283,30
DA:298,30
DA:307,30
DA:308,30
DA:314,30
DA:316,30
DA:317,30
DA:318,30
DA:319,30
DA:320,30
DA:321,30
DA:341,35
DA:349,0
DA:359,35
DA:361,35
DA:363,34
DA:365,22
DA:369,32
DA:371,25
DA:375,25
DA:377,14
DA:381,23
DA:383,1
DA:387,22
DA:389,17
DA:400,3
DA:402,1
DA:406,2
DA:409,2
DA:410,2
DA:411,2
DA:412,2
DA:413,2
DA:414,1
DA:416,1
DA:418,1
DA:419,1
DA:422,0
DA:431,1
DA:432,1
DA:452,4
DA:454,1
DA:457,3
DA:459,1
DA:463,2
DA:466,2
DA:467,2
DA:469,1
DA:471,1
DA:472,1
DA:477,1
DA:478,1
DA:479,1
DA:495,13
DA:497,1
DA:502,12
DA:505,3
DA:511,9
DA:513,1
DA:517,9
DA:522,9
DA:525,8
DA:527,5
DA:531,8
DA:533,7
DA:539,8
DA:544,9
DA:545,9
DA:547,7
DA:549,7
DA:553,1
DA:557,6
DA:564,2
DA:566,1
DA:567,1
DA:571,1
DA:575,2
DA:577,2
DA:579,2
DA:585,8
DA:587,8
DA:590,8
DA:592,0
DA:593,0
DA:597,8
DA:604,8
DA:606,8
DA:608,8
DA:612,8
DA:614,8
DA:617,7
DA:618,7
DA:619,7
DA:620,7
DA:621,7
DA:623,5
DA:625,5
DA:630,8
DA:641,14
DA:643,1
DA:648,13
DA:651,2
DA:657,11
DA:659,11
DA:661,9
DA:663,1
DA:665,8
DA:667,6
DA:671,2
DA:677,11
DA:680,9
DA:683,9
DA:686,9
DA:688,1
DA:689,1
DA:690,1
DA:698,11
DA:708,6
DA:710,1
DA:714,5
DA:716,1
DA:720,4
DA:722,4
DA:724,1
DA:727,3
DA:729,1
DA:733,2
DA:735,1
DA:739,1
DA:746,1
DA:761,3
DA:763,2
DA:765,1
DA:766,1
DA:767,1
DA:769,1
DA:771,1
DA:772,1
DA:778,1
DA:790,9
DA:800,6
DA:810,3
DA:820,1
DA:831,1
DA:840,13
DA:842,12
DA:854,11
DA:874,11
DA:879,11
DA:890,3
DA:893,3
DA:897,3
DA:907,1
LF:223
LH:219
BRDA:30,0,0,1
BRDA:38,1,0,1
BRDA:57,2,0,1
BRDA:57,3,0,35
BRDA:57,3,1,29
BRDA:77,4,0,1
BRDA:77,5,0,24
BRDA:77,5,1,14
BRDA:97,6,0,1
BRDA:97,7,0,25
BRDA:97,7,1,15
BRDA:116,8,0,1
BRDA:116,9,0,23
BRDA:116,9,1,15
BRDA:122,10,0,21
BRDA:124,11,0,1
BRDA:129,12,0,1
BRDA:136,13,0,14
BRDA:138,14,0,1
BRDA:138,15,0,14
BRDA:138,15,1,13
BRDA:138,15,2,11
BRDA:138,16,0,0
BRDA:138,16,1,13
BRDA:138,17,0,13
BRDA:138,17,1,13
BRDA:143,18,0,1
BRDA:143,19,0,13
BRDA:143,19,1,3
BRDA:143,20,0,1
BRDA:143,20,1,12
BRDA:143,21,0,13
BRDA:143,21,1,13
BRDA:168,22,0,1
BRDA:168,23,0,22
BRDA:168,23,1,1
BRDA:174,24,0,6
BRDA:174,25,0,21
BRDA:174,25,1,6
BRDA:176,26,0,2
BRDA:176,27,0,6
BRDA:176,27,1,5
BRDA:176,27,2,5
BRDA:185,28,0,4
BRDA:187,29,0,2
BRDA:187,30,0,4
BRDA:187,30,1,3
BRDA:187,30,2,3
BRDA:224,31,0,1
BRDA:224,32,0,14
BRDA:224,32,1,13
BRDA:229,33,0,1
BRDA:229,34,0,13
BRDA:229,34,1,13
BRDA:341,35,0,0
BRDA:342,36,0,35
BRDA:342,36,1,35
BRDA:342,36,2,35
BRDA:342,36,3,35
BRDA:363,37,0,22
BRDA:369,38,0,25
BRDA:375,39,0,14
BRDA:381,40,0,1
BRDA:381,41,0,23
BRDA:381,41,1,8
BRDA:400,42,0,1
BRDA:400,42,1,2
BRDA:452,43,0,1
BRDA:452,43,1,3
BRDA:457,44,0,1
BRDA:457,44,1,2
BRDA:495,45,0,1
BRDA:502,46,0,3
BRDA:502,46,1,9
BRDA:502,47,0,12
BRDA:502,47,1,10
BRDA:511,48,0,1
BRDA:525,49,0,5
BRDA:531,50,0,7
BRDA:533,51,0,6
BRDA:533,51,1,1
BRDA:545,52,0,7
BRDA:545,52,1,2
BRDA:549,53,0,1
BRDA:549,54,0,7
BRDA:549,54,1,2
BRDA:549,54,2,1
BRDA:564,55,0,1
BRDA:564,55,1,1
BRDA:564,56,0,2
BRDA:564,56,1,2
BRDA:577,57,0,2
BRDA:587,58,0,8
BRDA:590,59,0,0
BRDA:606,60,0,8
BRDA:606,61,0,8
BRDA:606,61,1,8
BRDA:641,62,0,1
BRDA:648,63,0,2
BRDA:648,63,1,11
BRDA:648,64,0,13
BRDA:648,64,1,12
BRDA:659,65,0,9
BRDA:661,66,0,1
BRDA:661,66,1,8
BRDA:665,67,0,6
BRDA:665,67,1,2
BRDA:686,68,0,1
BRDA:708,69,0,1
BRDA:708,70,0,6
BRDA:708,70,1,6
BRDA:714,71,0,1
BRDA:722,72,0,1
BRDA:722,73,0,4
BRDA:722,73,1,4
BRDA:722,73,2,2
BRDA:722,74,0,0
BRDA:722,74,1,4
BRDA:722,75,0,4
BRDA:722,75,1,4
BRDA:727,76,0,1
BRDA:727,77,0,3
BRDA:727,77,1,2
BRDA:727,78,0,0
BRDA:727,78,1,3
BRDA:727,79,0,3
BRDA:727,79,1,3
BRDA:733,80,0,1
BRDA:761,81,0,2
BRDA:761,81,1,1
BRDA:763,82,0,1
BRDA:763,82,1,1
BRDA:763,83,0,2
BRDA:763,83,1,1
BRDA:769,84,0,1
BRDA:769,85,0,1
BRDA:769,85,1,1
BRDA:769,85,2,1
BRDA:840,86,0,12
BRDA:890,87,0,3
BRF:140
BRH:135
end_of_record
TN:
SF:src/api/streaming/index.ts
FNF:0
FNH:0
DA:1,39
LF:1
LH:1
BRF:0
BRH:0
end_of_record
TN:
SF:src/api/subscribe/SubscribeAPIConnection.ts
FN:39,(anonymous_7)
FN:51,(anonymous_8)
FN:81,(anonymous_10)
FN:111,(anonymous_11)
FN:147,(anonymous_12)
FN:158,(anonymous_13)
FNF:6
FNH:5
FNDA:5,(anonymous_7)
FNDA:3,(anonymous_8)
FNDA:0,(anonymous_10)
FNDA:5,(anonymous_11)
FNDA:1,(anonymous_12)
FNDA:3,(anonymous_13)
DA:1,39
DA:7,39
DA:8,39
DA:10,39
DA:27,5
DA:32,5
DA:37,5
DA:41,5
DA:44,5
DA:54,3
DA:56,1
DA:62,2
DA:64,2
DA:65,2
DA:66,1
DA:71,1
DA:76,1
DA:79,1
DA:80,1
DA:83,0
DA:92,1
DA:93,1
DA:94,1
DA:114,5
DA:116,1
DA:120,4
DA:122,1
DA:128,3
DA:129,3
DA:132,2
DA:136,2
DA:137,2
DA:149,1
DA:160,3
LF:34
LH:33
BRDA:54,0,0,1
BRDA:54,0,1,2
BRDA:114,1,0,1
BRDA:114,1,1,4
BRDA:120,2,0,1
BRDA:120,2,1,3
BRF:6
BRH:6
end_of_record
TN:
SF:src/api/subscribe/index.ts
FNF:0
FNH:0
DA:1,39
LF:1
LH:1
BRF:0
BRH:0
end_of_record
TN:
SF:src/audio/index.ts
FNF:0
FNH:0
DA:1,41
LF:1
LH:1
BRF:0
BRH:0
end_of_record
TN:
SF:src/audio/stream/AudioStream.ts
FN:65,(anonymous_8)
FN:101,(anonymous_9)
FN:125,(anonymous_11)
FN:140,(anonymous_13)
FN:147,(anonymous_14)
FN:172,(anonymous_15)
FN:181,(anonymous_16)
FN:198,(anonymous_18)
FN:208,(anonymous_20)
FN:267,(anonymous_22)
FN:350,(anonymous_24)
FN:360,(anonymous_26)
FN:369,(anonymous_28)
FN:385,(anonymous_29)
FN:399,(anonymous_30)
FN:409,(anonymous_31)
FN:421,(anonymous_32)
FN:436,(anonymous_34)
FN:446,(anonymous_36)
FN:457,(anonymous_38)
FN:498,(anonymous_40)
FN:498,(anonymous_41)
FN:506,(anonymous_42)
FN:512,(anonymous_43)
FN:535,(anonymous_44)
FN:557,(anonymous_45)
FN:572,(anonymous_46)
FN:589,(anonymous_48)
FN:598,(anonymous_49)
FN:609,(anonymous_50)
FN:619,(anonymous_51)
FNF:31
FNH:22
FNDA:70,(anonymous_8)
FNDA:13,(anonymous_9)
FNDA:18,(anonymous_11)
FNDA:15,(anonymous_13)
FNDA:15,(anonymous_14)
FNDA:9,(anonymous_15)
FNDA:13,(anonymous_16)
FNDA:22,(anonymous_18)
FNDA:2,(anonymous_20)
FNDA:2,(anonymous_22)
FNDA:5,(anonymous_24)
FNDA:0,(anonymous_26)
FNDA:9,(anonymous_28)
FNDA:0,(anonymous_29)
FNDA:1,(anonymous_30)
FNDA:0,(anonymous_31)
FNDA:2,(anonymous_32)
FNDA:0,(anonymous_34)
FNDA:0,(anonymous_36)
FNDA:17,(anonymous_38)
FNDA:0,(anonymous_40)
FNDA:0,(anonymous_41)
FNDA:0,(anonymous_42)
FNDA:0,(anonymous_43)
FNDA:14,(anonymous_44)
FNDA:1,(anonymous_45)
FNDA:4,(anonymous_46)
FNDA:14,(anonymous_48)
FNDA:1,(anonymous_49)
FNDA:1,(anonymous_50)
FNDA:2,(anonymous_51)
DA:1,48
DA:2,48
DA:3,48
DA:6,48
DA:7,48
DA:12,70
DA:49,70
DA:54,70
DA:67,70
DA:68,70
DA:70,24
DA:71,24
DA:73,13
DA:76,24
DA:80,70
DA:81,70
DA:82,70
DA:83,70
DA:84,70
DA:85,70
DA:86,70
DA:87,70
DA:88,70
DA:89,70
DA:103,13
DA:105,9
DA:106,9
DA:109,9
DA:113,4
DA:116,13
DA:127,18
DA:129,2
DA:133,16
DA:139,16
DA:140,16
DA:141,16
DA:143,1
DA:147,15
DA:150,15
DA:153,1
DA:155,1
DA:164,15
DA:174,9
DA:183,13
DA:185,1
DA:189,12
DA:200,22
DA:202,3
DA:210,2
DA:212,2
DA:216,2
DA:218,2
DA:222,2
DA:224,0
DA:228,2
DA:230,2
DA:235,2
DA:236,2
DA:237,2
DA:241,2
DA:247,2
DA:248,2
DA:253,2
DA:254,2
DA:255,2
DA:257,2
DA:269,2
DA:271,2
DA:273,0
DA:277,2
DA:279,0
DA:283,2
DA:288,0
DA:292,2
DA:294,0
DA:297,2
DA:299,0
DA:303,2
DA:305,2
DA:306,2
DA:308,0
DA:310,2
DA:313,0
DA:322,2
DA:324,2
DA:326,0
DA:330,2
DA:332,2
DA:352,5
DA:362,0
DA:371,9
DA:373,6
DA:374,6
DA:377,9
DA:379,3
DA:380,3
DA:384,9
DA:387,0
DA:401,1
DA:411,0
DA:423,2
DA:424,2
DA:428,2
DA:438,0
DA:448,0
DA:459,17
DA:461,17
DA:463,6
DA:468,17
DA:470,4
DA:476,13
DA:480,15
DA:482,9
DA:488,15
DA:489,15
DA:494,15
DA:495,15
DA:496,15
DA:498,15
DA:500,0
DA:502,0
DA:503,0
DA:504,0
DA:506,0
DA:507,0
DA:509,0
DA:510,0
DA:511,0
DA:514,0
DA:537,14
DA:539,10
DA:540,10
DA:543,14
DA:545,3
DA:546,3
DA:549,14
DA:551,1
DA:552,1
DA:556,14
DA:559,1
DA:575,4
DA:578,4
DA:591,14
DA:600,1
DA:611,1
DA:621,2
DA:623,2
LF:147
LH:123
BRDA:6,0,0,48
BRDA:6,0,1,0
BRDA:68,1,0,24
BRDA:71,2,0,13
BRDA:71,3,0,24
BRDA:71,3,1,23
BRDA:71,4,0,11
BRDA:71,4,1,13
BRDA:71,5,0,24
BRDA:71,5,1,24
BRDA:71,6,0,11
BRDA:71,6,1,12
BRDA:71,7,0,23
BRDA:71,7,1,23
BRDA:103,8,0,9
BRDA:103,8,1,4
BRDA:125,9,0,4
BRDA:127,10,0,2
BRDA:141,11,0,1
BRDA:150,12,0,1
BRDA:183,13,0,1
BRDA:183,13,1,12
BRDA:183,14,0,13
BRDA:183,14,1,13
BRDA:200,15,0,3
BRDA:200,16,0,22
BRDA:200,16,1,22
BRDA:210,17,0,2
BRDA:210,17,1,0
BRDA:212,18,0,0
BRDA:212,18,1,2
BRDA:216,19,0,2
BRDA:222,20,0,0
BRDA:222,21,0,2
BRDA:222,21,1,2
BRDA:222,21,2,2
BRDA:228,22,0,2
BRDA:230,23,0,2
BRDA:271,24,0,0
BRDA:277,25,0,0
BRDA:277,26,0,2
BRDA:277,26,1,2
BRDA:277,26,2,0
BRDA:283,27,0,0
BRDA:292,28,0,0
BRDA:292,29,0,2
BRDA:292,29,1,0
BRDA:292,29,2,0
BRDA:297,30,0,0
BRDA:297,31,0,2
BRDA:297,31,1,0
BRDA:303,32,0,2
BRDA:306,33,0,0
BRDA:306,33,1,2
BRDA:306,34,0,2
BRDA:306,34,1,0
BRDA:310,35,0,0
BRDA:310,36,0,2
BRDA:310,36,1,0
BRDA:324,37,0,0
BRDA:371,38,0,6
BRDA:377,39,0,3
BRDA:457,40,0,9
BRDA:461,41,0,6
BRDA:468,42,0,4
BRDA:468,42,1,13
BRDA:480,43,0,9
BRDA:480,44,0,15
BRDA:480,44,1,6
BRDA:480,44,2,6
BRDA:500,45,0,0
BRDA:503,46,0,0
BRDA:503,46,1,0
BRDA:503,47,0,0
BRDA:503,47,1,0
BRDA:504,48,0,0
BRDA:504,49,0,0
BRDA:504,49,1,0
BRDA:504,50,0,0
BRDA:504,50,1,0
BRDA:506,51,0,0
BRDA:506,51,1,0
BRDA:506,51,2,0
BRDA:507,52,0,0
BRDA:507,53,0,0
BRDA:507,53,1,0
BRDA:537,54,0,10
BRDA:543,55,0,3
BRDA:549,56,0,1
BRDA:621,57,0,2
BRF:90
BRH:56
end_of_record
TN:
SF:src/audio/stream/AudioStreamFactory.ts
FN:21,(anonymous_0)
FNF:1
FNH:1
FNDA:5,(anonymous_0)
DA:1,48
DA:6,48
DA:9,48
DA:14,48
DA:24,5
DA:27,1
DA:28,1
DA:30,3
DA:31,3
DA:34,1
DA:38,4
LF:11
LH:11
BRDA:24,0,0,1
BRDA:24,0,1,3
BRDA:24,0,2,1
BRF:3
BRH:3
end_of_record
TN:
SF:src/audio/stream/LINEAR16AudioStream.ts
FN:5,(anonymous_7)
FN:13,(anonymous_8)
FN:62,(anonymous_9)
FN:97,(anonymous_10)
FN:109,(anonymous_13)
FN:123,(anonymous_14)
FN:133,(anonymous_15)
FN:148,(anonymous_18)
FN:160,(anonymous_21)
FN:174,(anonymous_22)
FN:184,(anonymous_23)
FN:200,(anonymous_26)
FN:213,(anonymous_29)
FN:226,(anonymous_30)
FN:237,(anonymous_31)
FNF:15
FNH:8
FNDA:48,(anonymous_7)
FNDA:0,(anonymous_8)
FNDA:15,(anonymous_9)
FNDA:0,(anonymous_10)
FNDA:0,(anonymous_13)
FNDA:3,(anonymous_14)
FNDA:1,(anonymous_15)
FNDA:0,(anonymous_18)
FNDA:0,(anonymous_21)
FNDA:0,(anonymous_22)
FNDA:0,(anonymous_23)
FNDA:13,(anonymous_26)
FNDA:5,(anonymous_29)
FNDA:12,(anonymous_30)
FNDA:2,(anonymous_31)
DA:1,48
DA:2,48
DA:3,48
DA:5,48
DA:7,48
DA:20,0
DA:21,0
DA:22,0
DA:24,0
DA:32,0
DA:34,0
DA:36,0
DA:37,0
DA:40,0
DA:42,0
DA:43,0
DA:46,0
DA:49,0
DA:64,15
DA:66,5
DA:67,4
DA:68,4
DA:70,4
DA:71,4
DA:72,4
DA:76,0
DA:82,4
DA:83,4
DA:87,10
DA:99,0
DA:103,0
DA:104,0
DA:108,0
DA:111,0
DA:116,0
DA:125,3
DA:135,1
DA:139,1
DA:140,0
DA:150,0
DA:154,0
DA:155,0
DA:159,0
DA:162,0
DA:167,0
DA:176,0
DA:186,0
DA:190,0
DA:191,0
DA:202,13
DA:206,12
DA:207,12
DA:212,12
DA:215,5
DA:228,12
DA:239,2
LF:56
LH:25
BRDA:34,0,0,0
BRDA:64,1,0,5
BRDA:64,1,1,10
BRDA:68,2,0,4
BRDA:68,2,1,0
BRF:5
BRH:3
end_of_record
TN:
SF:src/audio/stream/OpusAudioStream.ts
FN:33,(anonymous_7)
FN:57,(anonymous_8)
FN:67,(anonymous_9)
FN:116,(anonymous_11)
FN:130,(anonymous_14)
FN:145,(anonymous_15)
FN:156,(anonymous_16)
FN:171,(anonymous_19)
FN:185,(anonymous_22)
FN:200,(anonymous_23)
FN:211,(anonymous_24)
FN:227,(anonymous_27)
FN:241,(anonymous_30)
FN:254,(anonymous_31)
FN:267,(anonymous_32)
FN:280,(anonymous_35)
FN:289,(anonymous_36)
FN:295,(anonymous_38)
FNF:18
FNH:9
FNDA:15,(anonymous_7)
FNDA:0,(anonymous_8)
FNDA:6,(anonymous_9)
FNDA:0,(anonymous_11)
FNDA:0,(anonymous_14)
FNDA:2,(anonymous_15)
FNDA:1,(anonymous_16)
FNDA:0,(anonymous_19)
FNDA:0,(anonymous_22)
FNDA:0,(anonymous_23)
FNDA:0,(anonymous_24)
FNDA:4,(anonymous_27)
FNDA:0,(anonymous_30)
FNDA:2,(anonymous_31)
FNDA:2,(anonymous_32)
FNDA:1,(anonymous_35)
FNDA:4,(anonymous_36)
FNDA:0,(anonymous_38)
DA:1,48
DA:2,48
DA:3,48
DA:4,48
DA:6,48
DA:8,15
DA:18,15
DA:35,15
DA:37,15
DA:39,7
DA:45,15
DA:46,15
DA:47,15
DA:48,15
DA:49,15
DA:59,0
DA:69,6
DA:71,2
DA:75,6
DA:77,6
DA:82,6
DA:84,5
DA:86,1
DA:88,0
DA:92,6
DA:94,1
DA:98,5
DA:102,6
DA:106,6
DA:108,5
DA:118,0
DA:122,0
DA:124,0
DA:129,0
DA:132,0
DA:138,0
DA:147,2
DA:158,1
DA:162,1
DA:163,1
DA:173,0
DA:177,0
DA:179,0
DA:184,0
DA:187,0
DA:193,0
DA:202,0
DA:213,0
DA:217,0
DA:218,0
DA:229,4
DA:233,3
DA:235,3
DA:240,3
DA:243,0
DA:256,2
DA:257,2
DA:269,2
DA:282,1
DA:291,4
DA:293,3
DA:295,3
DA:296,3
DA:297,3
LF:64
LH:45
BRDA:37,0,0,7
BRDA:69,1,0,2
BRDA:69,2,0,6
BRDA:69,2,1,5
BRDA:75,3,0,6
BRDA:77,4,0,3
BRDA:77,4,1,3
BRDA:82,5,0,5
BRDA:82,5,1,1
BRDA:86,6,0,0
BRDA:86,7,0,1
BRDA:86,7,1,0
BRDA:92,8,0,1
BRDA:92,8,1,5
BRDA:291,9,0,3
BRF:15
BRH:13
end_of_record
TN:
SF:src/audio/stream/index.ts
FNF:0
FNH:0
DA:1,48
DA:2,48
DA:3,48
DA:4,48
LF:4
LH:4
BRF:0
BRH:0
end_of_record
TN:
SF:src/connection/BaseConnection.ts
FN:34,(anonymous_8)
FN:54,(anonymous_9)
FN:62,(anonymous_10)
FN:145,(anonymous_11)
FN:154,(anonymous_13)
FN:164,(anonymous_14)
FN:174,(anonymous_15)
FN:184,(anonymous_17)
FN:194,(anonymous_19)
FN:204,(anonymous_20)
FN:214,(anonymous_22)
FN:224,(anonymous_23)
FN:234,(anonymous_24)
FN:244,(anonymous_25)
FN:254,(anonymous_26)
FNF:15
FNH:15
FNDA:37,(anonymous_8)
FNDA:7,(anonymous_9)
FNDA:5,(anonymous_10)
FNDA:1,(anonymous_11)
FNDA:1,(anonymous_13)
FNDA:1,(anonymous_14)
FNDA:1,(anonymous_15)
FNDA:1,(anonymous_17)
FNDA:1,(anonymous_19)
FNDA:1,(anonymous_20)
FNDA:1,(anonymous_22)
FNDA:1,(anonymous_23)
FNDA:1,(anonymous_24)
FNDA:1,(anonymous_25)
FNDA:1,(anonymous_26)
DA:1,39
DA:12,39
DA:13,39
DA:14,39
DA:17,39
DA:27,37
DA:32,37
DA:36,37
DA:38,37
DA:41,37
DA:42,37
DA:43,37
DA:44,37
DA:45,37
DA:46,37
DA:56,7
DA:58,2
DA:62,5
DA:64,5
DA:69,5
DA:93,5
DA:94,5
DA:96,2
DA:99,5
DA:102,5
DA:104,5
DA:106,2
DA:113,3
DA:115,1
DA:117,1
DA:126,2
DA:147,1
DA:156,1
DA:166,1
DA:176,1
DA:186,1
DA:196,1
DA:206,1
DA:216,1
DA:226,1
DA:236,1
DA:246,1
DA:256,1
LF:43
LH:43
BRDA:56,0,0,2
BRDA:76,1,0,2
BRDA:76,1,1,3
BRDA:93,2,0,5
BRDA:93,2,1,2
BRDA:94,3,0,2
BRDA:104,4,0,2
BRDA:104,4,1,3
BRDA:108,5,0,2
BRDA:108,5,1,0
BRDA:113,6,0,1
BRDA:113,6,1,2
BRDA:113,7,0,3
BRDA:113,7,1,3
BRF:14
BRH:13
end_of_record
TN:
SF:src/connection/ConnectionFactory.ts
FN:28,(anonymous_0)
FNF:1
FNH:1
FNDA:7,(anonymous_0)
DA:1,39
DA:11,39
DA:14,39
DA:19,39
DA:30,7
DA:32,2
DA:38,5
DA:41,2
DA:47,2
DA:50,2
DA:52,1
DA:56,1
DA:59,1
DA:63,1
LF:14
LH:14
BRDA:30,0,0,2
BRDA:38,1,0,2
BRDA:38,1,1,2
BRDA:38,1,2,1
BRDA:50,2,0,1
BRF:5
BRH:5
end_of_record
TN:
SF:src/connection/index.ts
FNF:0
FNH:0
DA:1,39
DA:2,39
LF:2
LH:2
BRF:0
BRH:0
end_of_record
TN:
SF:src/constants/index.ts
FNF:0
FNH:0
DA:3,43
LF:1
LH:1
BRF:0
BRH:0
end_of_record
TN:
SF:src/error/index.ts
FNF:0
FNH:0
DA:1,49
DA:2,49
DA:3,49
DA:4,49
LF:4
LH:4
BRF:0
BRH:0
end_of_record
TN:
SF:src/error/audio/InvalidAudioElementError.ts
FN:5,(anonymous_0)
FNF:1
FNH:1
FNDA:2,(anonymous_0)
DA:1,49
DA:3,49
DA:7,2
LF:3
LH:3
BRF:0
BRH:0
end_of_record
TN:
SF:src/error/audio/InvalidAudioInputDeviceError.ts
FN:5,(anonymous_0)
FNF:1
FNH:1
FNDA:4,(anonymous_0)
DA:1,49
DA:3,49
DA:7,4
LF:3
LH:3
BRF:0
BRH:0
end_of_record
TN:
SF:src/error/audio/NoAudioInputDeviceDetectedError.ts
FN:5,(anonymous_0)
FNF:1
FNH:1
FNDA:2,(anonymous_0)
DA:1,49
DA:3,49
DA:7,2
LF:3
LH:3
BRF:0
BRH:0
end_of_record
TN:
SF:src/error/audio/index.ts
FNF:0
FNH:0
DA:1,49
DA:2,49
DA:3,49
LF:3
LH:3
BRF:0
BRH:0
end_of_record
TN:
SF:src/error/config/InvalidValueError.ts
FN:5,(anonymous_0)
FNF:1
FNH:1
FNDA:56,(anonymous_0)
DA:1,49
DA:3,49
DA:7,56
LF:3
LH:3
BRF:0
BRH:0
end_of_record
TN:
SF:src/error/config/NotSupportedAudioEncodingError.ts
FN:5,(anonymous_0)
FNF:1
FNH:1
FNDA:2,(anonymous_0)
DA:1,49
DA:3,49
DA:7,2
LF:3
LH:3
BRF:0
BRH:0
end_of_record
TN:
SF:src/error/config/NotSupportedSampleRateError.ts
FN:5,(anonymous_0)
FNF:1
FNH:1
FNDA:8,(anonymous_0)
DA:1,49
DA:3,49
DA:7,8
LF:3
LH:3
BRF:0
BRH:0
end_of_record
TN:
SF:src/error/config/RequiredParameterAbsentError.ts
FN:5,(anonymous_0)
FNF:1
FNH:1
FNDA:2,(anonymous_0)
DA:1,49
DA:3,49
DA:7,2
LF:3
LH:3
BRF:0
BRH:0
end_of_record
TN:
SF:src/error/config/SessionIDNotUniqueError.ts
FN:5,(anonymous_0)
FNF:1
FNH:1
FNDA:2,(anonymous_0)
DA:1,49
DA:3,49
DA:7,2
LF:3
LH:3
BRF:0
BRH:0
end_of_record
TN:
SF:src/error/config/index.ts
FNF:0
FNH:0
DA:1,49
DA:2,49
DA:3,49
DA:4,49
DA:5,49
LF:5
LH:5
BRF:0
BRH:0
end_of_record
TN:
SF:src/error/network/NoConnectionError.ts
FN:5,(anonymous_0)
FNF:1
FNH:1
FNDA:4,(anonymous_0)
DA:1,49
DA:3,49
DA:7,4
LF:3
LH:3
BRF:0
BRH:0
end_of_record
TN:
SF:src/error/network/index.ts
FNF:0
FNH:0
DA:1,49
DA:2,49
LF:2
LH:2
BRF:0
BRH:0
end_of_record
TN:
SF:src/error/symbl/AccessTokenExpiredError.ts
FN:5,(anonymous_1)
FNF:1
FNH:1
FNDA:4,(anonymous_1)
DA:1,49
DA:3,49
DA:7,4
LF:3
LH:3
BRF:0
BRH:0
end_of_record
TN:
SF:src/error/symbl/InvalidCredentialsError.ts
FN:5,(anonymous_1)
FNF:1
FNH:1
FNDA:41,(anonymous_1)
DA:1,49
DA:3,49
DA:7,41
LF:3
LH:3
BRF:0
BRH:0
end_of_record
TN:
SF:src/error/symbl/SymblError.ts
FN:9,(anonymous_1)
FNF:1
FNH:1
FNDA:127,(anonymous_1)
DA:1,49
DA:2,49
DA:5,49
DA:7,127
DA:11,127
DA:12,127
DA:13,127
DA:14,127
DA:15,127
DA:16,127
LF:10
LH:10
BRF:0
BRH:0
end_of_record
TN:
SF:src/error/symbl/index.ts
FNF:0
FNH:0
DA:1,49
DA:2,49
DA:3,49
DA:8,49
DA:9,49
DA:10,49
LF:6
LH:6
BRF:0
BRH:0
end_of_record
TN:
SF:src/events/SymblEvent.ts
FN:15,(anonymous_0)
FN:30,(anonymous_1)
FN:39,(anonymous_2)
FN:53,(anonymous_3)
FN:67,(anonymous_4)
FN:81,(anonymous_5)
FN:85,(anonymous_6)
FN:97,(anonymous_7)
FN:101,(anonymous_8)
FNF:9
FNH:7
FNDA:155,(anonymous_0)
FNDA:148,(anonymous_1)
FNDA:12,(anonymous_2)
FNDA:12,(anonymous_3)
FNDA:1,(anonymous_4)
FNDA:12,(anonymous_5)
FNDA:0,(anonymous_6)
FNDA:1,(anonymous_7)
FNDA:0,(anonymous_8)
DA:7,50
DA:17,155
DA:21,155
DA:30,50
DA:32,148
DA:41,12
DA:55,12
DA:69,1
DA:83,12
DA:85,0
DA:99,1
DA:101,0
DA:110,50
LF:13
LH:11
BRDA:85,0,0,0
BRDA:85,0,1,0
BRDA:101,1,0,0
BRDA:101,1,1,0
BRF:4
BRH:0
end_of_record
TN:
SF:src/events/index.ts
FNF:0
FNH:0
DA:1,50
LF:1
LH:1
BRF:0
BRH:0
end_of_record
TN:
SF:src/symbl/index.ts
FN:48,(anonymous_8)
FN:96,(anonymous_9)
FN:130,(anonymous_10)
FN:212,(anonymous_11)
FN:256,(anonymous_13)
FN:303,(anonymous_15)
FN:339,(anonymous_17)
FN:368,(anonymous_19)
FN:403,(anonymous_20)
FN:407,(anonymous_21)
FNF:10
FNH:9
FNDA:95,(anonymous_8)
FNDA:70,(anonymous_9)
FNDA:97,(anonymous_10)
FNDA:16,(anonymous_11)
FNDA:11,(anonymous_13)
FNDA:6,(anonymous_15)
FNDA:2,(anonymous_17)
FNDA:6,(anonymous_19)
FNDA:3,(anonymous_20)
FNDA:0,(anonymous_21)
DA:1,40
DA:10,40
DA:18,40
DA:19,40
DA:20,40
DA:21,40
DA:22,40
DA:23,40
DA:24,40
DA:27,40
DA:32,95
DA:50,95
DA:51,95
DA:53,70
DA:57,88
DA:59,88
DA:60,88
DA:61,88
DA:62,88
DA:63,88
DA:64,88
DA:66,88
DA:68,63
DA:69,63
DA:71,62
DA:72,62
DA:74,1
DA:76,1
DA:79,63
DA:81,2
DA:82,2
DA:86,63
DA:98,70
DA:100,70
DA:102,70
DA:104,1
DA:105,1
DA:109,69
DA:110,69
DA:114,69
DA:116,2
DA:132,97
DA:134,3
DA:138,94
DA:140,94
DA:142,1
DA:146,93
DA:148,1
DA:152,92
DA:154,2
DA:158,90
DA:160,2
DA:164,88
DA:166,4
DA:170,84
DA:174,3
DA:178,81
DA:180,4
DA:184,77
DA:188,2
DA:192,75
DA:194,6
DA:195,6
DA:196,6
DA:198,2
DA:204,73
DA:214,16
DA:216,1
DA:219,16
DA:220,7
DA:222,6
DA:224,6
DA:226,6
DA:228,1
DA:232,5
DA:233,5
DA:237,6
DA:240,6
DA:244,0
DA:258,11
DA:260,7
DA:262,1
DA:267,6
DA:271,6
DA:273,6
DA:275,1
DA:281,4
DA:285,9
DA:292,9
DA:293,9
DA:305,6
DA:307,1
DA:311,6
DA:313,1
DA:318,5
DA:326,5
DA:329,5
DA:342,2
DA:344,1
DA:349,1
DA:355,1
DA:358,1
DA:370,6
DA:372,1
DA:379,5
DA:383,1
DA:384,1
DA:386,1
DA:387,1
DA:389,2
DA:390,2
DA:392,1
DA:397,4
DA:400,1
DA:403,3
DA:406,3
DA:409,0
LF:117
LH:115
BRDA:51,0,0,70
BRDA:66,1,0,63
BRDA:69,2,0,62
BRDA:69,2,1,1
BRDA:69,3,0,63
BRDA:69,3,1,62
BRDA:74,4,0,1
BRDA:79,5,0,2
BRDA:98,6,0,70
BRDA:102,7,0,1
BRDA:102,7,1,69
BRDA:114,8,0,2
BRDA:132,9,0,3
BRDA:140,10,0,1
BRDA:140,11,0,94
BRDA:140,11,1,2
BRDA:146,12,0,1
BRDA:146,13,0,93
BRDA:146,13,1,3
BRDA:152,14,0,2
BRDA:152,15,0,92
BRDA:152,15,1,12
BRDA:152,15,2,8
BRDA:158,16,0,2
BRDA:158,17,0,90
BRDA:158,17,1,8
BRDA:158,17,2,6
BRDA:164,18,0,4
BRDA:164,19,0,88
BRDA:164,19,1,10
BRDA:170,20,0,3
BRDA:170,21,0,84
BRDA:170,21,1,78
BRDA:170,21,2,75
BRDA:178,22,0,4
BRDA:178,23,0,81
BRDA:178,23,1,75
BRDA:178,23,2,4
BRDA:184,24,0,2
BRDA:184,25,0,77
BRDA:184,25,1,71
BRDA:184,25,2,69
BRDA:192,26,0,6
BRDA:196,27,0,2
BRDA:214,28,0,1
BRDA:214,29,0,16
BRDA:214,29,1,3
BRDA:226,30,0,1
BRDA:226,30,1,5
BRDA:237,31,0,6
BRDA:237,31,1,6
BRDA:258,32,0,7
BRDA:258,32,1,4
BRDA:260,33,0,1
BRDA:273,34,0,1
BRDA:305,35,0,1
BRDA:311,36,0,1
BRDA:311,37,0,6
BRDA:311,37,1,1
BRDA:319,38,0,5
BRDA:319,38,1,0
BRDA:342,39,0,1
BRDA:368,40,0,0
BRDA:370,41,0,1
BRDA:379,42,0,1
BRDA:379,42,1,1
BRDA:379,42,2,2
BRDA:379,42,3,1
BRDA:397,43,0,1
BRF:69
BRH:67
end_of_record
TN:
SF:src/types/index.ts
FNF:0
FNH:0
DA:1,49
DA:2,49
DA:3,49
DA:4,49
DA:5,49
DA:6,49
DA:7,49
DA:8,49
LF:8
LH:8
BRF:0
BRH:0
end_of_record
TN:
SF:src/types/connection/index.ts
FN:9,(anonymous_0)
FN:14,(anonymous_1)
FN:19,(anonymous_2)
FN:27,(anonymous_3)
FNF:4
FNH:4
FNDA:49,(anonymous_0)
FNDA:49,(anonymous_1)
FNDA:49,(anonymous_2)
FNDA:49,(anonymous_3)
DA:9,49
DA:10,49
DA:11,49
DA:14,49
DA:15,49
DA:16,49
DA:19,49
DA:20,49
DA:21,49
DA:22,49
DA:23,49
DA:24,49
DA:27,49
DA:28,49
DA:29,49
DA:30,49
DA:31,49
DA:116,49
DA:117,49
DA:118,49
DA:119,49
LF:21
LH:21
BRDA:9,0,0,49
BRDA:9,0,1,49
BRDA:14,1,0,49
BRDA:14,1,1,49
BRDA:19,2,0,49
BRDA:19,2,1,49
BRDA:27,3,0,49
BRDA:27,3,1,49
BRF:8
BRH:8
end_of_record
TN:
SF:src/types/general/TimeUnit.ts
FN:1,(anonymous_0)
FNF:1
FNH:1
FNDA:49,(anonymous_0)
DA:1,49
DA:2,49
DA:3,49
DA:4,49
DA:8,49
LF:5
LH:5
BRDA:1,0,0,49
BRDA:1,0,1,49
BRF:2
BRH:2
end_of_record
TN:
SF:src/utils/configs.ts
FNF:0
FNH:0
DA:1,40
LF:1
LH:1
BRF:0
BRH:0
end_of_record
TN:
SF:src/utils/index.ts
FNF:0
FNH:0
DA:1,40
DA:2,40
LF:2
LH:2
BRF:0
BRH:0
end_of_record
TN:
SF:tests/constants.ts
FNF:0
FNH:0
DA:1,39
DA:3,39
DA:4,39
DA:5,39
DA:6,39
LF:5
LH:5
BRF:0
BRH:0
end_of_record
